Iteration	Posterior	Likelihood	Prior	alpha_morpho	br_len_lambda	rates_morpho[1]	rates_morpho[2]	rates_morpho[3]	rates_morpho[4]	tree_length
0	-920.8476	-843.1551	-77.69251	188114	3.270271	0.997071	0.99925	1.00075	1.00293	16.14189
10	-652.6073	-606.6052	-46.00204	479222.8	6.418249	0.998164	0.99953	1.00047	1.00184	8.54691
20	-561.2626	-534.6944	-26.56828	363141.6	10.88576	0.997891	0.99946	1.00054	1.00211	5.64708
30	-545.4432	-519.3061	-26.13714	727130.5	9.363549	0.99851	0.999619	1.00038	1.00149	5.731146
40	-527.1098	-503.7919	-23.31791	721234.9	11.2451	0.998504	0.999617	1.00038	1.0015	5.31848
50	-523.401	-510.5932	-12.80776	743136.7	12.87779	0.998526	0.999623	1.00038	1.00147	4.339588
60	-509.7888	-491.5108	-18.27808	697134.4	9.107082	0.998478	0.999611	1.00039	1.00152	4.879688
70	-508.933	-489.0337	-19.89924	901166.7	8.185752	0.998661	0.999658	1.00034	1.00134	4.984958
80	-513.9846	-488.5735	-25.41113	720958.6	8.507007	0.998503	0.999617	1.00038	1.0015	5.667859
90	-516.8048	-499.2617	-17.54311	269802.7	8.095143	0.997554	0.999374	1.00062	1.00245	4.681813
100	-523.9475	-497.3712	-26.57628	679823.2	10.35508	0.998459	0.999606	1.00039	1.00154	5.701356
110	-534.5194	-505.7337	-28.78568	429432.5	9.215903	0.998061	0.999504	1.00049	1.00194	6.0256
120	-524.2713	-501.0074	-23.26386	277563.3	7.589164	0.997588	0.999383	1.00062	1.00241	5.327361
130	-528.1976	-504.765	-23.43264	416734.6	7.547295	0.998032	0.999496	1.0005	1.00197	5.343002
140	-512.1664	-489.2533	-22.91309	497462.8	11.27726	0.998198	0.999539	1.00046	1.0018	5.27976
150	-505.876	-491.2203	-14.65575	765794.4	10.85066	0.998548	0.999629	1.00037	1.00145	4.552952
160	-508.6611	-492.8404	-15.82076	600826.8	11.64994	0.998361	0.999581	1.00042	1.00164	4.638008
170	-508.4782	-494.5388	-13.93935	456000.6	13.06908	0.998118	0.999519	1.00048	1.00188	4.417268
180	-508.0063	-498.445	-9.561327	678392.8	10.89676	0.998457	0.999605	1.00039	1.00154	4.085169
190	-506.0957	-495.6292	-10.46654	677584.6	10.13064	0.998456	0.999605	1.00039	1.00154	4.131584
200	-512.493	-497.9396	-14.55333	222734	9.606333	0.997308	0.999311	1.00069	1.00269	4.511295
210	-509.0359	-503.3567	-5.679215	673433.3	11.85666	0.998451	0.999604	1.0004	1.00155	3.773968
220	-520.7067	-513.6761	-7.030626	608276.5	11.64845	0.998371	0.999583	1.00042	1.00163	3.883448
230	-510.2199	-507.5748	-2.645053	715373	11.69417	0.998498	0.999616	1.00038	1.0015	3.509545
240	-509.551	-494.3814	-15.16963	332593.8	9.651427	0.997797	0.999436	1.00056	1.0022	4.577885
250	-505.897	-490.0673	-15.82975	490911.9	11.13218	0.998186	0.999536	1.00046	1.00181	4.655561
260	-506.5662	-488.6389	-17.92729	607172.9	8.739949	0.998369	0.999583	1.00042	1.00163	4.812821
270	-512.7089	-497.4716	-15.23735	930226.1	9.362249	0.998682	0.999663	1.00034	1.00132	4.566985
280	-516.2213	-490.1498	-26.07144	827236	7.927005	0.998603	0.999643	1.00036	1.0014	5.726181
290	-522.0248	-501.7407	-20.28415	543677.1	10.15485	0.998277	0.999559	1.00044	1.00172	5.100036
300	-518.4515	-498.3211	-20.13046	871172	7.48298	0.998638	0.999652	1.00035	1.00136	4.891025
310	-521.0569	-493.3788	-27.67806	314255	8.422783	0.997733	0.99942	1.00058	1.00227	5.935431
320	-505.8531	-495.3052	-10.5479	48628.13	11.62274	0.994242	0.998522	1.00147	1.00577	4.185406
330	-511.676	-488.0117	-23.6643	240743.5	9.554151	0.997411	0.999337	1.00066	1.00259	5.461566
340	-510.5446	-495.6059	-14.93861	662251.9	12.33801	0.998438	0.999601	1.0004	1.00156	4.533902
350	-509.4869	-499.7375	-9.749449	227286.6	10.70142	0.997335	0.999318	1.00068	1.00267	4.094761
360	-523.8511	-503.8952	-19.95596	262808.5	9.260845	0.997522	0.999366	1.00063	1.00248	5.068732
370	-523.1882	-504.7104	-18.47785	490675.7	11.6219	0.998186	0.999536	1.00046	1.00182	4.867733
380	-526.0169	-515.7794	-10.23754	634181.5	11.8567	0.998404	0.999592	1.00041	1.0016	4.15842
390	-516.8495	-511.3867	-5.462783	377283.8	12.67054	0.997931	0.999471	1.00053	1.00207	3.768847
400	-509.8112	-496.2245	-13.58667	375847.7	12.57985	0.997927	0.99947	1.00053	1.00207	4.414123
410	-516.1852	-501.0412	-15.14405	22489.66	10.12536	0.991537	0.997822	1.00215	1.00849	4.593177
420	-516.7778	-493.2712	-23.50662	924745.5	9.368857	0.998678	0.999662	1.00034	1.00132	5.450098
430	-512.7579	-494.5229	-18.235	371113.4	9.576413	0.997914	0.999466	1.00053	1.00209	4.893854
440	-513.8327	-491.6536	-22.17912	795796.1	9.907502	0.998575	0.999636	1.00036	1.00143	5.296685
450	-513.6993	-495.8464	-17.85292	908193.8	11.7718	0.998667	0.999659	1.00034	1.00133	4.805637
460	-526.3525	-498.2755	-28.077	251937.4	10.09627	0.997469	0.999352	1.00065	1.00253	5.873416
470	-537.4382	-501.7257	-35.71246	250084.3	7.64735	0.997459	0.99935	1.00065	1.00254	6.964072
480	-518.8074	-506.2651	-12.54235	683523.5	13.42522	0.998463	0.999607	1.00039	1.00154	4.29286
490	-515.5444	-496.166	-19.37845	632575.5	8.09085	0.998402	0.999591	1.00041	1.0016	4.907901
500	-517.4196	-494.8704	-22.54922	915553.6	9.328068	0.998672	0.99966	1.00034	1.00133	5.348312
510	-511.7926	-502.1075	-9.685113	437305	13.40845	0.998078	0.999508	1.00049	1.00192	4.080632
520	-510.5942	-491.469	-19.12525	806088.6	9.104198	0.998585	0.999638	1.00036	1.00142	4.972576
530	-515.1427	-495.4669	-19.67585	101107.7	11.90951	0.996005	0.998976	1.00102	1.004	4.950626
540	-521.8011	-500.3675	-21.43366	343406.1	8.67882	0.997832	0.999445	1.00055	1.00217	5.210898
550	-516.4316	-506.945	-9.48662	718381.8	10.40353	0.998501	0.999617	1.00038	1.0015	4.054077
560	-533.2745	-511.2165	-22.05799	494807.8	9.14271	0.998194	0.999538	1.00046	1.00181	5.295108
570	-528.6271	-508.5473	-20.07985	631400.5	12.35247	0.998401	0.999591	1.00041	1.0016	4.949407
580	-529.588	-499.0396	-30.54844	182087.7	7.345975	0.997023	0.999238	1.00076	1.00298	6.275874
590	-532.1109	-505.4876	-26.6233	152106.7	9.47148	0.996743	0.999166	1.00083	1.00326	5.776599
600	-523.2999	-495.905	-27.39482	155649.5	7.289375	0.99678	0.999175	1.00082	1.00322	5.839409
610	-522.0006	-498.5695	-23.43104	2760.686	9.160568	0.975913	0.993718	1.00608	1.02429	5.445147
620	-516.3913	-495.3631	-21.02819	807836.5	11.26532	0.998586	0.999638	1.00036	1.00141	5.113454
630	-525.2836	-496.6643	-28.61934	394410	7.413049	0.997977	0.999482	1.00052	1.00202	6.019582
640	-520.8397	-501.3787	-19.461	864512.8	11.00001	0.998633	0.99965	1.00035	1.00137	4.988641
650	-518.5826	-507.3516	-11.23094	418478.7	11.24918	0.998036	0.999497	1.0005	1.00197	4.243647
660	-533.9619	-502.1824	-31.77956	178350.5	7.373211	0.996992	0.99923	1.00077	1.00301	6.444523
670	-531.7803	-505.8693	-25.911	234608.6	9.917935	0.997377	0.999328	1.00067	1.00263	5.67259
680	-512.9134	-501.596	-11.3174	330877.9	11.31799	0.997791	0.999435	1.00056	1.00221	4.25175
690	-531.2527	-514.563	-16.68968	184304.5	11.71146	0.997041	0.999242	1.00075	1.00296	4.709723
700	-516.5765	-501.3291	-15.24741	887767.6	11.24077	0.998651	0.999655	1.00034	1.00135	4.600891
710	-510.107	-494.0307	-16.07631	566192.5	12.08584	0.998311	0.999568	1.00043	1.00169	4.639669
720	-525.45	-510.4235	-15.02646	653557.8	10.92441	0.998428	0.999598	1.0004	1.00157	4.586422
730	-515.8173	-501.7044	-14.11293	347521	13.9591	0.997845	0.999448	1.00055	1.00216	4.376014
740	-524.0116	-494.9206	-29.09106	419354.3	6.863839	0.998038	0.999498	1.0005	1.00196	6.014024
750	-515.4894	-498.5859	-16.90346	751273.6	9.229237	0.998534	0.999625	1.00037	1.00147	4.737142
760	-518.4791	-492.9152	-25.56393	383722.1	8.027499	0.997949	0.999475	1.00052	1.00205	5.668807
770	-515.6418	-501.5726	-14.06926	532298.1	9.794605	0.998258	0.999554	1.00044	1.00174	4.472375
780	-503.7541	-493.5779	-10.17617	976497.2	14.149	0.998714	0.999671	1.00033	1.00129	4.085066
790	-523.7019	-501.6686	-22.03324	260749.4	8.148618	0.997512	0.999363	1.00063	1.00249	5.242014
800	-514.3582	-496.2473	-18.11091	416576	10.7682	0.998031	0.999496	1.0005	1.00197	4.874086
810	-510.5135	-494.2771	-16.2364	962042	11.11495	0.998704	0.999669	1.00033	1.0013	4.692566
820	-513.6316	-502.5091	-11.12241	731166.6	11.56731	0.998514	0.99962	1.00038	1.00149	4.235009
830	-507.4058	-491.0506	-16.35517	75994.45	10.36391	0.995393	0.998819	1.00117	1.00461	4.7143
840	-514.5686	-489.514	-25.05467	40476.89	8.469286	0.993689	0.998379	1.00161	1.00633	5.625145
850	-529.4453	-498.6788	-30.76655	313087	11.7309	0.997729	0.999419	1.00058	1.00227	5.90878
860	-517.9152	-494.4684	-23.44678	878278.2	8.591398	0.998644	0.999653	1.00035	1.00136	5.440177
870	-537.7605	-498.9351	-38.82543	684491.8	6.573689	0.998464	0.999607	1.00039	1.00154	7.434016
880	-518.605	-494.5218	-24.08327	632781.6	9.304937	0.998403	0.999591	1.00041	1.0016	5.513361
890	-510.4104	-495.9663	-14.44409	562242.2	9.699063	0.998305	0.999567	1.00043	1.0017	4.505503
900	-505.0319	-494.9048	-10.12717	823025.7	11.18714	0.998599	0.999642	1.00036	1.0014	4.144414
910	-516.0238	-496.8826	-19.14125	687615.2	10.8528	0.998468	0.999608	1.00039	1.00153	4.966245
920	-522.7082	-499.3846	-23.32361	707857.2	9.624928	0.99849	0.999614	1.00039	1.00151	5.423645
930	-516.3683	-503.846	-12.52235	702654.3	10.20929	0.998484	0.999612	1.00039	1.00152	4.338214
940	-527.1782	-506.3445	-20.83369	145772.8	10.2884	0.996673	0.999148	1.00085	1.00333	5.149417
950	-523.5209	-510.6577	-12.86322	511104.1	10.41842	0.998223	0.999545	1.00045	1.00178	4.379097
960	-513.2847	-495.516	-17.76865	832620.7	9.554117	0.998607	0.999644	1.00036	1.00139	4.844487
970	-504.992	-492.3794	-12.61254	690641.4	10.68139	0.998471	0.999609	1.00039	1.00153	4.361913
980	-519.0729	-496.8674	-22.20554	446080.9	10.13055	0.998097	0.999513	1.00049	1.0019	5.290351
990	-515.1546	-492.2181	-22.93652	381328	10.42195	0.997942	0.999473	1.00053	1.00206	5.34575
1000	-506.7914	-490.0381	-16.7533	770477.9	9.530678	0.998552	0.99963	1.00037	1.00145	4.737214
1010	-520.8103	-495.3537	-25.45664	907757.9	11.3827	0.998666	0.999659	1.00034	1.00133	5.494154
1020	-522.6764	-496.2141	-26.46223	493365.3	8.159956	0.998191	0.999537	1.00046	1.00181	5.785915
1030	-511.2905	-498.4132	-12.8773	68663.37	13.7365	0.995153	0.998757	1.00123	1.00486	4.300534
1040	-509.2001	-498.007	-11.19309	907394.9	9.507664	0.998666	0.999659	1.00034	1.00133	4.151383
1050	-538.0983	-516.0103	-22.08797	639028.5	9.015507	0.99841	0.999593	1.00041	1.00159	5.296708
1060	-504.4402	-494.3158	-10.12441	693516.5	12.35658	0.998474	0.99961	1.00039	1.00153	4.143388
1070	-527.9237	-498.2926	-29.63108	213975.3	8.198789	0.997253	0.999297	1.0007	1.00275	6.173597
1080	-516.871	-498.8181	-18.05293	886964.3	9.925505	0.998651	0.999655	1.00034	1.00135	4.880327
1090	-516.516	-500.5888	-15.9272	767807.7	9.79082	0.99855	0.999629	1.00037	1.00145	4.661931
1100	-521.3121	-486.9921	-34.32005	759237.2	10.47804	0.998542	0.999627	1.00037	1.00146	6.428607
1110	-502.7022	-490.6433	-12.05889	310652.2	8.982088	0.99772	0.999417	1.00058	1.00228	4.179509
1120	-505.047	-493.2536	-11.79338	45683.66	17.55097	0.994059	0.998475	1.00151	1.00595	3.972723
1130	-507.0429	-497.2651	-9.777827	277816.1	11.79434	0.997589	0.999383	1.00061	1.00241	4.119684
1140	-521.2753	-500.7994	-20.47591	980574.6	11.21839	0.998717	0.999672	1.00033	1.00128	5.067474
1150	-512.6072	-496.5227	-16.08443	383309.8	9.352099	0.997948	0.999475	1.00052	1.00205	4.65682
1160	-526.2357	-505.4477	-20.788	739604.5	8.316306	0.998522	0.999622	1.00038	1.00148	5.107466
1170	-519.0168	-493.5991	-25.41766	76055.92	8.399934	0.995395	0.998819	1.00117	1.00461	5.66653
1180	-517.5349	-503.7592	-13.7757	977915.4	12.74009	0.998715	0.999671	1.00033	1.00129	4.421594
1190	-516.4793	-496.2328	-20.24649	638569.7	9.912571	0.99841	0.999593	1.00041	1.00159	5.101538
1200	-526.1736	-499.2529	-26.92074	254233.7	9.14276	0.99748	0.999355	1.00064	1.00252	5.826977
1210	-529.6196	-509.5128	-20.10683	494592.3	10.55374	0.998193	0.999538	1.00046	1.00181	5.0691
1220	-523.5141	-500.0815	-23.43257	332085.1	10.0101	0.997795	0.999436	1.00056	1.00221	5.418054
1230	-512.4889	-493.7459	-18.74295	323497.9	11.10801	0.997766	0.999428	1.00057	1.00224	4.918408
1240	-510.9573	-499.3258	-11.63147	324911.9	10.53635	0.997771	0.99943	1.00057	1.00223	4.265422
1250	-524.0035	-499.7991	-24.20444	829114.3	10.80651	0.998604	0.999643	1.00036	1.0014	5.436734
1260	-517.5295	-511.805	-5.724476	829114.3	12.08605	0.998604	0.999643	1.00036	1.0014	3.783147
1270	-527.8141	-502.9806	-24.83344	84936.69	9.185368	0.995642	0.998883	1.00111	1.00436	5.597593
1280	-520.5978	-510.3657	-10.23202	707250.7	10.60941	0.998489	0.999614	1.00039	1.00151	4.135982
1290	-524.8055	-501.0016	-23.80386	170377.9	6.582524	0.996922	0.999212	1.00078	1.00308	5.152139
1300	-519.7627	-499.6101	-20.15258	956917.2	11.02504	0.998701	0.999668	1.00033	1.0013	5.050102
1310	-517.5463	-507.081	-10.46528	665095.6	13.01096	0.998442	0.999601	1.0004	1.00156	4.153412
1320	-512.8656	-495.9652	-16.90037	986776.7	10.21692	0.998721	0.999673	1.00033	1.00128	4.767061
1330	-519.3825	-494.1779	-25.20467	911365.1	7.498454	0.998669	0.99966	1.00034	1.00133	5.57127
1340	-520.738	-495.0912	-25.64686	825846.2	8.949786	0.998602	0.999642	1.00036	1.0014	5.69303
1350	-511.0152	-502.2819	-8.733234	640210.2	14.77899	0.998412	0.999594	1.00041	1.00159	3.955098
1360	-531.034	-509.5388	-21.49523	326807.3	8.292475	0.997777	0.999431	1.00057	1.00222	5.190356
1370	-528.0856	-505.5464	-22.53919	200271.5	10.13919	0.997161	0.999273	1.00072	1.00284	5.322867
1380	-524.157	-509.3354	-14.82156	170438.1	10.4198	0.996923	0.999212	1.00078	1.00308	4.567083
1390	-530.0668	-509.6527	-20.41408	577354.3	10.92238	0.998328	0.999572	1.00043	1.00167	5.079708
1400	-512.6752	-495.7138	-16.9614	845470.8	14.45887	0.998618	0.999647	1.00035	1.00138	4.538925
1410	-505.89	-493.4377	-12.45231	611658	11.88144	0.998375	0.999584	1.00041	1.00163	4.344698
1420	-513.0589	-499.1044	-13.95458	681525.1	10.59864	0.998461	0.999606	1.00039	1.00154	4.486732
1430	-517.0647	-505.2325	-11.83216	428493.7	11.06698	0.998059	0.999503	1.0005	1.00194	4.29588
1440	-527.3703	-512.1155	-15.25484	119604.5	9.157447	0.996327	0.999059	1.00094	1.00368	4.552325
1450	-510.7377	-502.1293	-8.60843	276681.9	13.19322	0.997585	0.999382	1.00062	1.00242	4.006303
1460	-509.3024	-498.8998	-10.40261	63828.58	14.29636	0.994973	0.99871	1.00128	1.00504	4.093698
1470	-507.4965	-496.6511	-10.84534	842897.6	14.95417	0.998616	0.999646	1.00035	1.00138	4.087849
1480	-513.655	-502.6823	-10.97271	317050.7	11.50437	0.997743	0.999423	1.00058	1.00226	4.222074
1490	-516.2971	-492.3148	-23.98234	407386.2	8.147992	0.998009	0.999491	1.00051	1.00199	5.481164
1500	-524.5482	-499.5454	-25.00284	207804.7	7.760926	0.997213	0.999286	1.00071	1.00279	5.576168
1510	-524.6979	-513.5816	-11.11635	10040.64	14.68969	0.987343	0.996732	1.00321	1.01271	4.121547
1520	-519.641	-496.5133	-23.12764	27900.15	8.361619	0.9924	0.998046	1.00193	1.00762	5.391654
1530	-515.6988	-492.4269	-23.27183	192504.7	8.354706	0.997104	0.999259	1.00074	1.0029	5.408491
1540	-518.346	-496.6506	-21.69542	818396.1	10.62372	0.998595	0.999641	1.00036	1.00141	5.215651
1550	-530.45	-510.2344	-20.21566	234222.9	9.251216	0.997375	0.999328	1.00067	1.00263	5.096553
1560	-524.1218	-509.5426	-14.57916	737604.6	10.15697	0.99852	0.999622	1.00038	1.00148	4.538295
1570	-511.4589	-494.7744	-16.68454	563319.8	11.41197	0.998307	0.999567	1.00043	1.00169	4.722352
1580	-517.6022	-497.0921	-20.51008	397296.8	10.86428	0.997984	0.999484	1.00051	1.00202	5.091742
1590	-527.9272	-502.2111	-25.7161	616782.3	9.941824	0.998382	0.999586	1.00041	1.00162	5.651216
1600	-513.8456	-504.9909	-8.85469	869576.3	15.53694	0.998637	0.999652	1.00035	1.00136	3.924385
1610	-517.6824	-496.9103	-20.77206	465255.9	9.380439	0.998137	0.999523	1.00048	1.00186	5.158322
1620	-519.0153	-501.9933	-17.02198	942714.1	12.24105	0.998691	0.999665	1.00033	1.00131	4.708722
1630	-510.3943	-498.3489	-12.04534	871039.1	13.14791	0.998638	0.999652	1.00035	1.00136	4.268857
1640	-526.8546	-506.2926	-20.56199	615130.5	13.27074	0.99838	0.999586	1.00041	1.00162	4.904992
1650	-537.4076	-509.9347	-27.47293	967159.3	8.021119	0.998708	0.99967	1.00033	1.00129	5.906417
1660	-520.5091	-503.1504	-17.35868	862829.5	9.827237	0.998632	0.99965	1.00035	1.00137	4.808846
1670	-518.789	-498.8854	-19.90355	665757.4	10.38648	0.998443	0.999602	1.0004	1.00156	5.055938
1680	-512.9092	-492.3852	-20.52396	189107.1	8.740988	0.997079	0.999252	1.00075	1.00292	5.109987
1690	-519.6715	-504.7477	-14.92386	706041.9	13.08158	0.998488	0.999613	1.00039	1.00151	4.491843
1700	-506.7889	-506.7675	-0.0213335	98051.96	16.02771	0.995944	0.99896	1.00103	1.00406	3.345921
1710	-517.3464	-509.7305	-7.615921	997732.9	15.65002	0.998728	0.999675	1.00032	1.00127	3.839061
1720	-536.3621	-513.3974	-22.96468	727481.9	8.299123	0.99851	0.999619	1.00038	1.00149	5.368023
1730	-514.26	-487.8727	-26.38738	9731.815	10.6499	0.987145	0.99668	1.00326	1.01291	5.654688
1740	-521.7304	-508.9006	-12.82982	238188.1	13.67066	0.997397	0.999334	1.00066	1.00261	4.300811
1750	-512.8826	-501.5065	-11.37607	201338	11.38063	0.997169	0.999275	1.00072	1.00283	4.257135
1760	-512.6247	-495.6065	-17.0182	424163.7	11.53121	0.998049	0.999501	1.0005	1.00195	4.74636
1770	-537.5962	-514.5868	-23.00932	913254.4	7.723529	0.99867	0.99966	1.00034	1.00133	5.314131
1780	-520.0462	-499.242	-20.80426	788267.3	10.83516	0.998569	0.999634	1.00037	1.00143	5.120482
1790	-536.5379	-506.736	-29.80187	131485.9	7.256361	0.996497	0.999102	1.00089	1.00351	6.166698
1800	-524.696	-502.1627	-22.53331	196813.2	8.187876	0.997136	0.999267	1.00073	1.00287	5.306933
1810	-526.6433	-509.0444	-17.59889	129018.7	14.56725	0.996463	0.999094	1.0009	1.00354	4.573574
1820	-526.9819	-507.7361	-19.24589	565180.2	10.29739	0.99831	0.999568	1.00043	1.00169	4.994878
1830	-518.8033	-509.1214	-9.681955	379104.4	12.09362	0.997936	0.999472	1.00053	1.00207	4.110531
1840	-520.5872	-511.5777	-9.009545	621224.6	11.77395	0.998388	0.999588	1.00041	1.00161	4.054417
1850	-531.5222	-508.5348	-22.98742	707402	7.094087	0.998489	0.999614	1.00039	1.00151	5.189158
1860	-511.8329	-504.6029	-7.230005	203963.2	10.12751	0.997187	0.99928	1.00072	1.00282	3.811788
1870	-503.5239	-490.5807	-12.94329	4496.256	10.73839	0.981108	0.995095	1.00478	1.01902	4.393777
1880	-513.7087	-499.7978	-13.91093	42370.92	10.45124	0.993832	0.998416	1.00157	1.00618	4.480313
1890	-516.2344	-505.5225	-10.71188	345009.9	10.95802	0.997837	0.999446	1.00055	1.00216	4.192301
1900	-534.4936	-507.5049	-26.98865	689576.5	8.742268	0.99847	0.999609	1.00039	1.00153	5.84954
1910	-517.5542	-494.8973	-22.65698	200309	11.34779	0.997161	0.999273	1.00072	1.00284	5.251154
1920	-510.3938	-488.996	-21.39775	370112.6	9.019067	0.997911	0.999466	1.00053	1.00209	5.220242
1930	-511.6509	-489.4745	-22.17644	435112.7	8.749032	0.998074	0.999507	1.00049	1.00193	5.299343
1940	-502.7769	-492.8222	-9.954703	699117.7	11.00379	0.99848	0.999611	1.00039	1.00152	4.124539
1950	-497.2166	-488.737	-8.479625	827553.5	10.38438	0.998603	0.999643	1.00036	1.0014	3.955901
1960	-510.0204	-497.7109	-12.3095	83455.78	10.33864	0.995603	0.998873	1.00112	1.0044	4.322954
1970	-510.2548	-496.4062	-13.84862	258869.2	10.44799	0.997503	0.999361	1.00064	1.0025	4.474286
1980	-516.7545	-500.096	-16.65842	807839.3	9.936355	0.998586	0.999638	1.00036	1.00141	4.740043
1990	-509.0404	-499.2281	-9.812261	268251.5	12.36699	0.997547	0.999372	1.00063	1.00246	4.117964
2000	-504.582	-488.7534	-15.82858	199144	13.70508	0.997153	0.999271	1.00073	1.00285	4.517672
2010	-522.0978	-499.1117	-22.9861	925363.5	9.971864	0.998679	0.999662	1.00034	1.00132	5.37525
2020	-509.559	-495.0536	-14.50541	924978.6	12.22348	0.998679	0.999662	1.00034	1.00132	4.503906
2030	-506.6693	-496.9624	-9.706893	709648.5	12.73315	0.998492	0.999614	1.00038	1.00151	4.102387
2040	-512.8203	-500.3218	-12.49851	586397	13.11968	0.998341	0.999576	1.00042	1.00166	4.304659
2050	-537.4689	-509.7316	-27.7373	564957.3	7.900272	0.998309	0.999568	1.00043	1.00169	5.935288
2060	-537.5586	-505.3931	-32.16554	853011.7	7.887966	0.998624	0.999648	1.00035	1.00138	6.496173
2070	-525.4899	-510.4698	-15.02009	971587.6	12.39195	0.998711	0.99967	1.00033	1.00129	4.537824
2080	-516.834	-501.8734	-14.96062	310090.1	10.44488	0.997718	0.999416	1.00058	1.00228	4.580689
2090	-525.9824	-501.8129	-24.16944	948274.7	10.36509	0.998695	0.999666	1.00033	1.00131	5.468205
2100	-516.3034	-500.575	-15.72849	45664.1	11.55954	0.994058	0.998474	1.00151	1.00595	4.633492
2110	-528.9306	-506.4894	-22.44116	344940.9	9.155605	0.997837	0.999446	1.00055	1.00217	5.33707
2120	-542.1164	-513.6467	-28.46971	194636.9	7.430239	0.99712	0.999263	1.00073	1.00288	6.000953
2130	-543.9965	-513.1631	-30.83337	597244.3	8.042322	0.998356	0.999579	1.00042	1.00165	6.324902
2140	-521.2654	-498.1163	-23.14914	778911.3	8.666413	0.99856	0.999632	1.00037	1.00144	5.408172
2150	-530.2681	-500.9458	-29.32233	706529.4	7.206584	0.998488	0.999613	1.00039	1.00151	6.095419
2160	-536.6444	-510.532	-26.11248	58766.85	6.55729	0.994761	0.998656	1.00133	1.00525	5.494931
2170	-518.084	-496.8597	-21.22431	831525.5	9.586041	0.998606	0.999644	1.00036	1.00139	5.205923
2180	-508.542	-491.2078	-17.33413	310795.8	10.97085	0.997721	0.999417	1.00058	1.00228	4.796226
2190	-517.8148	-497.9264	-19.8884	645686	8.047778	0.998419	0.999596	1.0004	1.00158	4.964778
2200	-520.3987	-500.0668	-20.33187	540146.2	8.45403	0.998271	0.999558	1.00044	1.00173	5.066136
2210	-524.094	-505.485	-18.609	73013.62	10.00968	0.9953	0.998795	1.0012	1.00471	4.936185
2220	-516.5497	-493.7337	-22.81601	961582	9.428811	0.998704	0.999669	1.00033	1.0013	5.375429
2230	-521.8481	-498.2445	-23.60361	350190.7	11.69312	0.997853	0.999451	1.00055	1.00215	5.30187
2240	-517.1913	-496.8847	-20.30654	577638.9	9.610447	0.998328	0.999572	1.00043	1.00167	5.110192
2250	-509.518	-494.2457	-15.27227	322384.7	11.95049	0.997762	0.999427	1.00057	1.00224	4.579138
2260	-524.8964	-497.2766	-27.61978	514565.2	7.468461	0.998229	0.999547	1.00045	1.00177	5.890452
2270	-503.3578	-493.8742	-9.483567	481399.5	11.29525	0.998169	0.999531	1.00047	1.00183	4.089277
2280	-510.7439	-497.1081	-13.63586	550921.9	10.32096	0.998288	0.999562	1.00044	1.00171	4.450756
2290	-516.4225	-496.8023	-19.62027	764580.6	7.589234	0.998547	0.999628	1.00037	1.00145	4.847271
2300	-520.6704	-500.5121	-20.1583	242327.9	8.210083	0.997419	0.999339	1.00066	1.00258	5.019583
2310	-520.1443	-491.772	-28.37229	169268.6	7.180149	0.996912	0.999209	1.00079	1.00309	5.96018
2320	-510.305	-491.2672	-19.03772	420095	10.99675	0.99804	0.999498	1.0005	1.00196	4.950312
2330	-513.3775	-498.4723	-14.90524	230268.4	13.64442	0.997352	0.999322	1.00068	1.00265	4.454393
2340	-510.4753	-489.4792	-20.99609	965463.5	9.91267	0.998707	0.999669	1.00033	1.00129	5.177157
2350	-515.5022	-502.8138	-12.68836	487701.7	11.75794	0.99818	0.999535	1.00046	1.00182	4.367188
2360	-517.3175	-500.079	-17.2385	286034.9	10.3141	0.997624	0.999392	1.00061	1.00238	4.799854
2370	-529.0243	-502.8916	-26.13274	735007.2	8.722354	0.998518	0.999621	1.00038	1.00148	5.751888
2380	-528.0553	-494.9544	-33.10094	729936.7	5.851012	0.998513	0.99962	1.00038	1.00149	6.383421
2390	-523.9084	-504.2527	-19.65576	62081.2	8.783983	0.994903	0.998692	1.0013	1.00511	5.013646
2400	-519.2472	-501.1627	-18.08441	116242.4	11.50996	0.996274	0.999045	1.00095	1.00373	4.839953
2410	-520.6279	-500.4885	-20.13936	479678.4	13.39962	0.998165	0.999531	1.00047	1.00184	4.861135
2420	-522.8519	-504.3152	-18.53668	241439	9.015687	0.997414	0.999338	1.00066	1.00259	4.90281
2430	-519.6981	-502.4616	-17.23652	849466.3	9.862945	0.998621	0.999647	1.00035	1.00138	4.797081
2440	-520.7503	-501.2526	-19.49772	244986.3	13.64476	0.997433	0.999343	1.00065	1.00257	4.790945
2450	-514.3434	-499.7532	-14.59015	394754.9	9.774016	0.997978	0.999483	1.00052	1.00202	4.52453
2460	-523.6212	-500.661	-22.96013	808757	8.884308	0.998587	0.999639	1.00036	1.00141	5.391897
2470	-526.7868	-503.4436	-23.34322	921951.9	10.48817	0.998676	0.999662	1.00034	1.00132	5.380311
2480	-524.9678	-498.3495	-26.61827	921951.9	6.58563	0.998676	0.999662	1.00034	1.00132	5.580624
2490	-523.8617	-496.5141	-27.34758	570215.7	9.205789	0.998317	0.99957	1.00043	1.00168	5.870141
2500	-515.4881	-493.9421	-21.54593	130144.5	9.638509	0.996479	0.999098	1.0009	1.00353	5.238746
2510	-531.9163	-503.0759	-28.84045	886063.8	11.60647	0.99865	0.999655	1.00034	1.00135	5.761464
2520	-513.8913	-498.6682	-15.22307	194988.3	9.350554	0.997123	0.999263	1.00073	1.00288	4.564602
2530	-507.3726	-504.1634	-3.209183	830726.1	12.48245	0.998606	0.999643	1.00036	1.00139	3.587003
2540	-515.9319	-503.861	-12.07091	347537.5	13.19599	0.997845	0.999448	1.00055	1.00216	4.26862
2550	-524.9022	-501.3005	-23.60165	615923.1	9.724628	0.998381	0.999586	1.00041	1.00162	5.448626
2560	-510.6142	-498.4939	-12.12028	867031.6	11.73202	0.998635	0.999651	1.00035	1.00137	4.319263
2570	-511.8767	-496.2457	-15.63095	574686.3	12.10415	0.998324	0.999571	1.00043	1.00168	4.601932
2580	-515.1131	-500.9759	-14.13714	686231.5	12.06069	0.998466	0.999608	1.00039	1.00153	4.480168
2590	-518.0873	-506.9418	-11.14556	774061.4	10.85322	0.998556	0.999631	1.00037	1.00145	4.229515
2600	-529.3518	-523.1435	-6.208339	500404.8	11.73914	0.998204	0.99954	1.00046	1.0018	3.815549
2610	-518.3997	-507.3356	-11.06411	64632.33	10.86887	0.995005	0.998719	1.00127	1.005	4.222405
2620	-516.6519	-504.9079	-11.74399	486435.5	11.23278	0.998178	0.999534	1.00046	1.00182	4.289185
2630	-534.754	-492.6855	-42.0685	902149.2	10.114	0.998662	0.999658	1.00034	1.00134	7.254996
2640	-516.433	-501.2221	-15.21097	904524.2	11.09505	0.998664	0.999658	1.00034	1.00134	4.600682
2650	-523.8722	-505.8609	-18.01131	632178.7	9.45019	0.998402	0.999591	1.00041	1.0016	4.866615
2660	-518.5125	-493.8731	-24.63946	590348.2	10.45567	0.998346	0.999577	1.00042	1.00165	5.506494
2670	-529.9525	-496.7814	-33.17111	993197.2	9.534402	0.998725	0.999674	1.00033	1.00128	6.45933
2680	-524.9272	-497.5216	-27.40558	894872.5	9.489636	0.998657	0.999656	1.00034	1.00134	5.857892
2690	-519.8391	-496.0053	-23.83384	476959.3	10.84627	0.99816	0.999529	1.00047	1.00184	5.399171
2700	-515.5313	-502.3948	-13.13651	685391.7	11.64646	0.998465	0.999607	1.00039	1.00154	4.407667
2710	-526.5212	-508.5513	-17.96998	472284	10.09231	0.998151	0.999527	1.00047	1.00185	4.87236
2720	-522.7949	-501.2784	-21.51645	761948.6	11.01592	0.998544	0.999628	1.00037	1.00146	5.174427
2730	-529.132	-504.6366	-24.49538	516159.5	10.41367	0.998231	0.999548	1.00045	1.00177	5.495961
2740	-523.5552	-506.3039	-17.2513	879406.3	9.312346	0.998645	0.999653	1.00035	1.00136	4.779528
2750	-520.2192	-498.8667	-21.35247	974084.1	10.34628	0.998712	0.999671	1.00033	1.00129	5.197287
2760	-521.1006	-509.3312	-11.76938	529677.4	10.52317	0.998254	0.999553	1.00045	1.00175	4.278054
2770	-531.9949	-508.0208	-23.97413	215904	10.06056	0.997266	0.9993	1.0007	1.00274	5.469196
2780	-524.0746	-491.3792	-32.69543	166076.5	9.639449	0.996883	0.999202	1.00079	1.00312	6.395386
2790	-530.994	-508.2029	-22.79104	815807.9	11.42278	0.998593	0.99964	1.00036	1.00141	5.25651
2800	-523.921	-503.712	-20.209	731641.6	9.52441	0.998514	0.99962	1.00038	1.00149	5.099767
2810	-517.9766	-496.9272	-21.04943	327499	6.916426	0.99778	0.999432	1.00057	1.00222	4.86037
2820	-532.4867	-512.6983	-19.78841	541778.8	10.18812	0.998274	0.999558	1.00044	1.00173	5.050443
2830	-527.8323	-504.5995	-23.23275	261441.4	11.05552	0.997515	0.999364	1.00063	1.00249	5.326973
2840	-528.6322	-505.8005	-22.83165	807076.3	8.110398	0.998585	0.999638	1.00036	1.00142	5.336538
2850	-522.0611	-495.556	-26.50505	768457.4	8.63063	0.99855	0.999629	1.00037	1.00145	5.795811
2860	-522.2228	-500.8206	-21.40219	628847.4	8.926551	0.998398	0.99959	1.00041	1.0016	5.218007
2870	-512.6823	-502.9386	-9.743695	356018.9	12.42156	0.99787	0.999455	1.00054	1.00213	4.111552
2880	-511.3055	-506.6267	-4.678799	125447.1	13.77355	0.996413	0.999081	1.00091	1.00359	3.703165
2890	-507.743	-497.3573	-10.38569	198817.7	11.34074	0.997151	0.99927	1.00073	1.00285	4.169693
2900	-513.0315	-493.0545	-19.97695	229638.6	11.35302	0.997349	0.999321	1.00068	1.00265	5.014649
2910	-517.3484	-501.0002	-16.34827	347953.8	10.41752	0.997846	0.999449	1.00055	1.00216	4.713607
2920	-512.241	-502.4694	-9.771573	129426.5	12.8038	0.996469	0.999095	1.0009	1.00354	4.105738
2930	-510.0105	-494.585	-15.42544	554162.9	9.377173	0.998293	0.999563	1.00044	1.00171	4.588119
2940	-513.9793	-492.6346	-21.34468	376929.1	10.85756	0.99793	0.99947	1.00053	1.00207	5.16898
2950	-524.8893	-517.7007	-7.188614	64172.43	14.16362	0.994987	0.998714	1.00128	1.00502	3.87343
2960	-529.1148	-501.5946	-27.52018	348415	11.15636	0.997847	0.999449	1.00055	1.00215	5.702828
2970	-526.1511	-502.3195	-23.83159	166999.7	7.860203	0.996891	0.999204	1.00079	1.00311	5.436676
2980	-523.4466	-503.3928	-20.05385	109380.3	12.9882	0.996159	0.999016	1.00098	1.00385	4.892418
2990	-520.003	-513.0883	-6.914748	102072.1	13.25509	0.996024	0.998981	1.00101	1.00398	3.876894
3000	-520.4958	-502.1176	-18.37823	16579.51	11.43396	0.990146	0.997461	1.0025	1.00989	4.8696
3010	-511.8927	-488.1888	-23.70389	946982.1	8.60731	0.998694	0.999666	1.00033	1.00131	5.470585
3020	-511.8574	-494.6186	-17.23884	77829.82	9.170544	0.995447	0.998833	1.00116	1.00456	4.769831
3030	-512.8057	-500.5173	-12.28842	925051.1	11.13156	0.998679	0.999662	1.00034	1.00132	4.337443
3040	-527.1342	-513.9946	-13.13966	925051.1	11.47521	0.998679	0.999662	1.00034	1.00132	4.41087
3050	-516.506	-494.9437	-21.56229	168644.5	9.161486	0.996906	0.999208	1.00079	1.0031	5.241159
3060	-520.6782	-497.635	-23.04323	396014.3	8.813691	0.997981	0.999483	1.00052	1.00202	5.399951
3070	-517.5299	-500.3038	-17.22609	378383.6	11.37762	0.997934	0.999471	1.00053	1.00207	4.771298
3080	-511.6102	-503.1697	-8.440453	591073.5	12.5986	0.998347	0.999577	1.00042	1.00165	4.00481
3090	-513.7456	-502.5354	-11.21019	423815.7	13.31462	0.998048	0.999501	1.0005	1.00195	4.198441
3100	-511.4595	-490.6493	-20.81027	684897.8	8.259722	0.998464	0.999607	1.00039	1.00154	5.104367
3110	-522.2345	-494.2749	-27.95962	676877.7	5.557917	0.998455	0.999605	1.00039	1.00155	5.33398
3120	-519.5343	-495.4464	-24.08785	760816.4	10.23993	0.998543	0.999627	1.00037	1.00146	5.469011
3130	-520.7569	-500.1614	-20.59552	806886.5	7.373594	0.998585	0.999638	1.00036	1.00142	4.927768
3140	-508.674	-496.6025	-12.07151	719936.1	13.26711	0.998502	0.999617	1.00038	1.0015	4.265372
3150	-510.4343	-495.7162	-14.71805	768503.6	9.874673	0.99855	0.999629	1.00037	1.00145	4.54224
3160	-510.592	-498.4896	-12.10247	704652.7	14.7004	0.998486	0.999613	1.00039	1.00151	4.188008
3170	-526.0677	-506.3046	-19.76308	849205	11.85821	0.998621	0.999647	1.00035	1.00138	4.961699
3180	-525.7447	-497.6823	-28.06241	779697.7	7.872198	0.998561	0.999632	1.00037	1.00144	5.975404
3190	-536.7393	-506.7936	-29.94574	55706.4	6.595442	0.99462	0.998619	1.00137	1.00539	6.088047
3200	-522.7058	-487.8812	-34.82455	415053	6.96552	0.998028	0.999495	1.0005	1.00197	6.854107
3210	-528.7417	-503.696	-25.0457	263813.6	9.336812	0.997526	0.999367	1.00063	1.00248	5.615614
3220	-520.8671	-498.838	-22.02903	906162.6	8.357479	0.998665	0.999659	1.00034	1.00134	5.25995
3230	-512.4815	-499.2165	-13.26496	971918.8	9.190586	0.998711	0.99967	1.00033	1.00129	4.338722
3240	-519.9699	-505.2147	-14.75522	845039.5	15.53469	0.998618	0.999646	1.00035	1.00138	4.304336
3250	-512.8776	-502.3882	-10.48942	995566.6	10.52687	0.998726	0.999674	1.00033	1.00127	4.156593
3260	-514.1032	-498.2437	-15.8595	811481.9	9.470476	0.998589	0.999639	1.00036	1.00141	4.640098
3270	-514.4661	-491.2812	-23.18488	18795.57	9.155191	0.990744	0.997617	1.00235	1.00929	5.418304
3280	-517.3879	-492.7789	-24.60894	658847.1	8.286909	0.998434	0.9996	1.0004	1.00157	5.565583
3290	-509.6987	-498.3604	-11.33831	803191.8	11.59233	0.998582	0.999637	1.00036	1.00142	4.253568
3300	-520.0032	-500.49	-19.51315	270379.6	7.547003	0.997557	0.999375	1.00062	1.00245	4.823613
3310	-522.0137	-493.0568	-28.95691	860542.2	6.741647	0.99863	0.99965	1.00035	1.00137	5.970868
3320	-509.4752	-490.0745	-19.40073	451596.6	11.90127	0.998109	0.999516	1.00048	1.00189	4.92811
3330	-517.8219	-496.6595	-21.16244	473358.3	11.08503	0.998153	0.999528	1.00047	1.00185	5.137758
3340	-520.9885	-505.4528	-15.53573	245813.3	10.41913	0.997437	0.999344	1.00065	1.00256	4.635618
3350	-530.1325	-502.7863	-27.34621	304077	8.414205	0.997696	0.99941	1.00059	1.00231	5.896071
3360	-521.8891	-495.4657	-26.42337	812698.5	9.223193	0.99859	0.99964	1.00036	1.00141	5.768925
3370	-508.6017	-483.4692	-25.13256	57276.47	8.697383	0.994694	0.998638	1.00135	1.00532	5.637168
3380	-514.5813	-498.0503	-16.53105	171220.8	10.69493	0.99693	0.999214	1.00078	1.00307	4.728569
3390	-529.1471	-499.9774	-29.16973	549385.1	6.908684	0.998286	0.999561	1.00044	1.00172	6.033149
3400	-536.1107	-499.329	-36.78166	391892.3	8.98959	0.99797	0.999481	1.00052	1.00203	6.930745
3410	-531.5442	-514.4362	-17.10798	411508.2	11.76326	0.998019	0.999493	1.00051	1.00198	4.742797
3420	-511.9453	-502.4311	-9.51419	909145.5	12.38096	0.998667	0.999659	1.00034	1.00133	4.093668
3430	-528.7453	-512.0044	-16.74089	983285.8	9.853839	0.998718	0.999672	1.00033	1.00128	4.74662
3440	-524.1119	-502.3828	-21.72918	821590.6	9.93405	0.998598	0.999641	1.00036	1.0014	5.25044
3450	-518.4249	-501.5261	-16.89879	669490.3	10.6366	0.998447	0.999603	1.0004	1.00155	4.763948
3460	-517.479	-494.7035	-22.77544	41337.05	8.920246	0.993755	0.998396	1.00159	1.00626	5.371744
3470	-523.6309	-501.5647	-22.06622	947886.7	9.093394	0.998695	0.999666	1.00033	1.00131	5.295481
3480	-516.5576	-498.0546	-18.50304	71438.93	7.401359	0.995248	0.998781	1.00121	1.00476	4.651714
3490	-515.328	-498.1858	-17.14211	341113.9	8.192694	0.997824	0.999443	1.00056	1.00218	4.649307
3500	-519.9961	-491.5114	-28.48475	318083.7	9.58994	0.997747	0.999423	1.00057	1.00225	5.962977
3510	-521.4843	-495.6071	-25.87723	275772.9	6.96528	0.997581	0.999381	1.00062	1.00242	5.569538
3520	-519.8983	-488.0898	-31.80856	100841.5	8.080802	0.996	0.998975	1.00102	1.00401	6.444637
3530	-514.1506	-502.6145	-11.53614	876961.9	9.746176	0.998643	0.999653	1.00035	1.00136	4.209745
3540	-513.1578	-493.0394	-20.11838	977041.6	10.85109	0.998714	0.999671	1.00033	1.00129	5.056367
3550	-522.5251	-506.2602	-16.26497	595254.3	13.33132	0.998353	0.999579	1.00042	1.00165	4.576892
3560	-518.2861	-499.9917	-18.2944	896056.2	13.17939	0.998658	0.999657	1.00034	1.00134	4.741591
3570	-505.235	-493.8533	-11.38172	223019.1	11.60698	0.99731	0.999311	1.00069	1.00269	4.257236
3580	-522.2525	-491.8195	-30.43304	785149.1	6.570284	0.998566	0.999633	1.00037	1.00143	6.156626
3590	-514.1473	-497.0797	-17.06753	805883.5	10.40605	0.998584	0.999638	1.00036	1.00142	4.782743
3600	-524.7451	-499.1054	-25.63972	840409.8	8.666771	0.998614	0.999646	1.00035	1.00139	5.695554
3610	-522.8105	-502.5838	-20.22678	126334.5	10.64191	0.996426	0.999084	1.00091	1.00358	5.076587
3620	-520.0843	-499.7885	-20.2958	388904.6	13.72022	0.997962	0.999479	1.00052	1.00204	4.842163
3630	-522.5329	-495.6121	-26.9208	642587.6	8.584424	0.998415	0.999595	1.0004	1.00159	5.844623
3640	-515.12	-492.7778	-22.34222	910903.6	8.777827	0.998668	0.99966	1.00034	1.00133	5.319279
3650	-518.5931	-499.3416	-19.25159	445180.4	12.55263	0.998096	0.999513	1.00049	1.00191	4.866621
3660	-520.9493	-496.503	-24.44628	371293.9	6.44348	0.997915	0.999466	1.00053	1.00209	5.198352
3670	-522.878	-497.9403	-24.93777	957596.9	7.929425	0.998701	0.999668	1.00033	1.0013	5.583366
3680	-524.5612	-500.2662	-24.29506	314699.1	10.05777	0.997735	0.99942	1.00058	1.00227	5.501271
3690	-512.339	-493.051	-19.28794	931680.2	13.96491	0.998683	0.999663	1.00034	1.00132	4.746201
3700	-513.8044	-492.1427	-21.66178	642966.5	8.40753	0.998415	0.999595	1.0004	1.00159	5.219985
3710	-521.9499	-489.718	-32.23189	953791.5	5.822627	0.998699	0.999667	1.00033	1.0013	6.223666
3720	-534.644	-500.3979	-34.2461	371881.5	6.435454	0.997916	0.999467	1.00053	1.00209	6.717994
3730	-519.4163	-502.3224	-17.0939	148265.8	9.215418	0.996701	0.999155	1.00084	1.0033	4.756917
3740	-528.2126	-498.8469	-29.36567	683293.8	6.124693	0.998463	0.999607	1.00039	1.00154	5.860029
3750	-514.331	-499.3515	-14.97943	502541	10.11242	0.998208	0.999541	1.00046	1.00179	4.576582
3760	-521.978	-496.0976	-25.88046	657269.5	9.646566	0.998433	0.999599	1.0004	1.00157	5.687955
3770	-520.4362	-499.1394	-21.29682	192523.4	10.68924	0.997105	0.999259	1.00074	1.0029	5.174501
3780	-519.9108	-503.5778	-16.33292	212656.2	9.40928	0.997245	0.999295	1.0007	1.00276	4.686753
3790	-506.9819	-498.913	-8.068862	668790.6	10.2904	0.998446	0.999603	1.0004	1.00155	3.908882
3800	-510.7191	-499.7188	-11.00034	95753.34	13.42942	0.995895	0.998948	1.00105	1.00411	4.177819
3810	-512.5665	-500.6501	-11.91639	52624.49	12.92371	0.994464	0.998579	1.00141	1.00555	4.268533
3820	-518.0159	-501.5999	-16.41602	114638.6	10.3142	0.996248	0.999039	1.00096	1.00376	4.720111
3830	-512.5471	-499.9567	-12.59042	32487.05	11.07707	0.992957	0.99819	1.00179	1.00706	4.364434
3840	-517.1963	-496.9462	-20.25007	508982.4	11.03269	0.998219	0.999544	1.00045	1.00178	5.058505
3850	-527.6887	-504.8132	-22.8755	97701.72	8.788184	0.995936	0.998958	1.00104	1.00407	5.3803
3860	-520.4521	-506.4086	-14.04355	420818.9	11.29969	0.998041	0.999499	1.0005	1.00196	4.492915
3870	-524.7105	-509.3492	-15.36122	147852	8.943818	0.996696	0.999154	1.00084	1.00331	4.543131
3880	-524.1865	-504.9637	-19.22278	188216.4	9.081838	0.997072	0.99925	1.00075	1.00293	4.982241
3890	-514.5947	-504.1184	-10.47622	345539.2	10.18028	0.997838	0.999447	1.00055	1.00216	4.135902
3900	-512.9067	-497.1982	-15.7085	394723.4	11.75869	0.997978	0.999483	1.00052	1.00202	4.624016
3910	-515.2154	-497.7997	-17.41574	589438.9	11.83296	0.998345	0.999577	1.00042	1.00166	4.765154
3920	-527.6202	-505.4598	-22.16042	821822.1	7.525276	0.998598	0.999642	1.00036	1.0014	5.170362
3930	-508.8681	-498.5904	-10.27767	544046.5	13.16586	0.998277	0.999559	1.00044	1.00172	4.133787
3940	-506.6093	-492.3282	-14.28114	895407.9	9.823163	0.998657	0.999657	1.00034	1.00134	4.495476
3950	-513.6631	-502.9125	-10.75063	637138.6	13.7055	0.998408	0.999593	1.00041	1.00159	4.147136
3960	-505.3357	-494.8199	-10.5158	258330.6	12.41068	0.9975	0.99936	1.00064	1.0025	4.173944
3970	-524.0345	-495.4532	-28.58126	503931.8	8.48844	0.99821	0.999542	1.00046	1.00179	6.041031
3980	-515.0594	-491.7643	-23.29506	532050.1	10.67027	0.998258	0.999554	1.00044	1.00174	5.362837
3990	-538.9776	-513.5816	-25.39607	643847.5	10.57945	0.998416	0.999595	1.0004	1.00158	5.567979
4000	-519.2487	-500.1026	-19.14612	169344.9	9.941061	0.996913	0.999209	1.00079	1.00309	4.990378
4010	-520.672	-501.6757	-18.99626	841062	10.39079	0.998614	0.999646	1.00035	1.00139	4.968477
4020	-522.0791	-502.7575	-19.32162	452208.6	9.613157	0.99811	0.999517	1.00048	1.00189	5.007735
4030	-522.7681	-498.9746	-23.79342	384086.2	9.583994	0.99795	0.999475	1.00052	1.00205	5.474004
4040	-530.4361	-508.2978	-22.1383	640365.7	11.73731	0.998412	0.999594	1.00041	1.00159	5.172705
4050	-515.6335	-497.2058	-18.4277	67887.86	8.704365	0.995126	0.99875	1.00124	1.00488	4.8669
4060	-520.0455	-503.4009	-16.64461	111714.4	9.272064	0.9962	0.999026	1.00097	1.00381	4.711885
4070	-518.9967	-491.2939	-27.70279	885262	7.656433	0.998649	0.999655	1.00034	1.00135	5.917344
4080	-518.9013	-499.2282	-19.67312	925604.9	9.146039	0.998679	0.999662	1.00034	1.00132	5.034383
4090	-506.3192	-492.9221	-13.39705	917658.7	10.90486	0.998673	0.999661	1.00034	1.00133	4.437205
4100	-511.7697	-496.7436	-15.0261	976026.3	9.536529	0.998714	0.999671	1.00033	1.00129	4.556353
4110	-523.8425	-504.7504	-19.09202	260656.1	10.27268	0.997511	0.999363	1.00063	1.00249	4.980468
4120	-526.9533	-509.4848	-17.4685	96261.56	11.8681	0.995906	0.998951	1.00104	1.0041	4.76764
4130	-519.2367	-501.3347	-17.90199	925063.5	11.09005	0.998679	0.999662	1.00034	1.00132	4.843426
4140	-510.9317	-497.9333	-12.99838	372058.3	11.55385	0.997917	0.999467	1.00053	1.00208	4.397404
4150	-520.8869	-504.3531	-16.53379	629259.9	10.76375	0.998398	0.99959	1.00041	1.0016	4.727703
4160	-517.717	-496.684	-21.03294	965620.4	10.49603	0.998707	0.999669	1.00033	1.00129	5.159663
4170	-519.1432	-502.0735	-17.06969	443910.1	12.40061	0.998093	0.999512	1.00049	1.00191	4.70267
4180	-512.5703	-495.5631	-17.0072	706170.2	12.31277	0.998488	0.999613	1.00039	1.00151	4.703127
4190	-522.2065	-497.5402	-24.66625	865717.6	8.932328	0.998634	0.999651	1.00035	1.00137	5.583617
4200	-519.7047	-503.6814	-16.02338	904327.8	8.376749	0.998664	0.999658	1.00034	1.00134	4.544468
4210	-523.1905	-492.2974	-30.8931	673810.6	8.233687	0.998452	0.999604	1.0004	1.00155	6.326167
4220	-521.7154	-494.2971	-27.41826	395675.7	9.764269	0.99798	0.999483	1.00052	1.00202	5.837817
4230	-531.5104	-502.3355	-29.17492	646044.6	9.562511	0.998419	0.999596	1.0004	1.00158	6.037553
4240	-516.6439	-501.7268	-14.91702	709890.5	9.735096	0.998492	0.999614	1.00038	1.00151	4.556093
4250	-515.4824	-495.5111	-19.9713	297478.7	12.56391	0.99767	0.999404	1.00059	1.00233	4.923002
4260	-515.2561	-491.8811	-23.37504	760956	8.564554	0.998543	0.999627	1.00037	1.00146	5.430843
4270	-506.5739	-487.9299	-18.644	966963.4	10.26539	0.998708	0.99967	1.00033	1.00129	4.936977
4280	-524.4009	-496.2498	-28.15113	642214.8	10.07315	0.998414	0.999594	1.0004	1.00159	5.883109
4290	-532.0857	-498.9516	-33.13404	773423.6	10.61379	0.998555	0.99963	1.00037	1.00145	6.293938
4300	-506.912	-493.0763	-13.83563	314193.7	10.54088	0.997733	0.99942	1.00058	1.00227	4.474689
4310	-519.6735	-503.9646	-15.70883	606959.6	11.27051	0.998369	0.999583	1.00042	1.00163	4.64112
4320	-534.8737	-506.1235	-28.7502	532577.4	6.907637	0.998259	0.999555	1.00044	1.00174	5.97224
4330	-509.5102	-491.8958	-17.61442	805706	10.00982	0.998584	0.999638	1.00036	1.00142	4.836824
4340	-523.2529	-498.668	-24.58484	496506.9	8.208819	0.998197	0.999539	1.00046	1.0018	5.558672
4350	-531.001	-502.1443	-28.85668	589634.5	8.365411	0.998345	0.999577	1.00042	1.00166	6.076733
4360	-530.3567	-505.5474	-24.80932	784645	9.66825	0.998565	0.999633	1.00037	1.00144	5.575805
4370	-510.4338	-505.1931	-5.240673	190569.4	12.11369	0.99709	0.999255	1.00074	1.00291	3.743737
4380	-521.9655	-501.7491	-20.21638	861955.8	8.530051	0.998631	0.99965	1.00035	1.00137	5.059186
4390	-515.1658	-496.2756	-18.89015	661368.6	11.32494	0.998437	0.9996	1.0004	1.00156	4.920461
4400	-521.5066	-500.1233	-21.38331	755913.5	10.56428	0.998538	0.999626	1.00037	1.00146	5.189492
4410	-524.1054	-503.3633	-20.74211	995537.9	9.736009	0.998726	0.999674	1.00033	1.00127	5.154441
4420	-530.4525	-500.0926	-30.35995	661790.2	6.889104	0.998438	0.9996	1.0004	1.00156	6.202622
4430	-523.3174	-489.8189	-33.49846	231799.1	6.899492	0.997361	0.999324	1.00067	1.00264	6.65901
4440	-529.9785	-498.8362	-31.14225	771391.6	10.1774	0.998553	0.99963	1.00037	1.00145	6.166291
4450	-509.4383	-501.373	-8.065297	541199.9	12.23808	0.998273	0.999558	1.00044	1.00173	3.977033
4460	-514.5283	-492.6836	-21.8447	517253.1	9.136546	0.998233	0.999548	1.00045	1.00177	5.271705
4470	-505.8007	-496.826	-8.974748	690043.5	14.80124	0.99847	0.999609	1.00039	1.00153	3.970353
4480	-510.8321	-497.5877	-13.24437	286953.7	11.97638	0.997628	0.999393	1.00061	1.00237	4.408697
4490	-510.3179	-500.0959	-10.22195	158584.2	12.5794	0.99681	0.999183	1.00081	1.00319	4.146664
4500	-520.4149	-502.6065	-17.80841	542231.4	8.818274	0.998274	0.999559	1.00044	1.00173	4.806415
4510	-530.1603	-509.2522	-20.90808	999086.9	10.92283	0.998729	0.999675	1.00032	1.00127	5.124909
4520	-519.6208	-499.9813	-19.63944	896363.2	8.294136	0.998658	0.999657	1.00034	1.00134	4.96676
4530	-524.6787	-503.2665	-21.41218	476918.4	9.438688	0.99816	0.999529	1.00047	1.00184	5.22652
4540	-528.076	-507.5641	-20.5119	660360.2	8.160846	0.998436	0.9996	1.0004	1.00156	5.056811
4550	-514.9232	-500.7804	-14.14275	616452.8	10.59119	0.998382	0.999586	1.00041	1.00162	4.504409
4560	-524.6587	-503.4892	-21.16944	964141.4	12.02263	0.998706	0.999669	1.00033	1.00129	5.066498
4570	-518.665	-503.2791	-15.38588	997007.7	11.70613	0.998727	0.999675	1.00032	1.00127	4.598599
4580	-525.3318	-503.3615	-21.97031	449018.2	10.05173	0.998104	0.999515	1.00048	1.0019	5.27037
4590	-512.1168	-497.9123	-14.20453	754647.6	10.98811	0.998537	0.999626	1.00037	1.00146	4.510858
4600	-506.2071	-498.3583	-7.848812	441309.8	10.58027	0.998087	0.999511	1.00049	1.00191	3.909417
4610	-522.2465	-503.5839	-18.66254	625550.7	10.29829	0.998393	0.999589	1.00041	1.00161	4.938212
4620	-529.5626	-510.8485	-18.7141	11543.22	9.014258	0.988194	0.996953	1.003	1.01186	4.922405
4630	-527.3758	-510.4766	-16.89915	450952.7	10.48422	0.998108	0.999516	1.00048	1.00189	4.765937
4640	-518.1071	-507.3465	-10.7606	843408	12.65748	0.998616	0.999646	1.00035	1.00138	4.187339
4650	-529.3545	-500.7434	-28.61113	709495	9.391248	0.998491	0.999614	1.00039	1.00151	5.993129
4660	-523.8252	-498.0894	-25.73579	700091.2	7.969016	0.998481	0.999612	1.00039	1.00152	5.686648
4670	-521.7221	-492.0327	-29.68942	905160.1	5.587594	0.998664	0.999658	1.00034	1.00134	5.662774
4680	-508.8706	-488.2116	-20.65901	190908.9	10.89163	0.997092	0.999255	1.00074	1.00291	5.103901
4690	-506.5662	-500.0728	-6.493409	283141.1	12.78209	0.997612	0.999389	1.00061	1.00239	3.849814
4700	-525.2357	-500.2362	-24.99953	432211	8.780322	0.998067	0.999505	1.00049	1.00193	5.622006
4710	-525.0592	-500.5795	-24.4797	708447.4	9.56541	0.99849	0.999614	1.00039	1.00151	5.546425
4720	-519.3357	-499.2726	-20.06308	352148	8.545174	0.997859	0.999452	1.00055	1.00214	5.042511
4730	-508.0222	-495.3221	-12.70008	608462.8	10.97889	0.998371	0.999583	1.00042	1.00163	4.373883
4740	-513.5532	-502.2542	-11.29893	345543.7	12.89722	0.997838	0.999447	1.00055	1.00216	4.221722
4750	-516.5163	-505.3082	-11.20812	695682.4	10.80075	0.998476	0.99961	1.00039	1.00152	4.233942
4760	-514.8752	-505.2622	-9.613026	371492.1	11.531	0.997915	0.999467	1.00053	1.00209	4.104172
4770	-525.4758	-508.5882	-16.8876	16025.45	11.77019	0.989977	0.997418	1.00255	1.01006	4.723715
4780	-516.8767	-511.6391	-5.237578	174252.9	10.87645	0.996957	0.999221	1.00078	1.00305	3.68689
4790	-531.4867	-512.4127	-19.07397	846541	10.47574	0.998619	0.999647	1.00035	1.00138	4.973623
4800	-515.8367	-508.5039	-7.332819	794624	9.306574	0.998574	0.999635	1.00036	1.00143	3.713468
4810	-527.1062	-505.79	-21.31622	166280.5	10.88586	0.996885	0.999202	1.00079	1.00312	5.164602
4820	-528.0228	-503.0165	-25.00628	703768.9	10.09754	0.998485	0.999613	1.00039	1.00152	5.569182
4830	-520.4447	-496.8434	-23.60132	165431.6	8.667454	0.996877	0.9992	1.0008	1.00313	5.460375
4840	-517.884	-510.4225	-7.461492	743878.7	12.25277	0.998527	0.999623	1.00038	1.00147	3.927739
4850	-532.4691	-510.64	-21.82913	39929.91	10.50749	0.993646	0.998368	1.00162	1.00637	5.234887
4860	-515.4921	-498.9634	-16.52866	5542.963	9.267841	0.982979	0.995588	1.00431	1.01712	4.699104
4870	-526.9844	-502.4992	-24.48522	658459.9	8.016636	0.998434	0.999599	1.0004	1.00157	5.533586
4880	-524.7529	-506.7978	-17.95511	688310.4	11.3127	0.998468	0.999608	1.00039	1.00153	4.838472
4890	-523.345	-506.5616	-16.7834	330970.3	12.13197	0.997791	0.999435	1.00056	1.00221	4.695564
4900	-531.8304	-512.4159	-19.41453	482963.5	12.00624	0.998172	0.999532	1.00047	1.00183	4.921726
4910	-512.8694	-511.8008	-1.068633	153012.8	15.22251	0.996752	0.999168	1.00083	1.00325	3.429596
4920	-503.6318	-493.6282	-10.00359	69311.2	9.986364	0.995176	0.998763	1.00123	1.00483	4.074552
4930	-520.0415	-497.0737	-22.96781	865892.8	9.918909	0.998634	0.999651	1.00035	1.00137	5.375794
4940	-515.6966	-492.928	-22.76863	459789.5	13.11576	0.998126	0.999521	1.00048	1.00188	5.08788
4950	-523.5531	-505.8524	-17.70072	134495.5	9.288847	0.996536	0.999113	1.00088	1.00347	4.826636
4960	-507.4109	-493.2765	-14.13445	611042.7	11.0972	0.998374	0.999584	1.00041	1.00163	4.503634
4970	-524.8009	-501.5907	-23.21021	912575.3	9.596292	0.99867	0.99966	1.00034	1.00133	5.412773
4980	-515.2007	-498.3521	-16.84859	692804.4	10.20949	0.998473	0.99961	1.00039	1.00153	4.76197
4990	-525.5948	-509.8413	-15.7535	992906.2	10.0984	0.998725	0.999674	1.00033	1.00128	4.65286
5000	-526.808	-502.706	-24.10198	878225.4	8.904889	0.998644	0.999653	1.00035	1.00136	5.520452
5010	-521.513	-499.2298	-22.28315	596975.7	10.1374	0.998355	0.999579	1.00042	1.00165	5.297697
5020	-525.4005	-502.4115	-22.98895	240589.8	8.925717	0.99741	0.999337	1.00066	1.00259	5.395753
5030	-518.1244	-497.6996	-20.42481	704949.8	10.26711	0.998486	0.999613	1.00039	1.00151	5.110396
5040	-522.418	-493.0628	-29.35525	74629.79	8.711895	0.995351	0.998808	1.00118	1.00466	6.121907
5050	-535.183	-510.3766	-24.80646	773492.5	11.09362	0.998555	0.99963	1.00037	1.00145	5.465664
5060	-512.0593	-498.4531	-13.60614	516063.3	11.48338	0.998231	0.999548	1.00045	1.00177	4.451372
5070	-535.4058	-511.5113	-23.89451	65046.15	9.757632	0.99502	0.998723	1.00127	1.00499	5.477242
5080	-522.6235	-491.74	-30.88344	84351.25	6.554493	0.995627	0.998879	1.00111	1.00438	6.221934
5090	-526.1793	-498.224	-27.95524	296868.7	8.064856	0.997668	0.999403	1.00059	1.00233	5.967493
5100	-522.5604	-497.7752	-24.78516	809480.3	7.819744	0.998588	0.999639	1.00036	1.00141	5.554126
5110	-525.1238	-503.7742	-21.34961	877710.7	11.10338	0.998644	0.999653	1.00035	1.00136	5.15339
5120	-522.3177	-492.8115	-29.50623	963052.6	7.833962	0.998705	0.999669	1.00033	1.0013	6.15815
5130	-508.3463	-504.258	-4.08829	645526.8	12.35752	0.998418	0.999595	1.0004	1.00158	3.654915
5140	-521.1927	-502.2093	-18.98342	491568.1	8.488903	0.998188	0.999536	1.00046	1.00181	4.910384
5150	-521.7489	-505.0834	-16.66558	502176.5	12.17666	0.998207	0.999541	1.00046	1.00179	4.683321
5160	-503.7511	-489.4281	-14.32301	251889.5	11.85239	0.997468	0.999352	1.00065	1.00253	4.503136
5170	-505.8728	-489.4703	-16.40249	4542.257	9.73793	0.981203	0.99512	1.00475	1.01892	4.708778
5180	-507.8183	-492.0764	-15.74192	808249.9	11.17772	0.998586	0.999639	1.00036	1.00141	4.646548
5190	-523.2512	-497.0248	-26.2264	878094.5	6.996132	0.998644	0.999653	1.00035	1.00136	5.626222
5200	-515.1395	-498.7346	-16.40484	686012.7	9.141818	0.998466	0.999608	1.00039	1.00154	4.676716
5210	-520.1367	-489.987	-30.14971	303046.6	8.491053	0.997692	0.999409	1.00059	1.00231	6.225677
5220	-520.3471	-500.0578	-20.28923	693724.8	9.351475	0.998474	0.99961	1.00039	1.00153	5.10642
5230	-511.697	-494.9293	-16.76774	110515.2	9.633207	0.996179	0.999021	1.00097	1.00383	4.742815
5240	-520.7832	-494.5131	-26.27015	72349.62	9.714746	0.995278	0.998789	1.0012	1.00473	5.72372
5250	-507.0717	-490.6257	-16.44592	343191.8	9.473706	0.997831	0.999445	1.00055	1.00217	4.702183
5260	-509.8755	-489.6432	-20.23226	988251.1	10.22193	0.998722	0.999673	1.00033	1.00128	5.093028
5270	-522.2397	-505.6707	-16.56904	299277.1	12.57438	0.997677	0.999406	1.00059	1.00232	4.651544
5280	-521.5713	-495.1095	-26.46185	260114.6	8.732353	0.997509	0.999362	1.00064	1.00249	5.789453
5290	-526.1807	-500.9157	-25.26496	18301.86	11.85182	0.99062	0.997585	1.00238	1.00941	5.426385
5300	-513.1921	-497.5214	-15.67068	944430.9	9.553904	0.998692	0.999666	1.00033	1.00131	4.624887
5310	-505.5552	-491.0173	-14.53793	563968.4	14.66956	0.998308	0.999567	1.00043	1.00169	4.355953
5320	-510.9613	-494.1922	-16.76908	976494.1	8.409238	0.998714	0.999671	1.00033	1.00129	4.638292
5330	-513.4715	-496.7054	-16.76605	889942.7	11.55115	0.998653	0.999656	1.00034	1.00135	4.72362
5340	-509.8689	-494.304	-15.56491	353926.6	10.31118	0.997864	0.999453	1.00054	1.00214	4.637562
5350	-513.2096	-489.0143	-24.19533	553163.7	9.18847	0.998291	0.999563	1.00044	1.00171	5.528064
5360	-533.6836	-509.1976	-24.48601	641268.6	10.26227	0.998413	0.999594	1.0004	1.00159	5.506299
5370	-520.7786	-496.8278	-23.95087	606358.4	10.13045	0.998368	0.999583	1.00042	1.00163	5.46264
5380	-521.4434	-504.1767	-17.26667	239340.7	10.41217	0.997403	0.999335	1.00066	1.0026	4.80182
5390	-524.9093	-505.6587	-19.25057	60676.06	9.878979	0.994844	0.998677	1.00131	1.00516	5.001228
5400	-528.098	-501.0115	-27.0865	885947	12.58407	0.99865	0.999655	1.00034	1.00135	5.486707
5410	-522.3477	-495.7706	-26.57712	964031.5	8.435459	0.998706	0.999669	1.00033	1.00129	5.80479
5420	-531.0513	-498.6304	-32.42085	919781.1	6.973072	0.998675	0.999661	1.00034	1.00133	6.509681
5430	-522.4865	-494.7986	-27.68792	969808.3	9.672137	0.99871	0.99967	1.00033	1.00129	5.873221
5440	-511.4344	-502.5638	-8.870566	171994	13.71296	0.996937	0.999215	1.00078	1.00307	4.009694
5450	-531.1015	-511.3557	-19.74579	824328.2	7.895709	0.9986	0.999642	1.00036	1.0014	4.922968
5460	-514.9247	-498.1344	-16.79022	298677.1	10.89886	0.997675	0.999405	1.00059	1.00233	4.748516
5470	-527.1853	-503.1071	-24.07823	516778.2	12.32737	0.998232	0.999548	1.00045	1.00177	5.275826
5480	-517.3101	-497.6584	-19.65169	944606.9	9.889516	0.998692	0.999666	1.00033	1.00131	5.041745
5490	-529.2696	-502.6948	-26.57479	800863.4	10.44656	0.99858	0.999637	1.00036	1.00142	5.692474
5500	-505.9916	-488.7231	-17.26855	464475.5	10.89348	0.998136	0.999523	1.00048	1.00187	4.792557
5510	-511.659	-505.6864	-5.972638	589851.6	10.46723	0.998345	0.999577	1.00042	1.00166	3.722217
5520	-515.0641	-498.855	-16.20913	145333	12.69899	0.996668	0.999146	1.00085	1.00334	4.615199
5530	-520.8304	-494.9651	-25.86531	806862.4	7.870963	0.998585	0.999638	1.00036	1.00142	5.696216
5540	-516.6964	-498.153	-18.5434	41858.98	9.154573	0.993794	0.998406	1.00158	1.00622	4.911295
5550	-520.9712	-500.5184	-20.45281	649373.1	10.08369	0.998423	0.999597	1.0004	1.00158	5.118597
5560	-525.613	-505.823	-19.78998	652583.4	9.998282	0.998427	0.999598	1.0004	1.00157	5.054348
5570	-531.38	-513.1126	-18.26748	643195.3	8.886043	0.998416	0.999595	1.0004	1.00159	4.863834
5580	-521.3568	-501.334	-20.0229	538438.6	7.270035	0.998268	0.999557	1.00044	1.00173	4.822823
5590	-510.8219	-500.1966	-10.62533	604069	9.21685	0.998365	0.999582	1.00042	1.00164	4.055187
5600	-509.9263	-497.5528	-12.37349	306097.5	11.18517	0.997703	0.999412	1.00059	1.0023	4.345206
5610	-520.0934	-490.7412	-29.35222	166407	9.030692	0.996886	0.999202	1.00079	1.00312	6.101366
5620	-511.6341	-497.2323	-14.40177	919829.3	12.75497	0.998675	0.999661	1.00034	1.00133	4.469955
5630	-520.2555	-503.2628	-16.99265	564489.3	9.634756	0.998309	0.999567	1.00043	1.00169	4.766215
5640	-508.7982	-504.9429	-3.855238	578741.6	11.45688	0.99833	0.999573	1.00043	1.00167	3.60075
5650	-522.7708	-510.3844	-12.38643	535790.8	10.38861	0.998264	0.999556	1.00044	1.00174	4.332275
5660	-515.7628	-499.1741	-16.58869	89763.07	10.86269	0.995761	0.998913	1.00108	1.00425	4.730833
5670	-512.9204	-498.6026	-14.31783	42547.74	10.27949	0.993844	0.998419	1.00157	1.00617	4.515885
5680	-516.4552	-498.5992	-17.85599	150036.6	9.37908	0.99672	0.99916	1.00084	1.00328	4.847398
5690	-511.7886	-503.6448	-8.143789	441222.4	11.86207	0.998087	0.999511	1.00049	1.00191	3.981886
5700	-520.1257	-499.3513	-20.77439	962848.3	10.85213	0.998705	0.999669	1.00033	1.0013	5.116763
5710	-535.2797	-509.0879	-26.19178	903533	9.486445	0.998663	0.999658	1.00034	1.00134	5.73017
5720	-505.7964	-497.0965	-8.699909	210194.9	12.64096	0.997229	0.99929	1.00071	1.00277	4.024787
5730	-513.1936	-488.5645	-24.62909	742183.1	7.187091	0.998525	0.999623	1.00038	1.00148	5.440264
5740	-518.1662	-489.2597	-28.90649	455685.8	6.563264	0.998118	0.999518	1.00048	1.00188	5.922528
5750	-526.3245	-496.2589	-30.0656	832890.8	10.57441	0.998608	0.999644	1.00036	1.00139	6.010017
5760	-525.7279	-494.4694	-31.25849	364572.4	7.239271	0.997896	0.999462	1.00054	1.00211	6.366327
5770	-527.0762	-495.7345	-31.34165	316060	8.176202	0.99774	0.999422	1.00058	1.00226	6.38321
5780	-520.2027	-496.9433	-23.25933	669738.3	9.387291	0.998447	0.999603	1.0004	1.00155	5.423338
5790	-516.711	-498.1155	-18.59555	281096	8.387369	0.997604	0.999387	1.00061	1.0024	4.852837
5800	-518.009	-501.423	-16.58604	811343.4	9.429652	0.998589	0.999639	1.00036	1.00141	4.714736
5810	-530.1499	-498.5188	-31.63103	721403.4	10.02753	0.998504	0.999617	1.00038	1.0015	6.234732
5820	-521.2826	-506.8853	-14.39729	614355.8	11.34518	0.998379	0.999585	1.00041	1.00162	4.523338
5830	-514.5062	-499.5429	-14.96331	548176.8	10.98531	0.998284	0.999561	1.00044	1.00172	4.579948
5840	-508.8253	-491.5918	-17.2335	187265	9.57805	0.997064	0.999248	1.00075	1.00294	4.789331
5850	-532.4131	-514.4547	-17.95838	105504	12.6436	0.996089	0.998998	1.001	1.00392	4.757012
5860	-514.5531	-503.0846	-11.46847	873392.9	10.87972	0.99864	0.999652	1.00035	1.00136	4.259838
5870	-519.4119	-496.1731	-23.23882	875515.2	10.2445	0.998642	0.999653	1.00035	1.00136	5.385826
5880	-510.6385	-499.8156	-10.82298	495751.6	10.16042	0.998195	0.999538	1.00046	1.00181	4.168703
5890	-505.5919	-495.4556	-10.13621	275156.8	13.07102	0.997578	0.99938	1.00062	1.00242	4.126202
5900	-522.3895	-507.8429	-14.54658	831857.9	13.02368	0.998607	0.999644	1.00036	1.00139	4.466362
5910	-520.2789	-506.9556	-13.32326	550678.6	9.293685	0.998288	0.999562	1.00044	1.00171	4.355862
5920	-517.0867	-490.4274	-26.65928	523984.8	9.440671	0.998245	0.999551	1.00045	1.00176	5.782314
5930	-522.4409	-497.7674	-24.67347	527844.6	10.00311	0.998251	0.999553	1.00045	1.00175	5.542469
5940	-514.8188	-485.2069	-29.61191	770702.5	8.272121	0.998552	0.99963	1.00037	1.00145	6.169677
5950	-514.5783	-494.3299	-20.24831	640245.5	10.5983	0.998412	0.999594	1.00041	1.00159	5.080571
5960	-515.936	-506.9364	-8.999634	34570.31	11.26452	0.993172	0.998246	1.00174	1.00684	4.045683
5970	-505.4192	-492.9267	-12.49254	652395.4	11.92648	0.998427	0.999598	1.0004	1.00157	4.347088
5980	-511.2222	-502.999	-8.223208	623343.6	12.33514	0.99839	0.999588	1.00041	1.00161	3.989629
5990	-514.5286	-500.6263	-13.90227	259425	10.87192	0.997505	0.999361	1.00064	1.0025	4.483535
6000	-508.9986	-503.8564	-5.142195	973283.2	12.92128	0.998712	0.999671	1.00033	1.00129	3.744365
6010	-519.7324	-505.7763	-13.95612	12993.63	12.03102	0.988871	0.99713	1.00283	1.01117	4.466222
6020	-529.8109	-515.3269	-14.48399	29556.11	8.607251	0.992616	0.998102	1.00188	1.0074	4.399406
6030	-538.7853	-502.3278	-36.45755	85129.78	7.801352	0.995647	0.998884	1.00111	1.00436	7.048499
6040	-524.8451	-501.7825	-23.06266	618956.5	9.711947	0.998385	0.999587	1.00041	1.00162	5.393651
6050	-520.1696	-495.472	-24.69755	725584.5	10.51451	0.998508	0.999618	1.00038	1.00149	5.507304
6060	-535.0097	-507.9902	-27.01946	604652.6	9.072632	0.998366	0.999582	1.00042	1.00164	5.841161
6070	-513.1478	-496.8183	-16.3295	283594	9.726003	0.997614	0.999389	1.00061	1.00239	4.700866
6080	-524.4557	-492.0474	-32.40828	273637.5	8.095662	0.997571	0.999378	1.00062	1.00243	6.518094
6090	-530.5448	-505.233	-25.31174	911387.8	8.642314	0.998669	0.99966	1.00034	1.00133	5.657612
6100	-514.2955	-489.0616	-25.23399	931682.3	8.235121	0.998683	0.999663	1.00034	1.00132	5.638917
6110	-525.5532	-501.1167	-24.43654	100794.4	8.941288	0.995999	0.998975	1.00102	1.00401	5.557849
6120	-526.1864	-491.8216	-34.36479	311194.5	7.03966	0.997722	0.999417	1.00058	1.00228	6.791208
6130	-524.2255	-498.7341	-25.49139	196932.1	7.236044	0.997137	0.999267	1.00073	1.00287	5.569117
6140	-519.6112	-499.3889	-20.22235	435930.9	9.845898	0.998075	0.999508	1.00049	1.00193	5.100029
6150	-509.6505	-493.8616	-15.78894	299616.5	12.3327	0.997679	0.999406	1.00059	1.00232	4.603108
6160	-523.456	-497.6458	-25.81019	205583.2	9.928084	0.997198	0.999283	1.00071	1.0028	5.661687
6170	-522.2177	-495.805	-26.41271	641448.8	9.559714	0.998413	0.999594	1.0004	1.00159	5.748875
6180	-520.1541	-491.263	-28.89107	750710.3	8.9079	0.998533	0.999625	1.00037	1.00147	6.058077
6190	-522.0146	-492.9115	-29.10306	186960.9	8.415663	0.997062	0.999248	1.00075	1.00294	6.104824
6200	-527.8246	-510.6858	-17.13881	512007.8	9.792604	0.998224	0.999546	1.00045	1.00178	4.785722
6210	-526.0053	-502.9913	-23.014	375249.3	7.528861	0.997926	0.999469	1.00053	1.00208	5.284405
6220	-524.4956	-505.2991	-19.19646	443347.2	11.29844	0.998092	0.999512	1.00049	1.00191	4.949007
6230	-520.1032	-498.4105	-21.6927	659299.8	11.81076	0.998435	0.9996	1.0004	1.00157	5.128501
6240	-531.7864	-501.6088	-30.17755	820114.6	6.698544	0.998597	0.999641	1.00036	1.0014	6.143967
6250	-548.6959	-510.8412	-37.85475	322110.3	7.445479	0.997761	0.999427	1.00057	1.00224	7.262797
6260	-529.0673	-498.5391	-30.52818	265664.9	8.87408	0.997535	0.999369	1.00063	1.00247	6.244549
6270	-521.7865	-501.6271	-20.15935	671974.8	8.394548	0.99845	0.999604	1.0004	1.00155	5.040001
6280	-511.7768	-494.7639	-17.0129	104026.8	8.665795	0.996062	0.998991	1.001	1.00394	4.700053
6290	-508.5625	-493.2932	-15.26927	157142.4	10.64682	0.996795	0.999179	1.00082	1.00321	4.610731
6300	-513.8092	-499.0195	-14.78969	246813.6	12.44513	0.997443	0.999345	1.00065	1.00256	4.516615
6310	-516.6901	-506.4712	-10.21887	979395.2	13.23153	0.998716	0.999672	1.00033	1.00128	4.127013
6320	-512.3315	-493.5404	-18.79106	574351.7	8.687476	0.998323	0.999571	1.00043	1.00168	4.907175
6330	-510.7388	-494.7683	-15.97055	810690.1	10.62042	0.998589	0.999639	1.00036	1.00141	4.676798
6340	-511.6276	-499.5846	-12.04297	19363.11	12.36631	0.99088	0.997652	1.00232	1.00915	4.298361
6350	-505.7445	-503.164	-2.580494	161564.4	13.95756	0.996839	0.999191	1.00081	1.00316	3.549865
6360	-517.2405	-492.2052	-25.03537	549828.7	9.629246	0.998286	0.999562	1.00044	1.00171	5.601266
6370	-518.2442	-508.2545	-9.989665	302323.1	11.18529	0.997689	0.999409	1.00059	1.00231	4.132085
6380	-517.7442	-502.184	-15.5602	551206.7	9.67575	0.998288	0.999562	1.00044	1.00171	4.619508
6390	-515.3659	-496.7276	-18.63832	105555.8	10.4013	0.99609	0.998998	1.001	1.00392	4.933799
6400	-519.4002	-504.1516	-15.24855	813481.8	9.900949	0.998591	0.99964	1.00036	1.00141	4.596924
6410	-552.0305	-530.1091	-21.92137	378783.9	9.08298	0.997935	0.999472	1.00053	1.00207	5.279399
6420	-530.7675	-516.2847	-14.48285	903832.5	10.31303	0.998663	0.999658	1.00034	1.00134	4.532659
6430	-519.9606	-507.304	-12.65669	622842.5	10.53981	0.99839	0.999588	1.00041	1.00161	4.362816
6440	-517.2715	-494.7464	-22.52514	57211.82	9.395431	0.994691	0.998638	1.00135	1.00532	5.345029
6450	-517.5867	-503.3561	-14.23054	723574.3	10.66688	0.998506	0.999618	1.00038	1.00149	4.513305
6460	-500.1412	-497.2032	-2.937927	37036.5	16.11617	0.993403	0.998305	1.00168	1.00661	3.524849
6470	-507.8704	-490.0387	-17.83167	274926.1	8.277887	0.997577	0.99938	1.00062	1.00243	4.746436
6480	-509.8711	-493.7499	-16.12128	735251.1	11.0476	0.998518	0.999621	1.00038	1.00148	4.683915
6490	-509.8049	-499.7915	-10.01342	989588.1	10.79049	0.998723	0.999673	1.00033	1.00128	4.122949
6500	-523.2275	-511.138	-12.0895	119061.6	9.786133	0.996319	0.999057	1.00094	1.00369	4.269608
6510	-514.1448	-497.2041	-16.94076	919675.5	11.8023	0.998675	0.999661	1.00034	1.00133	4.726596
6520	-518.4584	-503.1732	-15.28527	841817.2	12.01117	0.998615	0.999646	1.00035	1.00139	4.577582
6530	-524.7029	-501.0244	-23.6785	675525.7	8.426716	0.998454	0.999605	1.00039	1.00155	5.460764
6540	-524.325	-503.9527	-20.37229	707493.8	10.94365	0.998489	0.999614	1.00039	1.00151	5.074694
6550	-521.7593	-498.7098	-23.04953	512644.4	9.152061	0.998225	0.999546	1.00045	1.00178	5.40353
6560	-524.6971	-512.7309	-11.96618	289956.4	10.47567	0.99764	0.999396	1.0006	1.00236	4.29512
6570	-513.3103	-499.7122	-13.59812	486354.7	11.69582	0.998178	0.999534	1.00046	1.00182	4.446131
6580	-527.3505	-502.8754	-24.47512	85649.68	11.23144	0.99566	0.998887	1.00111	1.00435	5.422705
6590	-530.8751	-504.4946	-26.38048	413954	11.57951	0.998025	0.999495	1.0005	1.00198	5.552658
6600	-527.6268	-504.6701	-22.9567	582454.1	9.777399	0.998335	0.999574	1.00042	1.00167	5.380404
6610	-521.8608	-503.7285	-18.13229	90454.56	9.322883	0.995777	0.998917	1.00108	1.00423	4.874583
6620	-535.3392	-503.5092	-31.82998	586476.6	6.245226	0.998341	0.999576	1.00042	1.00166	6.296811
6630	-532.5518	-500.9804	-31.57148	602023.2	7.713194	0.998362	0.999581	1.00042	1.00164	6.422732
6640	-515.176	-497.629	-17.54694	448270.2	9.930165	0.998102	0.999514	1.00048	1.0019	4.829399
6650	-525.2527	-494.8032	-30.44945	865306	8.789835	0.998634	0.999651	1.00035	1.00137	6.242013
6660	-507.8162	-497.749	-10.06724	271680.1	10.14209	0.997562	0.999376	1.00062	1.00244	4.093003
6670	-516.2039	-506.3678	-9.836054	791846.1	10.1883	0.998572	0.999635	1.00036	1.00143	4.073597
6680	-523.3327	-499.7925	-23.54026	698393.1	11.22465	0.998479	0.999611	1.00039	1.00152	5.340072
6690	-524.9804	-499.3307	-25.6497	481600.5	10.20367	0.998169	0.999532	1.00047	1.00183	5.624493
6700	-528.4804	-507.2915	-21.18885	940483.9	13.11249	0.99869	0.999665	1.00033	1.00131	4.96775
6710	-522.6217	-495.7216	-26.90012	939637.4	9.781409	0.998689	0.999665	1.00033	1.00131	5.783409
6720	-510.55	-503.1807	-7.369257	320905.2	10.98492	0.997757	0.999426	1.00057	1.00224	3.888636
6730	-505.4661	-498.0682	-7.397922	873102.4	12.26508	0.99864	0.999652	1.00035	1.00136	3.922588
6740	-510.6603	-495.5906	-15.06971	588070.8	9.58862	0.998343	0.999576	1.00042	1.00166	4.564036
6750	-519.5318	-500.4943	-19.03742	482322.7	11.58574	0.99817	0.999532	1.00047	1.00183	4.918131
6760	-518.2353	-510.9738	-7.261519	740829.2	14.61328	0.998524	0.999622	1.00038	1.00148	3.862153
6770	-531.8404	-503.9864	-27.85407	375980.4	12.0734	0.997928	0.99947	1.00053	1.00207	5.615818
6780	-530.3099	-512.9597	-17.35018	880980.6	10.4031	0.998646	0.999654	1.00035	1.00135	4.809937
6790	-516.6025	-500.4721	-16.13038	667944.5	9.695615	0.998445	0.999602	1.0004	1.00156	4.67923
6800	-519.2945	-503.2549	-16.03961	370329.2	12.57133	0.997912	0.999466	1.00053	1.00209	4.609623
6810	-512.6867	-496.0056	-16.68103	508282.9	9.429056	0.998218	0.999544	1.00045	1.00178	4.724779
6820	-520.9088	-497.0419	-23.86691	998038.1	8.665877	0.998728	0.999675	1.00032	1.00127	5.490981
6830	-528.127	-499.5273	-28.59978	734837.5	6.540594	0.998518	0.999621	1.00038	1.00148	5.869876
6840	-513.1411	-499.168	-13.97304	719065.6	11.26411	0.998501	0.999617	1.00038	1.0015	4.487199
6850	-517.4452	-505.9668	-11.4784	579662.9	12.35472	0.998331	0.999573	1.00043	1.00167	4.253014
6860	-530.2899	-511.4061	-18.88382	739065.7	10.66427	0.998522	0.999622	1.00038	1.00148	4.949631
6870	-537.631	-503.9452	-33.68581	983658.6	9.356014	0.998719	0.999672	1.00033	1.00128	6.538359
6880	-522.3878	-502.8073	-19.5805	570547.6	8.809964	0.998318	0.99957	1.00043	1.00168	5.006825
6890	-522.3144	-505.1283	-17.18609	221691.9	10.74481	0.997302	0.999309	1.00069	1.0027	4.788739
6900	-511.3944	-507.5382	-3.856219	235836.7	15.8146	0.997384	0.99933	1.00067	1.00262	3.593028
6910	-516.165	-501.6366	-14.52845	291518.6	12.83638	0.997647	0.999398	1.0006	1.00236	4.475484
6920	-521.0327	-504.0839	-16.94889	899092.3	13.28539	0.99866	0.999657	1.00034	1.00134	4.631637
6930	-524.1587	-500.9233	-23.2354	938187.8	9.722909	0.998688	0.999665	1.00033	1.00131	5.411028
6940	-526.2778	-504.7588	-21.51899	496597.9	9.833666	0.998197	0.999539	1.00046	1.0018	5.232032
6950	-515.549	-496.2794	-19.26968	762368.6	9.33521	0.998545	0.999628	1.00037	1.00146	4.99694
6960	-537.3366	-509.9858	-27.35079	461960.8	8.309903	0.99813	0.999522	1.00048	1.00187	5.896584
6970	-527.925	-503.5732	-24.35181	236129.1	7.486566	0.997385	0.999331	1.00067	1.00262	5.455706
6980	-522.7371	-503.9052	-18.83187	932033.7	7.604379	0.998684	0.999663	1.00034	1.00132	4.746913
6990	-518.52	-507.1613	-11.35862	373723.4	10.94695	0.997922	0.999468	1.00053	1.00208	4.251113
7000	-518.6685	-495.7099	-22.95865	660416.8	7.462679	0.998436	0.9996	1.0004	1.00156	5.265286
7010	-512.7409	-493.1441	-19.59675	247393.5	9.843133	0.997446	0.999346	1.00065	1.00256	5.036505
7020	-511.5184	-496.4906	-15.02777	561824	12.69207	0.998305	0.999566	1.00043	1.0017	4.522555
7030	-519.1132	-498.1632	-20.94997	593429.4	10.4012	0.99835	0.999578	1.00042	1.00165	5.156049
7040	-514.4535	-492.011	-22.44243	390152	9.671796	0.997966	0.999479	1.00052	1.00204	5.3309
7050	-523.4148	-506.4215	-16.99323	89818.32	10.64396	0.995762	0.998914	1.00108	1.00424	4.772702
7060	-513.8968	-497.9132	-15.98358	448441.1	9.256712	0.998102	0.999515	1.00048	1.0019	4.63949
7070	-521.278	-506.5275	-14.75046	238483.7	9.168142	0.997398	0.999334	1.00066	1.0026	4.49826
7080	-526.0831	-509.9706	-16.11248	101454.9	12.24211	0.996012	0.998978	1.00102	1.00399	4.634366
7090	-528.4962	-504.5396	-23.95657	419024.5	7.924321	0.998037	0.999498	1.0005	1.00196	5.459126
7100	-523.1183	-509.2068	-13.9115	404711.6	10.35196	0.998003	0.999489	1.00051	1.002	4.478231
7110	-529.0815	-508.725	-20.35654	285237.2	10.64694	0.997621	0.999391	1.00061	1.00238	5.088545
7120	-523.7699	-495.0579	-28.71204	163171.4	8.388411	0.996855	0.999195	1.0008	1.00315	6.058973
7130	-517.1057	-497.9169	-19.18881	561464.1	8.853814	0.998304	0.999566	1.00043	1.0017	4.965398
7140	-515.311	-490.8915	-24.41954	189096.8	10.81539	0.997078	0.999252	1.00075	1.00292	5.455867
7150	-528.8952	-512.6888	-16.20637	521995.3	12.30167	0.998241	0.99955	1.00045	1.00176	4.638713
7160	-522.2566	-502.0483	-20.20831	712001.7	11.71183	0.998494	0.999615	1.00038	1.00151	5.010139
7170	-519.2887	-506.357	-12.93166	434826.6	9.581192	0.998073	0.999507	1.00049	1.00193	4.340454
7180	-508.504	-489.8355	-18.66858	622557.9	12.19596	0.998389	0.999588	1.00041	1.00161	4.846451
7190	-510.9965	-489.1957	-21.8008	401676.3	9.33138	0.997995	0.999487	1.00051	1.00201	5.268078
7200	-518.298	-510.0838	-8.21415	531629.5	12.42613	0.998257	0.999554	1.00044	1.00174	3.988385
7210	-516.0676	-498.1336	-17.93401	116694.8	9.5051	0.996281	0.999047	1.00095	1.00372	4.860299
7220	-518.2305	-495.6895	-22.54101	210390	9.107844	0.99723	0.999291	1.00071	1.00277	5.347782
7230	-538.7998	-512.3177	-26.48217	52663.17	11.40867	0.994466	0.99858	1.00141	1.00554	5.581271
7240	-507.0769	-502.906	-4.170941	822937.7	13.40339	0.998599	0.999642	1.00036	1.0014	3.669411
7250	-518.0959	-492.7483	-25.3476	275307.4	7.554531	0.997578	0.99938	1.00062	1.00242	5.597649
7260	-521.6568	-501.3405	-20.31632	467670.7	8.610298	0.998142	0.999525	1.00047	1.00186	5.077241
7270	-531.4186	-495.4552	-35.96342	862052.5	7.936284	0.998631	0.99965	1.00035	1.00137	6.973195
7280	-520.1369	-499.6886	-20.44832	82920.78	10.46755	0.995589	0.998869	1.00112	1.00442	5.105156
7290	-524.2142	-504.1578	-20.05641	695166.4	13.07521	0.998476	0.99961	1.00039	1.00152	4.884769
7300	-514.5696	-502.8276	-11.74195	254454.1	13.8465	0.997481	0.999355	1.00064	1.00252	4.212161
7310	-530.2047	-512.1729	-18.03176	648168.5	8.013106	0.998422	0.999596	1.0004	1.00158	4.727946
7320	-530.9425	-511.4526	-19.48988	609202.6	9.472472	0.998372	0.999584	1.00042	1.00163	5.023468
7330	-528.7603	-505.8091	-22.95123	441490.7	6.884881	0.998088	0.999511	1.00049	1.00191	5.125923
7340	-503.651	-491.1177	-12.53329	19913.83	11.78642	0.991007	0.997685	1.00229	1.00902	4.353463
7350	-516.6017	-496.6649	-19.93672	915280.3	11.33349	0.998672	0.99966	1.00034	1.00133	5.012337
7360	-521.0478	-498.677	-22.37086	165632.4	10.02654	0.996878	0.999201	1.0008	1.00312	5.311299
7370	-517.1048	-492.0557	-25.04912	182789.8	8.551706	0.997028	0.999239	1.00076	1.00297	5.62611
7380	-521.7499	-510.1421	-11.60778	541763.2	10.17006	0.998274	0.999558	1.00044	1.00173	4.246485
7390	-521.6974	-502.5823	-19.11513	425035.4	12.23976	0.998051	0.999501	1.0005	1.00195	4.879813
7400	-521.0306	-500.8063	-20.22434	567029.9	11.81698	0.998312	0.999568	1.00043	1.00169	5.00371
7410	-541.6761	-514.9289	-26.74718	185754.7	10.58388	0.997052	0.999245	1.00075	1.00295	5.69524
7420	-533.2837	-505.7605	-27.52322	340818.9	10.73776	0.997824	0.999443	1.00056	1.00218	5.751587
7430	-522.9697	-499.9623	-23.00745	63560.46	11.51628	0.994963	0.998708	1.00128	1.00505	5.267103
7440	-531.9762	-499.0523	-32.92396	594961.5	5.212213	0.998353	0.999579	1.00042	1.00165	6.025105
7450	-515.3979	-494.8356	-20.56236	813385.3	9.354415	0.998591	0.99964	1.00036	1.00141	5.135664
7460	-514.241	-498.561	-15.67991	933559.3	10.68925	0.998685	0.999664	1.00034	1.00132	4.649027
7470	-520.0482	-502.4125	-17.63574	941018.5	11.118	0.99869	0.999665	1.00033	1.00131	4.818346
7480	-522.8312	-499.301	-23.53019	76996.96	9.766563	0.995423	0.998826	1.00117	1.00458	5.439525
7490	-515.7402	-498.2084	-17.5318	872826.8	8.80309	0.99864	0.999652	1.00035	1.00136	4.773643
7500	-525.3693	-502.3673	-23.00206	225105.8	9.398734	0.997322	0.999314	1.00068	1.00268	5.395729
7510	-518.3816	-494.18	-24.20161	242254.9	9.623798	0.997419	0.999339	1.00066	1.00258	5.514915
7520	-514.8543	-493.1817	-21.67257	723391.4	8.706798	0.998506	0.999618	1.00038	1.00149	5.239803
7530	-522.5888	-504.8082	-17.78063	997665.5	8.334276	0.998728	0.999675	1.00032	1.00127	4.748388
7540	-512.8361	-494.9729	-17.86325	677008	11.93426	0.998456	0.999605	1.00039	1.00155	4.796934
7550	-510.4965	-502.3646	-8.131888	302517.3	12.01339	0.99769	0.999409	1.00059	1.00231	3.982033
7560	-520.3839	-502.1253	-18.25856	170933.6	11.37324	0.996927	0.999213	1.00078	1.00308	4.862266
7570	-504.4529	-484.5848	-19.86813	229904.7	9.024853	0.99735	0.999322	1.00068	1.00265	5.050901
7580	-520.3581	-489.0072	-31.35087	782313.5	8.112545	0.998563	0.999633	1.00037	1.00144	6.386867
7590	-524.4763	-502.3412	-22.13509	243620	10.94658	0.997426	0.999341	1.00066	1.00258	5.235566
7600	-522.9334	-498.0047	-24.9287	131186.2	11.16769	0.996493	0.999101	1.00089	1.00351	5.469423
7610	-515.6213	-499.9806	-15.64067	433085.1	11.76748	0.998069	0.999506	1.00049	1.00193	4.617887
7620	-513.1876	-491.9274	-21.26017	412357.2	8.247304	0.998021	0.999494	1.0005	1.00198	5.157601
7630	-513.357	-495.8516	-17.5054	545280.8	9.269335	0.998279	0.99956	1.00044	1.00172	4.804575
7640	-515.1291	-498.2045	-16.92462	912959.6	11.39804	0.99867	0.99966	1.00034	1.00133	4.743966
7650	-507.1538	-497.1504	-10.00341	719517.9	12.59863	0.998502	0.999617	1.00038	1.0015	4.128867
7660	-521.7	-507.1013	-14.59867	314201.7	9.828505	0.997733	0.99942	1.00058	1.00227	4.528052
7670	-525.9749	-508.096	-17.87893	529734.8	9.537201	0.998254	0.999553	1.00045	1.00175	4.855521
7680	-527.8124	-506.6367	-21.17571	898156.6	10.2714	0.998659	0.999657	1.00034	1.00134	5.183359
7690	-518.2416	-500.1152	-18.12644	502239.9	8.066024	0.998207	0.999541	1.00046	1.00179	4.748971
7700	-509.7168	-492.1971	-17.51975	838390.2	8.910486	0.998612	0.999645	1.00035	1.00139	4.78175
7710	-523.4701	-501.0557	-22.41443	572707.8	9.334082	0.998321	0.99957	1.00043	1.00168	5.333818
7720	-521.3845	-505.3058	-16.07872	999972.6	11.55383	0.998729	0.999675	1.00032	1.00127	4.664012
7730	-533.631	-505.5385	-28.09244	667037.9	8.227728	0.998444	0.999602	1.0004	1.00156	5.986013
7740	-519.8136	-500.3607	-19.45294	441966.7	9.636962	0.998089	0.999511	1.00049	1.00191	5.021586
7750	-517.2138	-501.0103	-16.20347	10049.93	10.59342	0.987349	0.996733	1.00321	1.01271	4.698961
7760	-528.0463	-503.2625	-24.78377	498283.3	15.40431	0.9982	0.999539	1.00046	1.0018	4.965579
7770	-523.5218	-509.0634	-14.45839	921095.3	9.488982	0.998676	0.999661	1.00034	1.00132	4.493494
7780	-527.0334	-504.8382	-22.19521	665943.6	9.110963	0.998443	0.999602	1.0004	1.00156	5.309845
7790	-527.6753	-515.1836	-12.49171	380381.6	10.38292	0.99794	0.999473	1.00053	1.00206	4.342207
7800	-516.0616	-505.4703	-10.59131	59125.47	10.03032	0.994777	0.99866	1.00133	1.00523	4.136745
7810	-518.4984	-509.5333	-8.965123	326475.4	11.75894	0.997776	0.999431	1.00057	1.00223	4.050538
7820	-529.9285	-505.1858	-24.74268	767012.9	7.478547	0.998549	0.999629	1.00037	1.00145	5.506729
7830	-521.2114	-501.6967	-19.51468	761043.5	11.96473	0.998543	0.999627	1.00037	1.00146	4.933103
7840	-517.191	-498.3833	-18.80772	268078.6	9.794458	0.997546	0.999372	1.00063	1.00246	4.956157
7850	-514.007	-488.01	-25.99704	860448.8	8.103019	0.99863	0.99965	1.00035	1.00137	5.726495
7860	-515.6269	-502.6093	-13.01764	691675.7	10.77048	0.998472	0.999609	1.00039	1.00153	4.401122
7870	-518.829	-506.9537	-11.87528	157940.3	10.97714	0.996803	0.999181	1.00082	1.0032	4.298734
7880	-523.1188	-500.7023	-22.41649	432605.8	10.32941	0.998068	0.999506	1.00049	1.00193	5.301054
7890	-526.038	-500.1349	-25.90306	633078.8	9.855484	0.998403	0.999592	1.00041	1.0016	5.67631
7900	-511.7145	-497.584	-14.13047	523734.6	9.855484	0.998244	0.999551	1.00045	1.00176	4.481789
7910	-523.9204	-503.0941	-20.82631	997947.3	7.951156	0.998728	0.999675	1.00032	1.00127	5.068024
7920	-513.8371	-497.9011	-15.93593	58223.33	10.33718	0.994737	0.99865	1.00134	1.00527	4.67371
7930	-528.8875	-500.8589	-28.02855	532508.3	9.616834	0.998259	0.999555	1.00044	1.00174	5.913156
7940	-510.4868	-486.3194	-24.16746	54286.74	9.808981	0.99455	0.998601	1.00139	1.00546	5.502638
7950	-515.3336	-498.362	-16.97165	80788.39	10.54639	0.995531	0.998854	1.00114	1.00448	4.772129
7960	-518.5894	-497.9268	-20.66261	280444.2	11.48925	0.997601	0.999386	1.00061	1.0024	5.065444
7970	-531.0619	-507.5666	-23.49534	855112.4	7.111648	0.998626	0.999649	1.00035	1.00137	5.265001
7980	-534.3795	-501.3435	-33.03593	102309.3	6.129055	0.996029	0.998982	1.00101	1.00398	6.460471
7990	-511.7753	-482.1665	-29.60884	354258.4	8.664623	0.997865	0.999454	1.00054	1.00214	6.15364
8000	-531.2992	-497.1897	-34.10953	439334.6	7.607241	0.998083	0.99951	1.00049	1.00192	6.755878
8010	-518.1848	-488.462	-29.72282	156082.2	10.26448	0.996784	0.999176	1.00082	1.00322	6.016328
8020	-518.7317	-495.4451	-23.28661	549364.9	7.653737	0.998286	0.999561	1.00044	1.00172	5.340156
8030	-501.9042	-493.736	-8.168169	328940	12.86608	0.997785	0.999433	1.00057	1.00222	3.979507
8040	-526.0741	-498.6989	-27.37515	569514	8.400227	0.998316	0.999569	1.00043	1.00168	5.899565
8050	-527.8357	-509.3811	-18.45452	48342.08	10.85442	0.994225	0.998517	1.00147	1.00579	4.902908
8060	-521.9398	-505.0838	-16.85601	696562.6	13.08669	0.998477	0.999611	1.00039	1.00152	4.639175
8070	-510.5481	-503.0521	-7.496012	237986.9	11.7872	0.997396	0.999333	1.00066	1.00261	3.926097
8080	-511.654	-495.8703	-15.78374	273652.1	10.17942	0.997571	0.999378	1.00062	1.00243	4.657242
8090	-525.2957	-495.4968	-29.79885	359006.2	7.21971	0.997879	0.999457	1.00054	1.00212	6.16283
8100	-514.4197	-496.737	-17.68271	479988.6	10.32886	0.998166	0.999531	1.00047	1.00184	4.842777
8110	-518.9035	-498.9255	-19.97798	76672.69	10.09585	0.995413	0.998824	1.00117	1.00459	5.071247
8120	-515.9096	-496.2521	-19.65748	802832.3	10.82154	0.998582	0.999637	1.00036	1.00142	5.015278
8130	-522.8212	-499.4864	-23.33475	428466.8	9.134847	0.998059	0.999503	1.0005	1.00194	5.434802
8140	-527.0528	-504.389	-22.6639	554903.2	12.01365	0.998294	0.999564	1.00044	1.00171	5.191659
8150	-523.0661	-502.5144	-20.55165	564832.9	10.37055	0.998309	0.999568	1.00043	1.00169	5.118957
8160	-518.4171	-493.8637	-24.55339	487901.8	11.59186	0.998181	0.999535	1.00046	1.00182	5.393602
8170	-511.7835	-496.9812	-14.80232	950546.6	10.37356	0.998697	0.999667	1.00033	1.0013	4.564611
8180	-513.1985	-495.0748	-18.12368	38327.83	9.014593	0.993515	0.998334	1.00165	1.0065	4.856929
8190	-526.0936	-498.9446	-27.14899	603718.7	7.153875	0.998365	0.999582	1.00042	1.00164	5.785671
8200	-523.4569	-496.7619	-26.69505	417593.3	9.129864	0.998034	0.999497	1.0005	1.00197	5.802886
8210	-511.6931	-487.6448	-24.04829	294090.5	9.054483	0.997657	0.9994	1.0006	1.00234	5.513848
8220	-520.8308	-506.1939	-14.63697	863831.5	12.26341	0.998633	0.99965	1.00035	1.00137	4.512881
8230	-517.755	-506.9856	-10.76941	835947.1	10.68402	0.99861	0.999645	1.00035	1.00139	4.189453
8240	-505.3375	-495.5424	-9.795121	795661.7	11.81956	0.998575	0.999636	1.00036	1.00143	4.121147
8250	-514.406	-506.3267	-8.079305	862220.2	12.69779	0.998631	0.99965	1.00035	1.00137	3.975019
8260	-507.3278	-500.3049	-7.022938	919514.8	11.53095	0.998675	0.999661	1.00034	1.00133	3.879551
8270	-506.0305	-494.3815	-11.64899	87933.64	9.04059	0.995717	0.998902	1.00109	1.00429	4.142452
8280	-521.2483	-505.442	-15.80632	173325.5	11.19773	0.996948	0.999219	1.00078	1.00305	4.651784
8290	-515.3912	-491.6661	-23.72513	13847.29	8.704668	0.989219	0.99722	1.00274	1.01082	5.475501
8300	-509.7472	-498.8634	-10.88372	685802.6	10.40156	0.998466	0.999608	1.00039	1.00154	4.18827
8310	-507.014	-486.5166	-20.49742	921995.5	9.525615	0.998677	0.999662	1.00034	1.00132	5.130051
8320	-517.1158	-501.129	-15.9868	257006.2	13.02487	0.997494	0.999358	1.00064	1.00251	4.576868
8330	-540.5461	-508.8728	-31.67331	269662.8	9.796297	0.997553	0.999374	1.00062	1.00245	6.269477
8340	-532.9898	-513.9037	-19.08609	864282.9	9.507668	0.998633	0.99965	1.00035	1.00137	4.981555
8350	-518.7812	-497.6987	-21.0825	833749.6	8.21044	0.998608	0.999644	1.00036	1.00139	5.132189
8360	-532.286	-505.9619	-26.32406	424166.8	8.938616	0.998049	0.999501	1.0005	1.00195	5.76903
8370	-535.0269	-499.9864	-35.04048	54197.72	7.105424	0.994545	0.9986	1.00139	1.00547	6.888338
8380	-518.2653	-500.8465	-17.41877	41417.68	9.36603	0.993761	0.998398	1.00159	1.00625	4.800167
8390	-527.1764	-507.9573	-19.21906	893806.8	11.55299	0.998656	0.999656	1.00034	1.00134	4.935866
8400	-520.2775	-501.0351	-19.24231	554568.3	8.873013	0.998294	0.999564	1.00044	1.00171	4.9727
8410	-513.4164	-497.0045	-16.41196	554311.6	10.71467	0.998293	0.999563	1.00044	1.00171	4.717151
8420	-514.5087	-495.2072	-19.30153	467371.7	12.01185	0.998141	0.999524	1.00047	1.00186	4.91191
8430	-507.2986	-494.9984	-12.30019	437310.5	11.10193	0.998079	0.999508	1.00049	1.00192	4.338368
8440	-511.4463	-502.2059	-9.240421	606790.7	12.89947	0.998369	0.999583	1.00042	1.00163	4.06206
8450	-524.0927	-495.3585	-28.73418	474279.8	10.29869	0.998155	0.999528	1.00047	1.00185	5.916159
8460	-515.6913	-489.8686	-25.82271	316213	8.108856	0.99774	0.999422	1.00058	1.00226	5.705259
8470	-510.5576	-498.988	-11.56954	970940	10.88125	0.99871	0.99967	1.00033	1.00129	4.269158
8480	-525.1006	-493.9893	-31.11125	737571.7	7.94368	0.99852	0.999622	1.00038	1.00148	6.361675
8490	-519.125	-497.5909	-21.53413	9198.548	10.53409	0.986778	0.996584	1.00335	1.01328	5.2054
8500	-516.4032	-501.5858	-14.81744	169311.5	11.30963	0.996913	0.999209	1.00079	1.00309	4.561182
8510	-531.6516	-506.5933	-25.05834	195093.1	9.574667	0.997124	0.999263	1.00073	1.00288	5.606457
8520	-523.5264	-509.1805	-14.34599	115255.9	9.578124	0.996258	0.999041	1.00095	1.00375	4.487864
8530	-516.5728	-499.163	-17.40975	108777.7	12.94906	0.996149	0.999013	1.00098	1.00386	4.691731
8540	-521.591	-499.9342	-21.65678	630107.1	9.698994	0.998399	0.999591	1.00041	1.0016	5.249153
8550	-514.6705	-502.1761	-12.49441	802939.1	9.810619	0.998582	0.999637	1.00036	1.00142	4.312716
8560	-520.743	-501.5616	-19.18137	142534.6	8.801217	0.996635	0.999138	1.00086	1.00337	4.960894
8570	-520.3852	-505.8624	-14.52276	111332.9	11.04231	0.996193	0.999024	1.00097	1.00381	4.53928
8580	-519.4903	-501.7755	-17.71481	815553.1	11.20869	0.998593	0.99964	1.00036	1.00141	4.821761
8590	-535.8172	-519.6147	-16.20244	383729.5	11.97815	0.997949	0.999475	1.00052	1.00205	4.655601
8600	-519.0366	-493.3549	-25.68176	692898	8.695179	0.998473	0.99961	1.00039	1.00153	5.700322
8610	-511.9239	-499.1527	-12.77123	63435.06	12.58763	0.994958	0.998706	1.00128	1.00505	4.348995
8620	-513.3421	-507.5869	-5.755269	699662.8	10.99317	0.998481	0.999611	1.00039	1.00152	3.742233
8630	-526.4059	-505.0016	-21.40427	825279.9	8.568178	0.998601	0.999642	1.00036	1.0014	5.20097
8640	-531.8394	-500.4799	-31.35942	371284	6.102184	0.997915	0.999466	1.00053	1.00209	6.178337
8650	-525.3936	-506.9867	-18.40688	946818.4	10.12248	0.998694	0.999666	1.00033	1.00131	4.915442
8660	-521.167	-507.5821	-13.58491	483067	11.46269	0.998172	0.999532	1.00047	1.00183	4.449892
8670	-510.9031	-494.2257	-16.67741	374442.1	8.53556	0.997924	0.999469	1.00053	1.00208	4.645035
8680	-511.8839	-496.2118	-15.67214	532288.8	13.95389	0.998258	0.999554	1.00044	1.00174	4.488098
8690	-517.5944	-501.8493	-15.74514	80001.28	11.64114	0.99551	0.998849	1.00114	1.0045	4.631859
8700	-527.1165	-501.1649	-25.95162	925370.3	7.619821	0.998679	0.999662	1.00034	1.00132	5.684837
8710	-512.9187	-495.3027	-17.61599	568911.7	10.17675	0.998315	0.999569	1.00043	1.00169	4.837244
8720	-528.2837	-509.3282	-18.95552	767657	11.37355	0.99855	0.999629	1.00037	1.00145	4.92353
8730	-521.3497	-493.8325	-27.51721	432779.3	7.392013	0.998068	0.999506	1.00049	1.00193	5.868578
8740	-513.3676	-497.4578	-15.90982	765470.7	10.79921	0.998548	0.999629	1.00037	1.00145	4.669276
8750	-511.8743	-496.1238	-15.75052	596408.7	13.19451	0.998355	0.999579	1.00042	1.00165	4.547561
8760	-521.7945	-506.3691	-15.42541	497959.1	9.016872	0.998199	0.999539	1.00046	1.0018	4.557833
8770	-525.0265	-505.3539	-19.67263	633622.5	10.49813	0.998404	0.999592	1.00041	1.0016	5.029986
8780	-519.3474	-502.1354	-17.21201	585188.1	10.80585	0.998339	0.999575	1.00042	1.00166	4.789692
8790	-524.1725	-507.3385	-16.83405	49076.08	9.310708	0.994268	0.998529	1.00146	1.00574	4.734626
8800	-511.9233	-498.1828	-13.74047	738145.6	10.38255	0.998521	0.999622	1.00038	1.00148	4.462468
8810	-522.3006	-499.5333	-22.7673	38561.32	10.39785	0.993534	0.998339	1.00165	1.00648	5.330975
8820	-510.7616	-497.284	-13.47758	794305.5	9.031901	0.998574	0.999635	1.00036	1.00143	4.343659
8830	-530.93	-507.3559	-23.57403	792713.6	9.769914	0.998573	0.999635	1.00036	1.00143	5.443868
8840	-525.7251	-492.4917	-33.23336	39028.04	9.127155	0.993573	0.998349	1.00164	1.00644	6.519367
8850	-534.1396	-509.1098	-25.02978	424116	8.536448	0.998049	0.999501	1.0005	1.00195	5.62359
8860	-529.5831	-502.5294	-27.05377	368820.8	10.38991	0.997908	0.999465	1.00053	1.00209	5.744012
8870	-524.8517	-501.5557	-23.29595	196672.1	8.892294	0.997135	0.999266	1.00073	1.00287	5.429794
8880	-514.5489	-511.8801	-2.668772	435515.5	15.86511	0.998075	0.999507	1.00049	1.00193	3.516356
8890	-519.3762	-511.7956	-7.580593	629936.5	11.68097	0.998399	0.99959	1.00041	1.0016	3.931335
8900	-528.6198	-509.987	-18.63272	24307.44	9.582827	0.991859	0.997906	1.00207	1.00816	4.935511
8910	-514.4943	-512.4019	-2.092461	230194.8	14.11973	0.997352	0.999322	1.00068	1.00265	3.513958
8920	-525.0013	-512.6026	-12.3987	899645.6	11.4194	0.99866	0.999657	1.00034	1.00134	4.346744
8930	-522.8271	-511.8826	-10.94447	33936.82	10.00634	0.993108	0.998229	1.00175	1.00691	4.170231
8940	-528.4994	-516.1957	-12.30372	77838.94	11.84477	0.995448	0.998833	1.00116	1.00456	4.332913
8950	-520.8379	-504.7264	-16.11142	186261.7	11.84469	0.997056	0.999246	1.00075	1.00295	4.654384
8960	-521.2063	-507.9389	-13.26739	487036.7	11.09464	0.998179	0.999534	1.00046	1.00182	4.425508
8970	-514.0118	-512.2228	-1.788957	641829.4	11.9283	0.998414	0.999594	1.0004	1.00159	3.449719
8980	-514.7313	-508.4782	-6.253101	148528.3	12.48088	0.996704	0.999156	1.00084	1.0033	3.830852
8990	-534.462	-510.7036	-23.75843	914787.4	9.442177	0.998671	0.99966	1.00034	1.00133	5.474998
9000	-528.0884	-501.5477	-26.54073	131615.5	10.10686	0.996498	0.999103	1.00089	1.00351	5.720341
9010	-526.5995	-504.8752	-21.72432	914028.5	9.905299	0.998671	0.99966	1.00034	1.00133	5.250847
9020	-517.7013	-506.41	-11.29127	9902.243	11.8087	0.987255	0.996709	1.00323	1.0128	4.24785
9030	-517.078	-498.3628	-18.71517	1.954113	9.2524	0.287735	0.650044	1.0688	1.99342	4.934407
9040	-528.9599	-506.4742	-22.48566	3.040967	10.67587	0.392407	0.733771	1.08271	1.79111	5.28661
9050	-514.4823	-496.0484	-18.43391	65.99877	12.0835	0.848161	0.955825	1.03552	1.16049	4.834897
9060	-509.1835	-495.2327	-13.95081	11749.41	8.717304	0.988298	0.996981	1.00297	1.01175	4.354506
9070	-526.8092	-501.8906	-24.9186	298104.8	12.78384	0.997673	0.999404	1.00059	1.00233	5.291094
9080	-531.223	-500.9207	-30.30222	300421.2	6.492074	0.997682	0.999407	1.00059	1.00232	6.118981
9090	-523.5808	-501.7903	-21.7905	482735.8	8.627243	0.998171	0.999532	1.00047	1.00183	5.249373
9100	-518.0757	-487.0603	-31.01547	657547.6	6.588589	0.998433	0.999599	1.0004	1.00157	6.248901
9110	-516.6657	-487.0701	-29.59561	484832	6.849118	0.998175	0.999533	1.00047	1.00183	6.085059
9120	-521.8553	-485.1967	-36.65862	699210.9	7.94328	0.99848	0.999611	1.00039	1.00152	7.060055
9130	-526.4506	-494.4772	-31.9734	116937.9	6.693554	0.996285	0.999048	1.00095	1.00372	6.411314
9140	-525.4299	-498.3162	-27.11367	274397.3	9.491174	0.997574	0.999379	1.00062	1.00243	5.827024
9150	-513.4543	-497.6955	-15.75878	875623.5	11.77358	0.998642	0.999653	1.00035	1.00136	4.627667
9160	-532.8196	-499.8875	-32.93206	177796.5	7.305818	0.996987	0.999228	1.00077	1.00302	6.599467
9170	-521.8743	-493.0187	-28.85564	921141.3	6.82785	0.998676	0.999661	1.00034	1.00132	5.973031
9180	-513.1265	-497.149	-15.97754	858969.5	10.03214	0.998629	0.999649	1.00035	1.00137	4.673778
9190	-519.5523	-504.0634	-15.48891	870032.5	10.09728	0.998638	0.999652	1.00035	1.00136	4.626634
9200	-529.8851	-496.5472	-33.33791	555874.1	7.670433	0.998296	0.999564	1.00043	1.00171	6.65298
9210	-550.1738	-517.8805	-32.29331	578288.5	7.963461	0.998329	0.999573	1.00043	1.00167	6.509739
9220	-539.811	-506.0205	-33.79049	129042.7	7.438309	0.996464	0.999094	1.0009	1.00354	6.716989
9230	-530.5272	-499.8306	-30.69661	573670.5	7.41651	0.998322	0.999571	1.00043	1.00168	6.299977
9240	-535.4483	-504.8185	-30.62982	612057.7	9.96303	0.998376	0.999585	1.00041	1.00163	6.142865
9250	-527.8735	-511.762	-16.11155	529711.5	10.52819	0.998254	0.999553	1.00045	1.00175	4.690661
9260	-526.1243	-501.2167	-24.90766	629093.5	10.25896	0.998398	0.99959	1.00041	1.0016	5.547637
9270	-544.5711	-514.1737	-30.3974	291442.5	7.671804	0.997646	0.999398	1.0006	1.00236	6.269656
9280	-527.9711	-517.0624	-10.9087	423403.4	9.252624	0.998047	0.9995	1.0005	1.00195	4.090713
9290	-523.9204	-512.885	-11.03542	63878.04	10.60691	0.994975	0.998711	1.00128	1.00503	4.211615
9300	-520.3157	-511.0464	-9.269268	60844.01	10.05712	0.994852	0.998679	1.00131	1.00516	4.007266
9310	-533.1966	-514.7882	-18.40843	184596.2	12.71464	0.997043	0.999243	1.00075	1.00296	4.787186
9320	-534.4847	-517.4434	-17.04127	139424.5	11.63096	0.996598	0.999128	1.00087	1.00341	4.74369
9330	-512.169	-500.16	-12.009	927974.4	13.48181	0.998681	0.999663	1.00034	1.00132	4.250352
9340	-513.9274	-497.4339	-16.49353	871296.6	10.71683	0.998639	0.999652	1.00035	1.00136	4.724731
9350	-503.1316	-496.3172	-6.814403	625287.9	12.777	0.998393	0.999589	1.00041	1.00161	3.874961
9360	-514.0686	-499.4804	-14.5882	897607.7	12.30669	0.998659	0.999657	1.00034	1.00134	4.506943
9370	-511.1773	-490.4782	-20.69917	167578	14.06432	0.996897	0.999205	1.00079	1.00311	4.837304
9380	-514.1145	-496.8154	-17.29907	411950.8	12.02727	0.99802	0.999493	1.00051	1.00198	4.744303
9390	-508.7448	-497.1662	-11.57867	629450.6	15.76218	0.998398	0.99959	1.00041	1.0016	4.084835
9400	-503.1889	-489.9337	-13.25513	92831.5	9.510791	0.995831	0.998931	1.00106	1.00417	4.368526
9410	-510.03	-492.3728	-17.65715	788735.3	9.864243	0.998569	0.999634	1.00037	1.00143	4.839745
9420	-517.8873	-505.4331	-12.45425	727695.1	9.69639	0.99851	0.999619	1.00038	1.00149	4.300136
9430	-505.3895	-504.792	-0.5975224	283097.7	13.74109	0.997612	0.999389	1.00061	1.00239	3.406616
9440	-522.2644	-504.7209	-17.54354	975336.8	14.05905	0.998713	0.999671	1.00033	1.00129	4.613377
9450	-511.138	-502.0906	-9.047388	271817.1	13.24473	0.997563	0.999376	1.00062	1.00244	4.038091
9460	-524.9616	-504.0224	-20.93912	991389.1	7.916466	0.998724	0.999674	1.00033	1.00128	5.077191
9470	-510.9558	-498.5105	-12.44529	612117.8	10.16775	0.998376	0.999585	1.00041	1.00163	4.328725
9480	-528.6487	-508.9119	-19.73675	60340.76	11.62085	0.99483	0.998674	1.00132	1.00518	4.976126
9490	-516.1689	-502.3669	-13.80199	997665.4	10.86323	0.998728	0.999675	1.00032	1.00127	4.474296
9500	-514.3825	-493.9074	-20.47512	713445.7	9.897623	0.998496	0.999615	1.00038	1.00151	5.124868
9510	-520.3377	-494.1112	-26.22651	334050.8	10.59282	0.997802	0.999437	1.00056	1.0022	5.645176
9520	-510.7862	-501.2262	-9.560044	885646.5	11.75883	0.99865	0.999655	1.00034	1.00135	4.10113
9530	-513.3838	-497.07	-16.31374	154633.6	12.2218	0.996769	0.999173	1.00082	1.00323	4.651938
9540	-522.6019	-507.2137	-15.38822	22010.4	10.41874	0.991445	0.997799	1.00218	1.00858	4.621458
9550	-523.2758	-511.086	-12.18986	921438.2	12.23261	0.998676	0.999661	1.00034	1.00132	4.314214
9560	-528.8224	-506.1165	-22.70588	495090	9.375063	0.998194	0.999538	1.00046	1.00181	5.364548
9570	-528.4129	-500.0878	-28.32511	322489.6	8.028705	0.997763	0.999427	1.00057	1.00224	6.012793
9580	-530.0386	-509.6981	-20.34054	178985.3	9.576216	0.996997	0.999231	1.00077	1.00301	5.113721
9590	-512.8876	-501.8368	-11.05086	810149.1	11.47479	0.998588	0.999639	1.00036	1.00141	4.228841
9600	-511.298	-498.4917	-12.80637	346129.4	10.82803	0.99784	0.999447	1.00055	1.00216	4.382255
9610	-522.3406	-497.2551	-25.08556	668926.9	8.994769	0.998446	0.999603	1.0004	1.00155	5.629582
9620	-513.2872	-500.079	-13.20825	565836.6	9.876019	0.998311	0.999568	1.00043	1.00169	4.389422
9630	-520.8391	-505.092	-15.74713	140515.7	12.47689	0.996611	0.999132	1.00086	1.00339	4.591764
9640	-528.1571	-505.5665	-22.59061	854861.5	8.890853	0.998626	0.999649	1.00035	1.00138	5.350443
9650	-534.5981	-507.418	-27.18006	720238	7.807467	0.998503	0.999617	1.00038	1.0015	5.859656
9660	-537.2096	-506.3875	-30.82207	359314.9	7.474303	0.99788	0.999458	1.00054	1.00212	6.319468
9670	-539.1608	-507.2373	-31.92349	368505	7.176204	0.997907	0.999464	1.00053	1.00209	6.454517
9680	-517.851	-496.2402	-21.61083	419803.6	9.994002	0.998039	0.999498	1.0005	1.00196	5.236607
9690	-539.6044	-517.6237	-21.98062	514144.5	11.20046	0.998228	0.999547	1.00045	1.00177	5.202966
9700	-539.1019	-505.9154	-33.18648	835388.7	6.480936	0.99861	0.999644	1.00035	1.00139	6.561366
9710	-529.2698	-504.5042	-24.76561	710756.8	7.529344	0.998493	0.999615	1.00038	1.00151	5.517125
9720	-523.5699	-496.6187	-26.95117	864174.6	7.792839	0.998633	0.99965	1.00035	1.00137	5.829385
9730	-514.4356	-500.493	-13.94265	651891.6	11.67539	0.998426	0.999597	1.0004	1.00157	4.476133
9740	-517.0151	-501.9521	-15.06308	181218.8	11.27031	0.997016	0.999236	1.00076	1.00299	4.583829
9750	-514.4169	-496.0357	-18.38115	299753.4	8.317385	0.997679	0.999406	1.00059	1.00232	4.818198
9760	-523.3469	-496.4688	-26.87815	308262.2	8.734883	0.997712	0.999414	1.00058	1.00229	5.837069
9770	-518.0146	-501.2933	-16.72125	582352	9.557473	0.998335	0.999574	1.00042	1.00167	4.735
9780	-515.2373	-504.6881	-10.54916	685727.2	11.82315	0.998465	0.999608	1.00039	1.00154	4.184921
9790	-516.5957	-506.8579	-9.737802	605435.1	9.996987	0.998367	0.999582	1.00042	1.00163	4.048846
9800	-521.9129	-508.3313	-13.58152	850293.6	9.654962	0.998622	0.999648	1.00035	1.00138	4.413584
9810	-510.4237	-502.9289	-7.494763	638397.1	12.0673	0.99841	0.999593	1.00041	1.00159	3.929475
9820	-521.0141	-499.9406	-21.07345	751947.4	8.200019	0.998535	0.999625	1.00037	1.00147	5.129963
9830	-514.1829	-502.024	-12.15889	240548.3	10.51327	0.99741	0.999337	1.00066	1.00259	4.314754
9840	-519.1968	-496.4519	-22.74487	595894.6	9.502449	0.998354	0.999579	1.00042	1.00165	5.36649
9850	-518.6705	-495.9949	-22.67556	254984.9	9.341681	0.997484	0.999356	1.00064	1.00252	5.361713
9860	-513.7327	-493.1091	-20.62367	779067.8	8.544461	0.99856	0.999632	1.00037	1.00144	5.10806
9870	-527.3585	-501.6686	-25.68989	922598.7	7.406363	0.998677	0.999662	1.00034	1.00132	5.623452
9880	-532.894	-496.7872	-36.10678	329563.7	7.517701	0.997787	0.999434	1.00056	1.00222	7.024076
9890	-532.3366	-499.072	-33.26459	506445.3	9.899459	0.998214	0.999543	1.00046	1.00179	6.416772
9900	-540.0794	-515.2237	-24.85568	562023	9.184632	0.998305	0.999566	1.00043	1.0017	5.600034
9910	-525.7718	-504.7894	-20.98236	320337.3	10.6699	0.997755	0.999425	1.00057	1.00225	5.146115
9920	-517.7829	-500.0867	-17.69621	211152.3	11.87942	0.997235	0.999292	1.00071	1.00277	4.786168
9930	-536.0305	-511.2789	-24.75155	727293.8	9.409954	0.99851	0.999619	1.00038	1.00149	5.581443
9940	-536.1328	-522.124	-14.00887	269754.1	12.554	0.997554	0.999374	1.00062	1.00245	4.448898
9950	-518.8609	-508.6229	-10.23794	758802.4	12.62724	0.998541	0.999627	1.00037	1.00146	4.146794
9960	-522.2162	-511.1046	-11.11161	560008.3	10.73836	0.998302	0.999566	1.00043	1.0017	4.223202
9970	-513.8554	-508.3798	-5.475627	724174.2	16.67261	0.998507	0.999618	1.00038	1.00149	3.656573
9980	-526.9478	-505.7751	-21.17272	628598.6	9.570861	0.998397	0.99959	1.00041	1.0016	5.200662
9990	-521.0612	-499.0284	-22.03282	664818.4	9.621889	0.998441	0.999601	1.0004	1.00156	5.289595
10000	-511.2711	-499.7518	-11.51933	420186.5	13.45822	0.99804	0.999498	1.0005	1.00196	4.215132
