Iteration	Posterior	Likelihood	Prior	alpha_morpho	br_len_lambda	rates_morpho[1]	rates_morpho[2]	rates_morpho[3]	rates_morpho[4]	tree_length
0	-857.2626	-827.7351	-29.5275	709269.3	7.258771	0.998491	0.999614	1.00039	1.00151	6.129119
10	-665.3724	-631.5784	-33.79401	589567.7	8.289844	0.998345	0.999577	1.00042	1.00166	6.67371
20	-577.6522	-557.2715	-20.3807	396051.8	9.8593	0.997981	0.999483	1.00052	1.00202	5.115922
30	-544.7835	-529.6752	-15.10835	829688.2	13.2246	0.998605	0.999643	1.00036	1.0014	4.496985
40	-543.6922	-525.0095	-18.68267	867161.5	9.972665	0.998635	0.999651	1.00035	1.00137	4.94369
50	-541.0975	-524.2774	-16.82009	948457.9	10.20274	0.998695	0.999666	1.00033	1.00131	4.759153
60	-537.4051	-515.0492	-22.35593	282812.3	9.743637	0.997611	0.999388	1.00061	1.00239	5.319978
70	-532.4957	-503.7692	-28.72648	293881	8.53714	0.997656	0.9994	1.0006	1.00235	6.056615
80	-534.5252	-503.4977	-31.02751	929263.1	6.814238	0.998682	0.999663	1.00034	1.00132	6.289152
90	-538.286	-508.9343	-29.35163	849538.4	7.772462	0.998621	0.999647	1.00035	1.00138	6.136854
100	-524.0837	-500.685	-23.39863	715526.7	8.236968	0.998498	0.999616	1.00038	1.0015	5.416177
110	-533.7888	-508.7226	-25.06618	457835.9	9.263206	0.998122	0.99952	1.00048	1.00188	5.620461
120	-533.4371	-509.1724	-24.26461	288987.1	8.436372	0.997636	0.999395	1.0006	1.00237	5.530682
130	-525.2017	-494.3345	-30.86714	314786.9	10.69706	0.997735	0.99942	1.00058	1.00227	6.068727
140	-526.5306	-503.7303	-22.80029	22952.3	9.609421	0.991622	0.997845	1.00213	1.0084	5.369703
150	-534.4701	-495.8918	-38.57827	88292.38	8.439511	0.995725	0.998904	1.00109	1.00428	7.226829
160	-524.4231	-501.9513	-22.47178	82081.45	9.969127	0.995567	0.998863	1.00113	1.00444	5.323785
170	-527.3743	-499.1967	-28.17756	62724.24	9.090505	0.994929	0.998699	1.00129	1.00508	5.967722
180	-532.1004	-504.3913	-27.70916	27544.85	7.947592	0.992352	0.998033	1.00195	1.00767	5.933539
190	-521.708	-500.898	-20.81002	171900.3	9.14539	0.996936	0.999215	1.00078	1.00307	5.158673
200	-518.2397	-496.4788	-21.76086	396329.6	9.168695	0.997982	0.999484	1.00051	1.00202	5.262914
210	-516.6118	-503.5499	-13.06191	747447.6	12.71119	0.99853	0.999624	1.00038	1.00147	4.366836
220	-517.7432	-503.0863	-14.65687	776435.7	12.54248	0.998558	0.999631	1.00037	1.00144	4.501099
230	-515.474	-502.467	-13.00699	712365.6	8.850641	0.998494	0.999615	1.00038	1.00151	4.266724
240	-520.4479	-504.3158	-16.13207	621659.2	9.724866	0.998388	0.999588	1.00041	1.00161	4.680525
250	-505.3127	-486.7129	-18.59973	971920.4	11.49127	0.998711	0.99967	1.00033	1.00129	4.885782
260	-503.9324	-488.8415	-15.09085	447067.5	9.545512	0.9981	0.999514	1.00048	1.0019	4.563691
270	-518.5691	-495.3073	-23.26182	682517.5	7.949123	0.998462	0.999607	1.00039	1.00154	5.374118
280	-505.8929	-495.1302	-10.76268	350780.7	11.59731	0.997855	0.999451	1.00055	1.00215	4.203909
290	-513.9315	-497.5552	-16.37629	596795.4	10.79341	0.998355	0.999579	1.00042	1.00165	4.712572
300	-522.57	-505.5824	-16.98763	608268.1	10.70481	0.998371	0.999583	1.00042	1.00163	4.771071
310	-510.4053	-498.061	-12.34428	556423.1	9.36706	0.998296	0.999564	1.00043	1.0017	4.258479
320	-527.3909	-507.0018	-20.3891	990813.3	11.44481	0.998723	0.999674	1.00033	1.00128	5.044721
330	-514.2962	-504.4088	-9.88742	756013.2	14.13597	0.998538	0.999626	1.00037	1.00146	4.065265
340	-531.3587	-504.4407	-26.91793	899265.4	11.81479	0.99866	0.999657	1.00034	1.00134	5.570419
350	-524.428	-499.9964	-24.43156	273507.7	9.318804	0.997571	0.999378	1.00062	1.00243	5.550384
360	-543.8382	-520.8303	-23.00787	986116.4	9.558088	0.99872	0.999673	1.00033	1.00128	5.392753
370	-531.7422	-502.248	-29.49413	81092.12	8.068757	0.99554	0.998856	1.00114	1.00447	6.15829
380	-534.6034	-505.6317	-28.97171	300202.3	6.237501	0.997681	0.999406	1.00059	1.00232	5.836498
390	-526.5471	-505.6514	-20.89576	160998.7	8.559908	0.996834	0.999189	1.00081	1.00317	5.141028
400	-521.2614	-504.3235	-16.93788	576210.4	12.20183	0.998326	0.999572	1.00043	1.00168	4.704195
410	-514.1717	-498.7765	-15.39522	752004.8	10.33371	0.998535	0.999625	1.00037	1.00147	4.621365
420	-507.89	-499.5804	-8.309562	199369.6	14.75397	0.997155	0.999271	1.00073	1.00285	3.927572
430	-524.1745	-508.6478	-15.52668	716380.3	15.7243	0.998499	0.999616	1.00038	1.0015	4.338431
440	-528.5303	-507.765	-20.76527	784063	11.6361	0.998565	0.999633	1.00037	1.00144	5.063481
450	-515.9534	-502.1247	-13.82869	291552.4	11.97392	0.997647	0.999398	1.0006	1.00236	4.457569
460	-521.0744	-505.353	-15.72134	863857.6	9.5038	0.998633	0.99965	1.00035	1.00137	4.627438
470	-506.7401	-493.5547	-13.18544	60161.69	10.63969	0.994822	0.998672	1.00132	1.00519	4.414889
480	-508.5456	-504.1014	-4.4442	588382.7	12.17088	0.998343	0.999576	1.00042	1.00166	3.679501
490	-523.9451	-497.0701	-26.87498	306529.7	9.054228	0.997705	0.999413	1.00059	1.0023	5.826045
500	-546.3467	-518.7259	-27.62086	653502.5	9.717469	0.998428	0.999598	1.0004	1.00157	5.862529
510	-510.4664	-497.6486	-12.81781	929764.5	11.02876	0.998682	0.999663	1.00034	1.00132	4.384833
520	-508.437	-491.6199	-16.81706	800565.9	10.35516	0.99858	0.999637	1.00036	1.00142	4.758898
530	-519.2139	-500.3471	-18.86681	618857.4	10.08758	0.998385	0.999587	1.00041	1.00162	4.961273
540	-516.8942	-501.0413	-15.8529	674441.5	10.47351	0.998453	0.999604	1.00039	1.00155	4.666143
550	-507.148	-497.2445	-9.903516	712123.2	11.5012	0.998494	0.999615	1.00038	1.00151	4.129107
560	-510.114	-504.0832	-6.030831	301697.4	12.93797	0.997687	0.999408	1.00059	1.00232	3.813049
570	-520.8991	-494.1451	-26.75399	541118.5	7.524546	0.998273	0.999558	1.00044	1.00173	5.780703
580	-523.7818	-511.2303	-12.55151	320233.4	11.21206	0.997755	0.999425	1.00057	1.00225	4.361106
590	-522.6075	-499.6119	-22.99556	450299.6	9.022126	0.998106	0.999516	1.00048	1.00189	5.39742
600	-507.4867	-486.2771	-21.20958	423693.5	9.527218	0.998048	0.999501	1.0005	1.00195	5.204805
610	-534.2724	-503.9093	-30.36317	416531	5.682976	0.998031	0.999496	1.0005	1.00197	5.834828
620	-524.5566	-508.4583	-16.09834	322963.5	11.83006	0.997764	0.999428	1.00057	1.00224	4.653953
630	-526.3348	-511.1622	-15.17261	15510.44	13.38595	0.989812	0.997375	1.00259	1.01022	4.491373
640	-526.4051	-505.9235	-20.48161	285261.5	12.93383	0.997621	0.999391	1.00061	1.00238	4.930357
650	-525.1508	-501.3082	-23.84258	678083.1	8.760588	0.998457	0.999605	1.00039	1.00154	5.489959
660	-525.876	-498.4456	-27.4304	170407.1	7.221895	0.996922	0.999212	1.00078	1.00308	5.835088
670	-539.7219	-511.7899	-27.93193	26682.61	9.164976	0.992229	0.998002	1.00198	1.00779	5.936205
680	-543.6195	-518.0326	-25.58683	217707.5	8.023133	0.997277	0.999303	1.00069	1.00273	5.671397
690	-538.1891	-508.8071	-29.38207	779335.3	6.183424	0.998561	0.999632	1.00037	1.00144	5.883837
700	-517.2488	-505.1948	-12.05395	668704.4	12.2735	0.998446	0.999603	1.0004	1.00155	4.301969
710	-537.0793	-514.6629	-22.41643	152356.8	10.22423	0.996745	0.999166	1.00083	1.00326	5.306586
720	-534.7334	-513.1279	-21.60549	815264.1	9.859879	0.998593	0.99964	1.00036	1.00141	5.240133
730	-518.6102	-508.9266	-9.683541	909664.7	10.07251	0.998668	0.999659	1.00034	1.00133	4.049709
740	-514.8459	-506.0329	-8.812995	2112.039	10.90311	0.972478	0.992801	1.00693	1.02779	4.016763
750	-513.2546	-500.2131	-13.04147	60780.69	12.06303	0.994849	0.998678	1.00131	1.00516	4.389251
760	-523.7546	-500.7754	-22.97923	541379.9	8.725684	0.998273	0.999558	1.00044	1.00173	5.390443
770	-516.2124	-503.8672	-12.34517	500616.3	10.38582	0.998204	0.999541	1.00046	1.0018	4.3282
780	-536.9621	-516.6059	-20.35627	360858.2	8.893324	0.997885	0.999459	1.00054	1.00212	5.099256
790	-517.2474	-498.0369	-19.21046	307731.2	10.15691	0.99771	0.999414	1.00058	1.00229	4.994269
800	-522.3753	-508.261	-14.11435	46061.55	9.623555	0.994084	0.998481	1.00151	1.00593	4.466741
810	-514.833	-503.3094	-11.52359	904557.1	11.08804	0.998664	0.999658	1.00034	1.00134	4.268256
820	-517.655	-498.9397	-18.71528	891827.8	11.7924	0.998654	0.999656	1.00034	1.00135	4.877583
830	-529.9403	-516.3895	-13.5508	215167.1	12.23892	0.997261	0.999299	1.0007	1.00274	4.425233
840	-516.3931	-501.7886	-14.60446	674128.6	13.1778	0.998452	0.999604	1.00039	1.00155	4.461709
850	-527.3873	-510.9166	-16.47066	607560.8	8.984213	0.99837	0.999583	1.00042	1.00163	4.670874
860	-511.2344	-499.4073	-11.82708	449880.8	13.7897	0.998106	0.999515	1.00048	1.0019	4.221306
870	-526.8295	-503.8189	-23.01061	127701.9	9.660108	0.996445	0.999089	1.00091	1.00356	5.390025
880	-526.6812	-503.1974	-23.48384	283809.2	9.003265	0.997615	0.99939	1.00061	1.00239	5.451526
890	-517.3165	-502.0739	-15.24261	217412.1	9.740694	0.997275	0.999302	1.00069	1.00273	4.589795
900	-508.3387	-495.6044	-12.73433	949469.6	9.79065	0.998696	0.999667	1.00033	1.0013	4.335812
910	-525.698	-497.9455	-27.75246	930034.3	7.492599	0.998682	0.999663	1.00034	1.00132	5.910503
920	-514.7476	-501.0298	-13.71773	768479.7	12.88019	0.99855	0.999629	1.00037	1.00145	4.410128
930	-520.1227	-502.0926	-18.03009	827870.8	9.157781	0.998603	0.999643	1.00036	1.0014	4.855404
940	-529.5706	-499.7167	-29.85388	612594.2	7.61061	0.998376	0.999585	1.00041	1.00162	6.196593
950	-517.7567	-498.9833	-18.77334	720234.4	10.58624	0.998503	0.999617	1.00038	1.0015	4.941772
960	-512.5884	-498.4375	-14.15091	465398.7	10.5207	0.998137	0.999523	1.00048	1.00186	4.504333
970	-519.7822	-508.4681	-11.31412	137620.9	10.46667	0.996576	0.999123	1.00087	1.00343	4.232499
980	-509.8537	-499.0421	-10.8116	215718.1	10.23631	0.997265	0.9993	1.0007	1.00274	4.172278
990	-514.0066	-496.5052	-17.50134	611666.4	9.343575	0.998375	0.999584	1.00041	1.00163	4.807919
1000	-525.9185	-499.0631	-26.85542	681619.4	8.339709	0.998461	0.999606	1.00039	1.00154	5.837291
1010	-535.1979	-513.8463	-21.35159	63918.57	11.47176	0.994977	0.998711	1.00128	1.00503	5.126758
1020	-527.2898	-504.9442	-22.34562	641097.9	7.643134	0.998413	0.999594	1.00041	1.00159	5.215475
1030	-518.4582	-502.9307	-15.52749	408352.8	10.27828	0.998012	0.999491	1.00051	1.00199	4.633548
1040	-519.8646	-500.1373	-19.72724	788443.1	9.118421	0.998569	0.999634	1.00037	1.00143	5.039258
1050	-524.2826	-510.1794	-14.10316	282029.8	10.22521	0.997608	0.999388	1.00061	1.00239	4.493519
1060	-512.8629	-508.5703	-4.292541	373830.5	14.83857	0.997922	0.999468	1.00053	1.00208	3.652976
1070	-513.6959	-497.7105	-15.98537	949184.8	8.226954	0.998696	0.999666	1.00033	1.0013	4.514377
1080	-512.6394	-493.0444	-19.59498	885758.9	8.557684	0.99865	0.999655	1.00034	1.00135	4.988867
1090	-509.0363	-487.2721	-21.76422	532122.5	10.26294	0.998258	0.999554	1.00044	1.00174	5.241044
1100	-516.6816	-498.8272	-17.85445	274064.1	9.554845	0.997573	0.999379	1.00062	1.00243	4.853489
1110	-512.0476	-484.8393	-27.20824	783047.7	7.322542	0.998564	0.999633	1.00037	1.00144	5.818192
1120	-529.4979	-490.3919	-39.10597	898752.3	5.698151	0.99866	0.999657	1.00034	1.00134	7.376946
1130	-513.7297	-495.6738	-18.05588	263423.2	8.654495	0.997524	0.999366	1.00063	1.00248	4.819276
1140	-525.8237	-501.9735	-23.85019	215677.7	9.330782	0.997264	0.9993	1.0007	1.00274	5.487716
1150	-517.5174	-500.3919	-17.12551	795889.6	12.6143	0.998576	0.999636	1.00036	1.00143	4.69312
1160	-526.0113	-504.0373	-21.97398	951108.2	11.82776	0.998697	0.999667	1.00033	1.0013	5.150826
1170	-518.3001	-504.8057	-13.49435	70109.05	11.06444	0.995203	0.99877	1.00122	1.0048	4.446082
1180	-519.1283	-497.4966	-21.63172	980086.9	10.47438	0.998716	0.999672	1.00033	1.00128	5.217854
1190	-507.7709	-490.5557	-17.21522	380300.7	8.233189	0.99794	0.999473	1.00053	1.00206	4.664877
1200	-510.4419	-501.6088	-8.833162	281442.1	11.12754	0.997605	0.999387	1.00061	1.0024	4.026912
1210	-526.8216	-501.6831	-25.13854	957688.1	8.096051	0.998701	0.999668	1.00033	1.0013	5.620137
1220	-521.8755	-501.8034	-20.07206	92690.82	8.821266	0.995828	0.998931	1.00106	1.00418	5.06329
1230	-509.9279	-487.8173	-22.1106	905346.5	11.11746	0.998664	0.999658	1.00034	1.00134	5.220874
1240	-513.5036	-500.8763	-12.62734	426704.8	11.03089	0.998055	0.999502	1.0005	1.00195	4.367573
1250	-533.3451	-507.2813	-26.06388	287055.3	7.810298	0.997629	0.999393	1.0006	1.00237	5.716915
1260	-525.9516	-500.0727	-25.87887	164603.5	7.302594	0.996869	0.999198	1.0008	1.00313	5.63354
1270	-524.4134	-499.8723	-24.54106	99556.26	7.839783	0.995974	0.998968	1.00103	1.00403	5.524932
1280	-508.9661	-499.9104	-9.055657	439625.5	11.6083	0.998084	0.99951	1.00049	1.00192	4.056849
1290	-511.9676	-496.6011	-15.36647	578771.8	12.02263	0.99833	0.999573	1.00043	1.00167	4.583827
1300	-513.0314	-491.8375	-21.19387	874619.5	10.47974	0.998641	0.999653	1.00035	1.00136	5.175791
1310	-526.1485	-487.0474	-39.10113	841426.7	6.25915	0.998615	0.999646	1.00035	1.00139	7.462187
1320	-529.1782	-495.195	-33.98318	816222.9	7.016145	0.998593	0.99964	1.00036	1.00141	6.735928
1330	-525.5862	-499.4848	-26.10134	101834.9	7.942726	0.99602	0.99898	1.00101	1.00399	5.730938
1340	-509.7563	-493.5768	-16.17953	79926.63	11.59505	0.995507	0.998848	1.00114	1.0045	4.671079
1350	-521.7441	-497.4082	-24.33588	604983.8	9.804283	0.998366	0.999582	1.00042	1.00163	5.520057
1360	-519.6148	-488.3509	-31.26386	814610.9	8.048886	0.998592	0.99964	1.00036	1.00141	6.378236
1370	-528.7564	-501.5161	-27.24034	668499.3	7.393418	0.998446	0.999602	1.0004	1.00156	5.831287
1380	-520.4249	-511.0827	-9.342188	72379.32	11.25065	0.995279	0.998789	1.0012	1.00473	4.07578
1390	-529.9606	-504.3734	-25.58722	394500.7	10.09825	0.997977	0.999482	1.00052	1.00202	5.626661
1400	-523.5017	-506.521	-16.98067	962068.3	9.596215	0.998704	0.999669	1.00033	1.0013	4.76361
1410	-514.8344	-491.2878	-23.54666	292376.7	8.067809	0.99765	0.999399	1.0006	1.00235	5.421108
1420	-518.5297	-499.8555	-18.6742	109797.6	9.14876	0.996167	0.999018	1.00098	1.00384	4.925298
1430	-512.1051	-495.1249	-16.98011	138243	9.593332	0.996583	0.999125	1.00087	1.00342	4.763446
1440	-526.2068	-495.5756	-30.63122	497934.6	8.924766	0.998199	0.999539	1.00046	1.0018	6.25204
1450	-520.4147	-496.2281	-24.18669	660886.3	9.55709	0.998437	0.9996	1.0004	1.00156	5.516125
1460	-530.8511	-506.8894	-23.96178	616115	11.70082	0.998381	0.999586	1.00041	1.00162	5.33173
1470	-529.3112	-508.5522	-20.75907	583781.2	10.84198	0.998337	0.999575	1.00042	1.00166	5.115926
1480	-521.1893	-507.0014	-14.18797	616011.5	15.64847	0.998381	0.999586	1.00041	1.00162	4.259119
1490	-523.8717	-508.363	-15.50863	401888.9	9.939518	0.997996	0.999487	1.00051	1.00201	4.624426
1500	-521.0972	-511.2079	-9.889343	201626.7	14.78672	0.997171	0.999276	1.00072	1.00283	4.032916
1510	-520.1126	-501.8021	-18.31045	319415.2	13.28323	0.997752	0.999425	1.00057	1.00225	4.734302
1520	-525.8558	-503.0667	-22.78908	997869.8	8.482991	0.998728	0.999675	1.00032	1.00127	5.35838
1530	-511.9498	-492.2688	-19.681	430412.1	8.509523	0.998063	0.999504	1.00049	1.00194	4.994518
1540	-518.0198	-497.891	-20.12885	613634.4	11.25505	0.998378	0.999585	1.00041	1.00162	5.034265
1550	-511.9625	-492.9231	-19.03938	162152.6	9.831213	0.996845	0.999192	1.0008	1.00316	4.979874
1560	-503.2734	-496.5638	-6.709584	497717.1	14.62783	0.998199	0.999539	1.00046	1.0018	3.82385
1570	-507.6517	-500.0855	-7.566195	507814.4	11.80326	0.998217	0.999544	1.00046	1.00178	3.932312
1580	-509.5265	-500.2581	-9.268446	634358.4	12.50014	0.998405	0.999592	1.00041	1.0016	4.072158
1590	-529.6245	-510.1939	-19.43061	573706.1	9.436799	0.998322	0.999571	1.00043	1.00168	5.016542
1600	-522.1965	-509.568	-12.62853	422003.7	12.38546	0.998044	0.9995	1.0005	1.00196	4.345056
1610	-519.2243	-502.3635	-16.86075	467454.6	9.738016	0.998141	0.999525	1.00047	1.00186	4.75584
1620	-526.7435	-512.9175	-13.82602	171052.2	8.730574	0.996928	0.999213	1.00078	1.00308	4.342176
1630	-516.0259	-497.5074	-18.51847	247351.1	10.98559	0.997445	0.999346	1.00065	1.00256	4.903565
1640	-510.8845	-504.6818	-6.20271	110138.9	13.00162	0.996172	0.999019	1.00098	1.00383	3.825873
1650	-534.6773	-505.3435	-29.3338	76471.03	10.85126	0.995407	0.998822	1.00117	1.0046	5.905607
1660	-527.8558	-494.5277	-33.32804	506784.8	8.865603	0.998215	0.999543	1.00046	1.00179	6.561024
1670	-523.6162	-502.0414	-21.57486	204555	9.879511	0.997191	0.999281	1.00072	1.00281	5.23649
1680	-513.1788	-491.8726	-21.30617	631654.6	8.046154	0.998401	0.999591	1.00041	1.0016	5.140746
1690	-508.3856	-496.3041	-12.08144	828195.4	11.08653	0.998604	0.999643	1.00036	1.0014	4.318556
1700	-502.0426	-494.0931	-7.949481	936749.9	11.08653	0.998687	0.999664	1.00034	1.00131	3.945855
1710	-496.9639	-486.8663	-10.09761	486913.3	9.826265	0.998179	0.999534	1.00046	1.00182	4.069884
1720	-507.2837	-502.6903	-4.593405	667761.8	13.6144	0.998445	0.999602	1.0004	1.00156	3.698984
1730	-507.8349	-493.8993	-13.93563	437012	15.54023	0.998078	0.999508	1.00049	1.00192	4.251161
1740	-515.9191	-499.0672	-16.85182	158594.2	9.20782	0.99681	0.999183	1.00081	1.00319	4.730149
1750	-516.6286	-495.8816	-20.74708	3844.238	11.10077	0.979574	0.99469	1.00516	1.02057	5.099291
1760	-519.7822	-495.5575	-24.22475	366861.6	11.73471	0.997902	0.999463	1.00054	1.0021	5.350733
1770	-518.8133	-498.0261	-20.78715	311062.3	9.327882	0.997722	0.999417	1.00058	1.00228	5.15941
1780	-525.1401	-497.7724	-27.36771	842987.8	7.239085	0.998616	0.999646	1.00035	1.00138	5.828847
1790	-521.502	-499.9515	-21.55054	375197.1	8.44262	0.997926	0.999469	1.00053	1.00208	5.209442
1800	-530.7697	-507.0639	-23.70577	779783.1	8.662297	0.998561	0.999632	1.00037	1.00144	5.472299
1810	-513.9319	-494.2829	-19.64897	548759.1	11.70597	0.998285	0.999561	1.00044	1.00172	4.962785
1820	-510.2094	-493.0838	-17.12552	900092.8	8.289423	0.998661	0.999657	1.00034	1.00134	4.662933
1830	-517.1064	-496.6996	-20.40687	415611.7	8.805814	0.998029	0.999496	1.0005	1.00197	5.100394
1840	-522.7981	-501.5166	-21.28156	923114.1	8.47084	0.998677	0.999662	1.00034	1.00132	5.179758
1850	-510.7847	-497.6037	-13.181	64246.81	10.86721	0.99499	0.998715	1.00128	1.00502	4.417159
1860	-514.2672	-501.2265	-13.04069	575023.7	10.93006	0.998324	0.999571	1.00043	1.00168	4.40468
1870	-510.3961	-495.8704	-14.52566	689897.6	12.70608	0.99847	0.999609	1.00039	1.00153	4.48226
1880	-516.6017	-502.9453	-13.65642	402568.7	11.73427	0.997997	0.999488	1.00051	1.002	4.450141
1890	-513.0265	-504.5525	-8.474009	293378.2	11.76943	0.997654	0.9994	1.0006	1.00235	4.008885
1900	-520.1619	-503.2615	-16.90043	586722.3	10.73267	0.998341	0.999576	1.00042	1.00166	4.762393
1910	-528.3731	-503.0971	-25.27603	233870.7	12.80287	0.997373	0.999327	1.00067	1.00263	5.316776
1920	-512.1546	-496.7543	-15.40033	943222.9	13.87118	0.998691	0.999665	1.00033	1.00131	4.474598
1930	-524.5869	-501.3224	-23.26444	885166.6	7.834219	0.998649	0.999655	1.00034	1.00135	5.361421
1940	-520.4324	-488.6179	-31.81442	121542.4	6.29319	0.996356	0.999066	1.00093	1.00365	6.306824
1950	-532.8066	-506.9652	-25.84143	983116.7	8.339609	0.998718	0.999672	1.00033	1.00128	5.715703
1960	-518.9791	-495.8567	-23.12241	230764.2	8.301439	0.997355	0.999323	1.00067	1.00265	5.387184
1970	-509.1535	-498.6235	-10.53004	440748.3	13.55398	0.998086	0.99951	1.00049	1.00192	4.137628
1980	-523.0313	-498.9348	-24.09652	16263.99	8.084264	0.990051	0.997437	1.00253	1.00998	5.490537
1990	-512.0172	-500.8078	-11.20941	581436.7	12.36534	0.998334	0.999574	1.00043	1.00167	4.230979
2000	-520.632	-491.2573	-29.37465	757899.8	8.48428	0.99854	0.999627	1.00037	1.00146	6.134657
2010	-517.1165	-494.6169	-22.49964	263688.6	8.419682	0.997526	0.999367	1.00063	1.00248	5.320423
2020	-518.6064	-499.8676	-18.73875	369073.7	9.893568	0.997908	0.999465	1.00053	1.00209	4.949433
2030	-519.2236	-495.5592	-23.66441	477912.5	9.591341	0.998162	0.99953	1.00047	1.00184	5.460282
2040	-516.521	-498.6059	-17.91512	463714.6	9.412256	0.998134	0.999523	1.00048	1.00187	4.855022
2050	-519.635	-500.5738	-19.06119	554557.1	8.758474	0.998294	0.999564	1.00044	1.00171	4.94401
2060	-523.2266	-504.9574	-18.26921	645912.9	9.770188	0.998419	0.999596	1.0004	1.00158	4.900897
2070	-509.6651	-490.3317	-19.33338	677394.4	11.15214	0.998456	0.999605	1.00039	1.00154	4.96923
2080	-513.5854	-502.2725	-11.31286	279307.8	14.19816	0.997596	0.999385	1.00061	1.00241	4.162747
2090	-514.6688	-504.3902	-10.2786	52358.94	12.20259	0.99445	0.998576	1.00141	1.00556	4.158423
2100	-526.5909	-505.7176	-20.87321	230979.6	11.2679	0.997356	0.999323	1.00067	1.00265	5.099519
2110	-512.8361	-497.8567	-14.97933	340989.9	9.880348	0.997824	0.999443	1.00056	1.00218	4.568927
2120	-514.5248	-495.7005	-18.82428	213675.9	8.917001	0.997252	0.999296	1.0007	1.00275	4.928587
2130	-517.8852	-498.3564	-19.52877	273424.1	7.867651	0.99757	0.999378	1.00062	1.00243	4.890579
2140	-505.0747	-494.6381	-10.43657	513334.9	10.28065	0.998226	0.999546	1.00045	1.00177	4.138383
2150	-525.2652	-505.4497	-19.81551	333150.9	9.435179	0.997799	0.999437	1.00056	1.0022	5.057304
2160	-531.4209	-508.7691	-22.65177	746468.5	9.011515	0.998529	0.999624	1.00038	1.00147	5.359201
2170	-519.7995	-505.6782	-14.12137	874880	10.07238	0.998641	0.999653	1.00035	1.00136	4.490292
2180	-512.0637	-494.5222	-17.5415	799888.9	9.0976	0.998579	0.999637	1.00036	1.00142	4.798179
2190	-529.7338	-500.232	-29.50182	67972.16	8.378631	0.995129	0.998751	1.00124	1.00488	6.153438
2200	-526.5677	-511.3407	-15.227	928547.2	9.040059	0.998681	0.999663	1.00034	1.00132	4.53817
2210	-532.3826	-504.5008	-27.88183	458371.8	8.579221	0.998123	0.99952	1.00048	1.00188	5.956703
2220	-530.3768	-502.6546	-27.72215	784180	9.668867	0.998565	0.999633	1.00037	1.00144	5.877032
2230	-517.1363	-496.4162	-20.72005	296166.1	9.125275	0.997665	0.999402	1.0006	1.00234	5.14832
2240	-519.8488	-491.1798	-28.66897	128208.4	7.513713	0.996452	0.999091	1.0009	1.00355	6.034412
2250	-516.9655	-503.5643	-13.40129	969944.6	11.78584	0.99871	0.99967	1.00033	1.00129	4.427122
2260	-519.026	-510.2707	-8.755242	443134.6	10.95456	0.998091	0.999512	1.00049	1.00191	4.013604
2270	-508.8315	-500.6649	-8.166654	250361	12.31072	0.997461	0.99935	1.00065	1.00254	3.985136
2280	-508.3091	-493.9169	-14.39224	583622	10.84933	0.998337	0.999575	1.00042	1.00166	4.52867
2290	-521.0448	-498.354	-22.69078	758974.6	9.181078	0.998541	0.999627	1.00037	1.00146	5.364329
2300	-528.8274	-505.2632	-23.56427	798190.4	11.57346	0.998578	0.999636	1.00036	1.00142	5.310029
2310	-520.5468	-505.4325	-15.11429	74520.01	13.63378	0.995347	0.998807	1.00119	1.00466	4.47044
2320	-521.5586	-505.7889	-15.76971	646761.8	9.439921	0.99842	0.999596	1.0004	1.00158	4.628793
2330	-512.8409	-500.656	-12.18498	433317.5	12.75475	0.99807	0.999506	1.00049	1.00193	4.296165
2340	-530.1989	-499.8321	-30.36677	108220.7	10.73732	0.996139	0.99901	1.00098	1.00387	6.016463
2350	-524.1656	-506.121	-18.04461	674408.1	10.80307	0.998453	0.999604	1.00039	1.00155	4.866832
2360	-522.0227	-502.2421	-19.78061	283653.1	10.40666	0.997614	0.999389	1.00061	1.00239	5.043445
2370	-525.2336	-506.6388	-18.59479	567175.7	10.28943	0.998313	0.999568	1.00043	1.00169	4.931787
2380	-525.0351	-499.9469	-25.08812	219116.2	9.111339	0.997286	0.999305	1.00069	1.00272	5.627356
2390	-510.5541	-505.5185	-5.035603	198482.9	15.73774	0.997148	0.99927	1.00073	1.00285	3.670704
2400	-514.1977	-503.389	-10.80868	813430.9	13.57909	0.998591	0.99964	1.00036	1.00141	4.157078
2410	-516.0703	-495.612	-20.45834	90407.21	9.06786	0.995776	0.998917	1.00108	1.00423	5.117823
2420	-519.669	-498.9627	-20.70634	637834.1	10.93691	0.998409	0.999593	1.00041	1.00159	5.105616
2430	-515.5369	-500.4267	-15.11021	403251.4	9.887149	0.997999	0.999488	1.00051	1.002	4.582433
2440	-512.9016	-496.4315	-16.47003	90925.07	10.19431	0.995788	0.99892	1.00107	1.00422	4.72478
2450	-517.7301	-494.9943	-22.73589	650948.4	9.358112	0.998425	0.999597	1.0004	1.00158	5.367971
2460	-525.5897	-506.9916	-18.59813	479998.3	11.25464	0.998166	0.999531	1.00047	1.00184	4.898282
2470	-515.5986	-492.6229	-22.97576	514598.5	8.233454	0.998229	0.999547	1.00045	1.00177	5.364571
2480	-513.0799	-494.1887	-18.89126	145900.9	11.97767	0.996674	0.999148	1.00085	1.00333	4.880111
2490	-517.7652	-501.5899	-16.17531	489293.4	9.942827	0.998183	0.999535	1.00046	1.00182	4.691579
2500	-516.4968	-500.2048	-16.29202	531576.6	8.967288	0.998257	0.999554	1.00044	1.00174	4.649421
2510	-532.672	-511.6886	-20.98338	796453.5	11.6031	0.998576	0.999636	1.00036	1.00142	5.084766
2520	-539.0352	-512.457	-26.57815	32955.36	9.254994	0.993007	0.998203	1.00178	1.00701	5.784107
2530	-512.3665	-500.6087	-11.75782	537503.9	12.84766	0.998267	0.999557	1.00044	1.00173	4.259213
2540	-517.7658	-504.1915	-13.57438	322835	16.95023	0.997764	0.999428	1.00057	1.00224	4.120893
2550	-514.7546	-506.8312	-7.923332	203306.9	11.63744	0.997182	0.999279	1.00072	1.00282	3.959877
2560	-530.5086	-507.9483	-22.56031	765172.6	8.819323	0.998547	0.999628	1.00037	1.00145	5.345313
2570	-515.9011	-493.0473	-22.85374	780925	11.12033	0.998562	0.999632	1.00037	1.00144	5.287486
2580	-514.6913	-498.0167	-16.67461	88814.56	13.03113	0.995738	0.998907	1.00109	1.00427	4.629236
2590	-534.4651	-514.9689	-19.49621	13043.24	8.802201	0.988892	0.997135	1.00282	1.01115	4.996733
2600	-505.4198	-483.3991	-22.02071	894182	8.257631	0.998656	0.999656	1.00034	1.00134	5.25073
2610	-514.2592	-493.527	-20.73223	719213.9	11.3218	0.998502	0.999617	1.00038	1.0015	5.083334
2620	-517.3211	-497.8581	-19.46303	650085.7	10.08937	0.998424	0.999597	1.0004	1.00158	5.020348
2630	-518.0384	-495.6881	-22.35038	674257	10.8499	0.998452	0.999604	1.00039	1.00155	5.262144
2640	-504.4808	-488.3622	-16.1186	100341	10.22351	0.99599	0.998972	1.00102	1.00402	4.690608
2650	-518.4394	-511.4837	-6.955702	222728.3	11.30921	0.997308	0.999311	1.00069	1.00269	3.866029
2660	-519.8549	-504.397	-15.45785	247741.8	11.98505	0.997447	0.999347	1.00065	1.00255	4.59313
2670	-513.1813	-501.0774	-12.10398	798689	11.35768	0.998578	0.999636	1.00036	1.00142	4.321168
2680	-510.299	-496.5118	-13.78723	693470.4	13.01127	0.998474	0.99961	1.00039	1.00153	4.408715
2690	-518.149	-494.8652	-23.28378	992475	11.4841	0.998724	0.999674	1.00033	1.00128	5.294058
2700	-521.5811	-499.2758	-22.30533	53757.08	9.293229	0.994523	0.998594	1.00139	1.00549	5.322334
2710	-505.4322	-494.4141	-11.01809	624432.3	10.63486	0.998392	0.999589	1.00041	1.00161	4.21101
2720	-510.229	-491.7198	-18.50915	872952	10.40719	0.99864	0.999652	1.00035	1.00136	4.921256
2730	-518.9092	-503.4853	-15.4239	754388.2	11.43191	0.998537	0.999626	1.00037	1.00146	4.611281
2740	-532.2323	-504.3809	-27.85145	983466.2	7.957428	0.998719	0.999672	1.00033	1.00128	5.951767
2750	-512.7995	-497.4151	-15.38442	600689.6	8.84116	0.99836	0.999581	1.00042	1.00164	4.534236
2760	-526.4232	-503.6174	-22.80585	449736	10.50542	0.998105	0.999515	1.00048	1.0019	5.327975
2770	-521.839	-496.5753	-25.26367	835354.9	10.33433	0.99861	0.999644	1.00035	1.00139	5.576291
2780	-515.7195	-499.2575	-16.46197	115725.3	12.12391	0.996266	0.999043	1.00095	1.00374	4.669511
2790	-532.0312	-504.0277	-28.00349	244118	6.805515	0.997429	0.999342	1.00066	1.00257	5.843522
2800	-522.1119	-505.6902	-16.42174	161673.9	12.20831	0.99684	0.999191	1.00081	1.00316	4.661532
2810	-527.1805	-507.3631	-19.81747	630461.1	9.507307	0.9984	0.999591	1.00041	1.0016	5.058477
2820	-520.9838	-495.6771	-25.30671	673488.1	7.232357	0.998452	0.999604	1.0004	1.00155	5.54293
2830	-520.1845	-500.7109	-19.47356	218961.7	8.632345	0.997285	0.999305	1.00069	1.00272	4.981243
2840	-511.3746	-495.715	-15.65957	532896.8	12.75117	0.998259	0.999555	1.00044	1.00174	4.568797
2850	-516.6479	-501.1401	-15.50781	453174.6	14.11051	0.998112	0.999517	1.00048	1.00189	4.464758
2860	-516.8433	-495.3064	-21.53693	564696.4	11.8901	0.998309	0.999567	1.00043	1.00169	5.108562
2870	-515.3475	-489.3533	-25.99414	228914.2	9.534969	0.997345	0.99932	1.00068	1.00266	5.706552
2880	-518.8317	-500.3902	-18.44149	555748.3	10.2429	0.998295	0.999564	1.00043	1.00171	4.917565
2890	-514.6049	-497.5296	-17.07538	313585.7	11.11141	0.997731	0.999419	1.00058	1.00227	4.768169
2900	-513.6528	-501.3315	-12.32129	283356.2	11.86213	0.997613	0.999389	1.00061	1.00239	4.334058
2910	-512.592	-494.0895	-18.50256	465012	11.09674	0.998137	0.999523	1.00048	1.00186	4.897278
2920	-518.9751	-495.0979	-23.87721	848103.8	8.085944	0.99862	0.999647	1.00035	1.00138	5.463542
2930	-523.8174	-496.2391	-27.57823	983529.1	8.089437	0.998719	0.999672	1.00033	1.00128	5.921333
2940	-503.4042	-491.1843	-12.21992	218234.4	12.23274	0.99728	0.999304	1.00069	1.00272	4.316668
2950	-505.8084	-500.1303	-5.678086	976454	10.56124	0.998714	0.999671	1.00033	1.00129	3.702591
2960	-511.3539	-505.4702	-5.883634	545846.2	17.01389	0.99828	0.99956	1.00044	1.00172	3.663934
2970	-516.6034	-496.4087	-20.19475	62045.92	7.976737	0.994902	0.998692	1.0013	1.00511	4.992491
2980	-523.0523	-509.8297	-13.22254	574891.3	8.232113	0.998324	0.999571	1.00043	1.00168	4.17969
2990	-522.4066	-500.7622	-21.64443	50871.71	8.500901	0.99437	0.998555	1.00143	1.00564	5.224672
3000	-515.0704	-492.8262	-22.2442	475850.4	9.64286	0.998158	0.999529	1.00047	1.00184	5.311092
3010	-522.1754	-499.9315	-22.24388	33075.79	9.24975	0.993019	0.998206	1.00178	1.007	5.315791
3020	-525.1527	-512.2562	-12.89658	709020.8	12.03405	0.998491	0.999614	1.00039	1.00151	4.378069
3030	-519.1344	-495.3724	-23.76193	540862.3	9.726544	0.998272	0.999558	1.00044	1.00173	5.465024
3040	-517.825	-500.3894	-17.43567	487757.3	7.930238	0.998181	0.999535	1.00046	1.00182	4.63742
3050	-528.1251	-505.9875	-22.13761	540415	12.32943	0.998271	0.999558	1.00044	1.00173	5.118205
3060	-518.4459	-496.3227	-22.1232	633388.9	7.564886	0.998403	0.999592	1.00041	1.0016	5.172714
3070	-524.7992	-497.7509	-27.04828	954470.5	7.8628	0.998699	0.999667	1.00033	1.0013	5.846058
3080	-522.9505	-508.304	-14.64653	966490.2	9.652974	0.998707	0.999669	1.00033	1.00129	4.523776
3090	-519.3428	-502.2896	-17.05312	742556.2	10.12682	0.998525	0.999623	1.00038	1.00148	4.781728
3100	-523.5378	-511.17	-12.36786	713319.1	11.73959	0.998495	0.999615	1.00038	1.00151	4.34024
3110	-525.9203	-504.88	-21.04033	569556.4	8.416729	0.998316	0.999569	1.00043	1.00168	5.146853
3120	-528.1199	-508.8357	-19.28414	381719.8	9.380953	0.997943	0.999474	1.00052	1.00206	4.999715
3130	-521.0952	-507.8336	-13.26159	915577.5	11.53894	0.998672	0.99966	1.00034	1.00133	4.420449
3140	-524.311	-496.7854	-27.52555	439903.6	8.139247	0.998084	0.99951	1.00049	1.00192	5.915863
3150	-525.5677	-504.0727	-21.49502	227139	9.690275	0.997334	0.999318	1.00068	1.00267	5.232629
3160	-509.403	-501.9859	-7.417155	323087.3	14.06448	0.997765	0.999428	1.00057	1.00224	3.892922
3170	-530.501	-508.5635	-21.93745	761210.5	10.54054	0.998543	0.999628	1.00037	1.00146	5.243317
3180	-526.6531	-509.7336	-16.9195	934042.2	10.84797	0.998685	0.999664	1.00034	1.00132	4.761644
3190	-515.1354	-510.679	-4.45639	225135.2	15.12539	0.997322	0.999314	1.00068	1.00268	3.655299
3200	-517.7699	-504.213	-13.55689	784659.8	13.66112	0.998565	0.999633	1.00037	1.00144	4.35457
3210	-518.2993	-490.325	-27.97429	787042.4	8.697745	0.998568	0.999634	1.00037	1.00143	5.963889
3220	-519.2961	-501.3865	-17.90956	779930.5	11.63523	0.998561	0.999632	1.00037	1.00144	4.81811
3230	-509.0036	-500.34	-8.663586	270457.2	15.28732	0.997557	0.999375	1.00062	1.00245	3.925195
3240	-518.2182	-505.6646	-12.55358	873235.6	9.30063	0.99864	0.999652	1.00035	1.00136	4.2738
3250	-519.4354	-503.0918	-16.34359	600973.3	10.56081	0.998361	0.999581	1.00042	1.00164	4.712467
3260	-525.7968	-509.0876	-16.70917	780672.9	8.949242	0.998562	0.999632	1.00037	1.00144	4.694333
3270	-525.192	-501.4219	-23.77009	146465.7	8.241849	0.996681	0.99915	1.00085	1.00332	5.461586
3280	-521.936	-510.2651	-11.67094	777368.2	10.44634	0.998559	0.999631	1.00037	1.00144	4.26579
3290	-514.0251	-495.0785	-18.9466	405532.6	11.68873	0.998005	0.999489	1.00051	1.002	4.903879
3300	-518.9086	-504.8127	-14.09588	479964.6	11.1713	0.998166	0.999531	1.00047	1.00184	4.499365
3310	-521.855	-508.3739	-13.48111	452247.5	9.555198	0.99811	0.999517	1.00048	1.00189	4.395807
3320	-525.5461	-500.5325	-25.0136	548413.3	8.52477	0.998284	0.999561	1.00044	1.00172	5.621478
3330	-516.937	-493.117	-23.82004	634836.1	8.206933	0.998405	0.999592	1.00041	1.0016	5.465378
3340	-531.844	-509.6184	-22.22565	535265.9	11.71932	0.998263	0.999556	1.00044	1.00174	5.18173
3350	-510.4465	-496.015	-14.4316	625540.8	11.22564	0.998393	0.999589	1.00041	1.00161	4.528569
3360	-523.0055	-506.0669	-16.93864	928741	9.136155	0.998681	0.999663	1.00034	1.00132	4.734708
3370	-512.9328	-500.4643	-12.46849	19819.02	11.07059	0.990985	0.997679	1.00229	1.00904	4.353395
3380	-523.2136	-500.3487	-22.86496	3649.776	8.329209	0.979039	0.994548	1.0053	1.02112	5.358095
3390	-513.5349	-494.0002	-19.53469	69598.59	10.12156	0.995186	0.998765	1.00123	1.00482	5.026876
3400	-522.2804	-504.6088	-17.67157	551183.1	9.251421	0.998288	0.999562	1.00044	1.00171	4.821563
3410	-513.7413	-496.6302	-17.11111	273289	10.35281	0.99757	0.999378	1.00062	1.00243	4.787308
3420	-528.0333	-504.0917	-23.94159	878368.2	9.145245	0.998644	0.999653	1.00035	1.00136	5.501095
3430	-532.677	-505.345	-27.33204	17472.41	6.811521	0.9904	0.997528	1.00244	1.00963	5.746223
3440	-511.1447	-501.6799	-9.464776	417581.9	14.04836	0.998034	0.999497	1.0005	1.00197	4.03921
3450	-517.4606	-501.3245	-16.13614	987871.8	12.92609	0.998721	0.999673	1.00033	1.00128	4.594889
3460	-516.1797	-506.5948	-9.584864	406329.6	12.5382	0.998007	0.99949	1.00051	1.00199	4.096792
3470	-504.9253	-486.3889	-18.53635	860682.2	9.425297	0.99863	0.99965	1.00035	1.00137	4.92143
3480	-515.32	-505.1522	-10.16776	810481.2	12.7223	0.998588	0.999639	1.00036	1.00141	4.138864
3490	-509.7791	-491.2302	-18.54895	126607.8	9.998267	0.99643	0.999085	1.00091	1.00357	4.930223
3500	-509.3505	-493.0271	-16.3234	192305.4	7.03943	0.997103	0.999258	1.00074	1.0029	4.228295
3510	-516.9304	-499.2945	-17.63594	344723.9	9.262352	0.997836	0.999446	1.00055	1.00217	4.818292
3520	-516.2876	-501.7761	-14.51149	763312.9	11.13691	0.998545	0.999628	1.00037	1.00146	4.537076
3530	-513.1921	-493.9374	-19.2547	74799.78	10.19465	0.995356	0.998809	1.00118	1.00465	4.997933
3540	-513.8848	-494.8784	-19.00647	69949.46	9.763174	0.995198	0.998768	1.00122	1.00481	4.976324
3550	-523.1285	-496.6374	-26.49112	103217.3	12.89252	0.996046	0.998987	1.00101	1.00396	5.400264
3560	-524.8993	-500.0391	-24.86012	184227.2	10.73817	0.99704	0.999242	1.00075	1.00296	5.503537
3570	-503.2436	-493.9726	-9.271043	720788.2	13.62268	0.998503	0.999617	1.00038	1.0015	4.042262
3580	-519.7884	-503.0905	-16.69794	821348	8.495851	0.998598	0.999641	1.00036	1.0014	4.642105
3590	-518.9345	-494.7218	-24.21269	910152.5	9.903789	0.998668	0.999659	1.00034	1.00133	5.502148
3600	-518.4062	-488.9842	-29.42196	298152.8	7.948158	0.997673	0.999404	1.00059	1.00233	6.149056
3610	-523.7569	-503.0518	-20.70513	230381.3	8.647002	0.997353	0.999322	1.00068	1.00265	5.124894
3620	-514.4797	-491.6208	-22.8589	763702.5	9.267112	0.998546	0.999628	1.00037	1.00145	5.382143
3630	-525.3915	-496.4948	-28.89669	833798.5	8.436781	0.998608	0.999644	1.00036	1.00139	6.079732
3640	-518.6189	-496.0601	-22.55873	311715.1	9.552886	0.997724	0.999418	1.00058	1.00228	5.345876
3650	-518.4577	-492.412	-26.04573	463450.7	8.039576	0.998133	0.999522	1.00048	1.00187	5.729456
3660	-530.4723	-504.0589	-26.41341	51414.42	11.26257	0.9944	0.998563	1.00143	1.00561	5.591798
3670	-520.6819	-503.0123	-17.66957	356308.7	13.76308	0.997871	0.999455	1.00054	1.00213	4.647202
3680	-520.1616	-502.4837	-17.6779	871636.2	8.180028	0.998639	0.999652	1.00035	1.00136	4.712668
3690	-520.4186	-506.8924	-13.52621	348828.5	10.37082	0.997849	0.999449	1.00055	1.00215	4.441523
3700	-539.1098	-509.1972	-29.91258	719185.7	8.519489	0.998502	0.999617	1.00038	1.0015	6.19641
3710	-530.5924	-507.8099	-22.78251	260895.4	10.24005	0.997513	0.999363	1.00063	1.00249	5.341529
3720	-515.4935	-491.4829	-24.01061	91251.98	9.416208	0.995795	0.998922	1.00107	1.00421	5.502513
3730	-526.6803	-492.1576	-34.52269	655090.7	5.613089	0.99843	0.999598	1.0004	1.00157	6.538579
3740	-517.1718	-501.3679	-15.80399	961061.1	9.538682	0.998704	0.999669	1.00033	1.0013	4.638037
3750	-517.1337	-498.4442	-18.68954	825519.5	9.954366	0.998601	0.999642	1.00036	1.0014	4.944426
3760	-519.2816	-501.8559	-17.4257	832333	11.73445	0.998607	0.999644	1.00036	1.00139	4.77135
3770	-518.7789	-489.0881	-29.69081	102831.9	9.516556	0.996039	0.998985	1.00101	1.00397	6.096067
3780	-519.9755	-490.4773	-29.49825	84470.5	8.645867	0.99563	0.99888	1.00111	1.00438	6.14185
3790	-534.6392	-501.231	-33.40824	333082.2	7.947634	0.997798	0.999437	1.00056	1.0022	6.65062
3800	-536.9349	-510.2415	-26.6934	608399	8.301463	0.998371	0.999583	1.00042	1.00163	5.81735
3810	-525.7493	-494.8085	-30.94083	153812.5	6.935703	0.996761	0.99917	1.00083	1.00324	6.292928
3820	-530.7715	-499.1445	-31.62701	395682.4	10.83194	0.99798	0.999483	1.00052	1.00202	6.119815
3830	-521.4761	-495.1219	-26.35424	911968.2	9.612864	0.998669	0.99966	1.00034	1.00133	5.739317
3840	-516.7888	-503.7666	-13.02216	175819.1	11.11992	0.99697	0.999224	1.00077	1.00303	4.403377
3850	-520.8413	-508.5443	-12.29699	820350.8	12.09258	0.998597	0.999641	1.00036	1.0014	4.326791
3860	-519.7138	-502.7212	-16.99263	640043.4	8.895904	0.998412	0.999594	1.00041	1.00159	4.721272
3870	-525.7318	-498.9135	-26.81832	69206.61	8.547308	0.995172	0.998762	1.00123	1.00484	5.833027
3880	-518.9104	-507.7748	-11.1356	38614.44	12.52042	0.993539	0.99834	1.00164	1.00648	4.22097
3890	-516.3793	-503.5041	-12.87519	82174.84	10.85037	0.995569	0.998864	1.00113	1.00444	4.388852
3900	-510.2012	-500.9128	-9.288398	277410.6	12.16611	0.997588	0.999383	1.00062	1.00241	4.077551
3910	-529.0992	-509.6407	-19.45846	129451.7	9.622199	0.996469	0.999095	1.0009	1.00354	5.022046
3920	-521.2587	-499.1937	-22.06495	805789.2	9.676922	0.998584	0.999638	1.00036	1.00142	5.291754
3930	-516.3283	-501.8659	-14.46237	203306.1	11.25827	0.997182	0.999279	1.00072	1.00282	4.530745
3940	-519.8865	-499.2784	-20.60812	892931.1	9.880667	0.998655	0.999656	1.00034	1.00135	5.138616
3950	-511.7281	-494.5705	-17.15765	451809.5	10.14994	0.99811	0.999516	1.00048	1.00189	4.792138
3960	-513.9478	-497.9004	-16.0474	810615.8	9.737395	0.998589	0.999639	1.00036	1.00141	4.672293
3970	-507.866	-499.1427	-8.723253	858124.3	10.27873	0.998628	0.999649	1.00035	1.00137	3.971581
3980	-508.541	-499.0554	-9.485627	357426.7	15.48478	0.997875	0.999456	1.00054	1.00213	3.967948
3990	-512.4971	-497.4142	-15.08289	270754.1	11.0509	0.997558	0.999375	1.00062	1.00244	4.589871
4000	-513.7615	-508.4927	-5.268795	747745.7	11.47652	0.99853	0.999624	1.00038	1.00147	3.725027
4010	-515.7148	-505.9801	-9.734705	487570.7	12.31531	0.99818	0.999534	1.00046	1.00182	4.112445
4020	-535.9311	-516.3277	-19.60344	545786.8	9.830286	0.99828	0.99956	1.00044	1.00172	5.037254
4030	-514.73	-501.5312	-13.19879	538909.1	10.65518	0.998269	0.999557	1.00044	1.00173	4.416396
4040	-528.719	-510.1033	-18.61574	89188.87	9.86691	0.995747	0.99891	1.00108	1.00426	4.936933
4050	-511.6891	-510.4358	-1.253285	274677.2	11.99621	0.997576	0.999379	1.00062	1.00243	3.40854
4060	-533.0786	-512.5344	-20.5442	102048.3	8.688068	0.996024	0.998981	1.00101	1.00398	5.109014
4070	-537.2347	-501.3927	-35.84205	360233.2	6.423148	0.997883	0.999458	1.00054	1.00212	6.964519
4080	-528.4283	-504.676	-23.75223	754070.6	10.7295	0.998537	0.999626	1.00037	1.00146	5.40105
4090	-517.228	-503.4895	-13.73851	848748.7	8.981516	0.998621	0.999647	1.00035	1.00138	4.366435
4100	-514.6215	-497.6791	-16.94239	437154.3	12.06725	0.998078	0.999508	1.00049	1.00192	4.712389
4110	-522.4777	-506.5074	-15.97024	400952.2	10.19688	0.997993	0.999487	1.00051	1.00201	4.675786
4120	-517.8447	-495.0661	-22.77862	590705.3	10.38228	0.998347	0.999577	1.00042	1.00165	5.332998
4130	-521.9199	-506.3562	-15.5637	532048.9	9.08553	0.998258	0.999554	1.00044	1.00174	4.57968
4140	-514.1567	-495.3218	-18.83495	370470.4	10.76373	0.997912	0.999466	1.00053	1.00209	4.941491
4150	-527.2471	-511.178	-16.06916	285594.7	9.427463	0.997622	0.999391	1.00061	1.00238	4.659794
4160	-524.7023	-510.9918	-13.71052	964409.7	12.26239	0.998706	0.999669	1.00033	1.00129	4.437374
4170	-521.9064	-501.6479	-20.25843	111608	9.539334	0.996198	0.999026	1.00097	1.00381	5.105027
4180	-523.5434	-513.5951	-9.948305	434042.4	10.05389	0.998071	0.999507	1.00049	1.00193	4.074528
4190	-521.7426	-503.8517	-17.89094	391178.3	9.545337	0.997968	0.99948	1.00052	1.00203	4.857026
4200	-522.4327	-497.9036	-24.52911	696330.4	11.08123	0.998477	0.999611	1.00039	1.00152	5.441827
4210	-520.294	-507.6203	-12.67374	465677.4	11.50335	0.998138	0.999524	1.00048	1.00186	4.369945
4220	-513.8269	-499.0813	-14.74564	847839.4	10.90965	0.99862	0.999647	1.00035	1.00138	4.560837
4230	-519.6296	-501.7486	-17.881	70314.29	12.04094	0.99521	0.998772	1.00122	1.0048	4.791831
4240	-515.268	-495.9807	-19.28726	256557.9	11.04756	0.997492	0.999358	1.00064	1.00251	4.970494
4250	-523.5822	-506.907	-16.67524	765472.6	11.69165	0.998548	0.999629	1.00037	1.00145	4.709423
4260	-527.8627	-514.5567	-13.30602	840714.9	15.44398	0.998614	0.999646	1.00035	1.00139	4.217617
4270	-513.7918	-499.6625	-14.12937	20255.49	13.69934	0.991083	0.997705	1.00227	1.00895	4.394053
4280	-501.2504	-497.0396	-4.210828	820933.3	13.61678	0.998597	0.999641	1.00036	1.0014	3.670861
4290	-518.8828	-499.7601	-19.12268	32321.27	14.16785	0.992939	0.998185	1.0018	1.00708	4.715623
4300	-520.1647	-503.394	-16.77067	31782.63	11.90961	0.992879	0.99817	1.00181	1.00714	4.706684
4310	-516.2398	-505.7004	-10.53941	564343.7	10.10956	0.998308	0.999567	1.00043	1.00169	4.137316
4320	-520.6297	-502.5538	-18.07592	142516.7	9.379431	0.996635	0.999138	1.00086	1.00337	4.87086
4330	-517.6437	-503.3097	-14.33399	372732.1	11.41757	0.997919	0.999467	1.00053	1.00208	4.516258
4340	-514.5182	-498.2677	-16.25045	475776.9	9.444326	0.998158	0.999529	1.00047	1.00184	4.679963
4350	-512.8153	-496.6408	-16.17445	103248.4	12.09045	0.996047	0.998987	1.00101	1.00396	4.647549
4360	-506.7074	-496.2418	-10.46563	189559.2	11.23805	0.997082	0.999253	1.00074	1.00292	4.175456
4370	-510.3941	-505.4896	-4.9045	652891.8	10.77341	0.998427	0.999598	1.0004	1.00157	3.648087
4380	-519.7506	-508.5143	-11.2363	828198.4	9.835347	0.998604	0.999643	1.00036	1.0014	4.186506
4390	-525.6413	-503.6194	-22.02191	534397.4	10.63348	0.998262	0.999555	1.00044	1.00174	5.245788
4400	-513.4031	-493.3087	-20.09438	733690.1	8.614207	0.998516	0.999621	1.00038	1.00148	5.051769
4410	-525.4294	-512.3037	-13.12565	844027.7	9.92188	0.998617	0.999646	1.00035	1.00138	4.383698
4420	-520.6526	-507.3698	-13.28274	193383.3	9.727265	0.997111	0.99926	1.00074	1.00289	4.387693
4430	-525.7778	-508.3619	-17.41591	186451.6	10.17537	0.997058	0.999247	1.00075	1.00295	4.817584
4440	-523.9007	-506.6842	-17.21656	112869.7	12.0549	0.996219	0.999031	1.00096	1.00379	4.735834
4450	-502.9517	-497.3722	-5.579561	39848.33	12.37207	0.99364	0.998366	1.00162	1.00637	3.775767
4460	-513.4571	-499.0257	-14.43141	12049.64	10.23396	0.988444	0.997019	1.00293	1.0116	4.525843
4470	-522.0446	-493.2273	-28.81724	55526.04	8.298221	0.994611	0.998617	1.00137	1.0054	6.07324
4480	-511.7699	-503.5028	-8.267108	351735.7	9.382972	0.997858	0.999452	1.00055	1.00214	3.825614
4490	-520.917	-501.5973	-19.31977	527268.5	11.16168	0.99825	0.999552	1.00045	1.00175	4.967499
4500	-522.168	-507.6095	-14.55846	578442.8	9.061073	0.998329	0.999573	1.00043	1.00167	4.466468
4510	-505.8008	-489.1235	-16.67733	56121.17	9.822819	0.99464	0.998624	1.00137	1.00537	4.7394
4520	-512.9668	-497.4137	-15.55307	608361.8	10.61535	0.998371	0.999583	1.00042	1.00163	4.637506
4530	-517.6938	-503.6628	-14.03104	540679.8	10.46831	0.998272	0.999558	1.00044	1.00173	4.492105
4540	-518.6635	-504.3052	-14.35828	188491.5	12.32192	0.997074	0.999251	1.00075	1.00293	4.487585
4550	-518.9158	-505.6722	-13.24355	184305.3	11.9088	0.997041	0.999242	1.00075	1.00296	4.410549
4560	-520.5269	-504.5412	-15.98568	149093.7	9.40535	0.99671	0.999157	1.00084	1.00329	4.649611
4570	-516.976	-506.1539	-10.82206	712319.8	10.11935	0.998494	0.999615	1.00038	1.00151	4.16593
4580	-517.8478	-510.1607	-7.687047	871104.3	10.78742	0.998638	0.999652	1.00035	1.00136	3.907178
4590	-517.3628	-496.9632	-20.3996	101585.9	13.91884	0.996015	0.998979	1.00102	1.00399	4.830333
4600	-530.0127	-505.2022	-24.81048	257386	11.02277	0.997496	0.999359	1.00064	1.00251	5.472802
4610	-523.1662	-503.3728	-19.79336	262196.3	10.69572	0.997519	0.999365	1.00063	1.00248	5.033568
4620	-515.8601	-496.9141	-18.94607	4151.232	13.47989	0.980341	0.994892	1.00497	1.0198	4.765071
4630	-520.2554	-496.7901	-23.46531	783599.8	9.120342	0.998564	0.999633	1.00037	1.00144	5.449193
4640	-518.1734	-507.6243	-10.54917	350971.9	12.29252	0.997855	0.999451	1.00055	1.00215	4.179012
4650	-536.5415	-513.0926	-23.44887	752618.5	9.709947	0.998535	0.999625	1.00037	1.00147	5.433497
4660	-542.7555	-506.8234	-35.93216	437995.5	8.525404	0.99808	0.999509	1.00049	1.00192	6.902199
4670	-514.0941	-503.1553	-10.93885	208755.1	13.1285	0.997219	0.999288	1.00071	1.00278	4.185443
4680	-515.864	-496.3456	-19.51842	54127.31	11.76171	0.994542	0.998599	1.00139	1.00547	4.947817
4690	-519.4553	-496.0578	-23.39746	28546.6	7.779077	0.992487	0.998068	1.00191	1.00753	5.371635
4700	-523.5211	-495.4461	-28.07501	259734.1	8.89033	0.997507	0.999362	1.00064	1.0025	5.967327
4710	-529.6335	-494.6186	-35.01492	950624.5	8.951174	0.998697	0.999667	1.00033	1.0013	6.739573
4720	-521.2715	-498.9297	-22.34178	537691.3	7.71985	0.998267	0.999557	1.00044	1.00173	5.22714
4730	-526.4163	-515.6129	-10.80336	897087.8	9.23619	0.998658	0.999657	1.00034	1.00134	4.077127
4740	-528.6955	-510.3286	-18.36687	181359.1	9.253159	0.997017	0.999236	1.00076	1.00299	4.896797
4750	-539.3868	-517.4462	-21.94065	485106.4	9.310877	0.998176	0.999533	1.00047	1.00183	5.283091
4760	-546.2416	-525.2347	-21.00696	367129	11.25559	0.997903	0.999463	1.00054	1.0021	5.112246
4770	-528.1027	-509.8397	-18.26305	79801.08	11.60654	0.995504	0.998847	1.00115	1.0045	4.850122
4780	-518.2422	-501.2294	-17.01286	320154.5	11.40263	0.997754	0.999425	1.00057	1.00225	4.751515
4790	-521.7238	-505.7104	-16.01348	403408	8.693234	0.997999	0.999488	1.00051	1.002	4.588169
4800	-529.7432	-506.9412	-22.80205	206181.9	8.257712	0.997202	0.999284	1.00071	1.0028	5.345357
4810	-522.2371	-503.2573	-18.9798	910055.6	11.63358	0.998668	0.999659	1.00034	1.00133	4.910196
4820	-532.9027	-503.1969	-29.70577	728076.3	6.995256	0.998511	0.999619	1.00038	1.00149	6.123429
4830	-531.229	-500.0727	-31.15628	378014.4	7.23774	0.997933	0.999471	1.00053	1.00207	6.352105
4840	-534.9428	-505.182	-29.7608	226348	7.070029	0.99733	0.999316	1.00068	1.00267	6.141033
4850	-526.9048	-507.6315	-19.2733	243912.8	8.169524	0.997427	0.999341	1.00066	1.00257	4.906249
4860	-513.5854	-496.0773	-17.50808	509710	13.67482	0.99822	0.999545	1.00045	1.00178	4.642685
4870	-532.7091	-515.7639	-16.9452	477722.8	12.59397	0.998162	0.99953	1.00047	1.00184	4.68017
4880	-522.0397	-494.2834	-27.75631	514728.1	8.953374	0.998229	0.999547	1.00045	1.00177	5.928556
4890	-531.6971	-504.8888	-26.8083	792413.9	7.284065	0.998572	0.999635	1.00036	1.00143	5.758189
4900	-508.4157	-491.4982	-16.91747	677165.4	12.58942	0.998456	0.999605	1.00039	1.00155	4.678267
4910	-527.0813	-500.5932	-26.48808	88712.61	8.235728	0.995736	0.998907	1.00109	1.00427	5.791217
4920	-513.1424	-490.7462	-22.39618	301072.5	9.44079	0.997684	0.999407	1.00059	1.00232	5.330744
4930	-525.0085	-495.1032	-29.90531	826152.7	7.227762	0.998602	0.999642	1.00036	1.0014	6.178337
4940	-531.6959	-496.0312	-35.66466	789651.4	6.04013	0.99857	0.999634	1.00037	1.00143	6.870337
4950	-536.9886	-503.7999	-33.18871	777603.5	7.849479	0.998559	0.999631	1.00037	1.00144	6.627574
4960	-528.1531	-507.5278	-20.62526	277820.3	13.42753	0.997589	0.999383	1.00061	1.00241	4.894706
4970	-512.4129	-496.0088	-16.40409	872084	10.11478	0.998639	0.999652	1.00035	1.00136	4.717493
4980	-512.0788	-495.4083	-16.67046	393272.2	7.985228	0.997974	0.999482	1.00052	1.00203	4.552414
4990	-518.2429	-499.4787	-18.76415	600499.3	12.13369	0.99836	0.999581	1.00042	1.00164	4.85871
5000	-520.4589	-499.8293	-20.62965	424286.4	11.06126	0.998049	0.999501	1.0005	1.00195	5.091163
5010	-513.077	-489.1857	-23.89131	111305.2	7.947494	0.996193	0.999024	1.00097	1.00381	5.453152
5020	-529.6377	-506.2805	-23.35727	931046.2	10.78014	0.998683	0.999663	1.00034	1.00132	5.360377
5030	-515.5144	-489.2716	-26.24285	650754	9.464657	0.998425	0.999597	1.0004	1.00158	5.736827
5040	-517.2394	-497.4738	-19.7656	450859.5	9.806941	0.998108	0.999516	1.00048	1.00189	5.053891
5050	-517.5814	-505.8589	-11.72255	878729.6	9.821059	0.998644	0.999653	1.00035	1.00136	4.23485
5060	-527.9106	-500.0796	-27.83105	674871.5	7.470919	0.998453	0.999604	1.00039	1.00155	5.918974
5070	-516.3939	-503.8987	-12.49523	421917.4	11.33913	0.998044	0.999499	1.0005	1.00196	4.355716
5080	-519.9241	-494.4955	-25.42866	815232.7	8.287187	0.998593	0.99964	1.00036	1.00141	5.66451
5090	-529.1121	-494.1756	-34.93649	102468.3	7.32733	0.996032	0.998983	1.00101	1.00397	6.873525
5100	-515.0572	-499.9706	-15.08656	821626	10.68247	0.998598	0.999641	1.00036	1.0014	4.593531
5110	-512.7813	-501.5489	-11.23246	718419.4	10.9897	0.998501	0.999617	1.00038	1.0015	4.240407
5120	-521.283	-497.4365	-23.84652	308216.9	7.818924	0.997711	0.999414	1.00058	1.00229	5.433998
5130	-521.6266	-491.4841	-30.14245	557314.1	6.518069	0.998298	0.999565	1.00043	1.0017	6.100536
5140	-521.5737	-496.7693	-24.80436	470349.7	12.07277	0.998147	0.999526	1.00047	1.00185	5.36329
5150	-512.668	-495.2255	-17.44243	244168.7	9.955562	0.997429	0.999342	1.00066	1.00257	4.819156
5160	-522.2893	-505.6007	-16.68864	644108.5	8.221892	0.998417	0.999595	1.0004	1.00158	4.598999
5170	-521.3457	-499.0595	-22.28624	492450.6	11.96594	0.998189	0.999537	1.00046	1.00181	5.164636
5180	-517.3994	-488.1161	-29.28326	517899.3	6.761841	0.998234	0.999548	1.00045	1.00177	6.023262
5190	-522.0323	-498.0962	-23.93601	861999.5	8.753375	0.998631	0.99965	1.00035	1.00137	5.500522
5200	-538.7361	-510.0218	-28.71423	16079.16	8.069025	0.989994	0.997422	1.00254	1.01004	6.061634
5210	-519.6895	-509.3036	-10.38587	141139.1	10.50848	0.996619	0.999134	1.00086	1.00339	4.145878
5220	-534.9023	-506.2655	-28.63683	502532.7	7.90997	0.998207	0.999541	1.00046	1.00179	6.049397
5230	-513.4859	-492.7957	-20.6902	352656.5	9.803796	0.99786	0.999452	1.00055	1.00214	5.148218
5240	-521.404	-495.5	-25.90397	347759.6	7.756528	0.997845	0.999449	1.00055	1.00216	5.691893
5250	-529.4376	-502.0797	-27.35788	611533.6	7.72134	0.998375	0.999584	1.00041	1.00163	5.87701
5260	-518.578	-504.5105	-14.06752	237994	14.1699	0.997396	0.999333	1.00066	1.00261	4.358679
5270	-509.805	-497.3629	-12.44213	282993.5	11.68899	0.997612	0.999389	1.00061	1.00239	4.347402
5280	-522.6477	-507.6113	-15.0364	11142.83	11.08225	0.987984	0.996899	1.00305	1.01207	4.585163
5290	-524.0686	-499.9702	-24.0984	506582.4	8.091641	0.998215	0.999543	1.00046	1.00179	5.491329
5300	-520.31	-505.9681	-14.34192	62814.62	11.6358	0.994933	0.9987	1.00129	1.00508	4.51147
5310	-509.5717	-487.3964	-22.17528	310410	9.531661	0.997719	0.999416	1.00058	1.00228	5.306096
5320	-530.4137	-502.4391	-27.97456	658579	8.998536	0.998434	0.9996	1.0004	1.00157	5.950568
5330	-526.0516	-504.2255	-21.82608	599602.6	9.069783	0.998359	0.99958	1.00042	1.00164	5.268691
5340	-520.5071	-503.5972	-16.90987	292802.7	10.92555	0.997652	0.999399	1.0006	1.00235	4.758795
5350	-512.3703	-497.3745	-14.99572	867457.7	9.87132	0.998636	0.999651	1.00035	1.00137	4.570226
5360	-514.6905	-506.515	-8.175571	374641.5	14.55022	0.997924	0.999469	1.00053	1.00208	3.92742
5370	-517.3031	-497.493	-19.81004	414483.2	8.954707	0.998026	0.999495	1.0005	1.00198	5.041107
5380	-511.3773	-496.8623	-14.51503	327461.7	10.79698	0.99778	0.999432	1.00057	1.00222	4.540123
5390	-516.1396	-500.3244	-15.81519	180838.6	13.21417	0.997013	0.999235	1.00076	1.00299	4.551139
5400	-521.6011	-498.0138	-23.58723	969196.3	9.714946	0.998709	0.99967	1.00033	1.00129	5.447542
5410	-523.3136	-500.087	-23.22661	732429.1	9.336115	0.998515	0.99962	1.00038	1.00149	5.420796
5420	-513.5703	-494.4551	-19.11524	665730.5	8.200431	0.998443	0.999602	1.0004	1.00156	4.891214
5430	-522.2286	-496.5652	-25.66337	507335.2	11.99847	0.998216	0.999544	1.00046	1.00179	5.443094
5440	-521.4276	-497.5539	-23.87374	716350.4	8.895038	0.998499	0.999616	1.00038	1.0015	5.494782
5450	-521.3994	-503.3987	-18.00067	872157.2	8.285993	0.998639	0.999652	1.00035	1.00136	4.768016
5460	-523.4001	-497.1208	-26.27933	624293.1	7.794954	0.998392	0.999589	1.00041	1.00161	5.743336
5470	-525.9427	-500.1738	-25.76893	799111.3	9.387362	0.998578	0.999636	1.00036	1.00142	5.690675
5480	-523.6049	-495.3031	-28.30185	754449.2	7.252921	0.998537	0.999626	1.00037	1.00146	5.959568
5490	-520.67	-494.6936	-25.97643	172072.7	8.644662	0.996937	0.999216	1.00078	1.00307	5.734513
5500	-520.2515	-500.6824	-19.56912	908686	9.00727	0.998667	0.999659	1.00034	1.00133	5.016912
5510	-523.2641	-496.0066	-27.25752	970269	8.389158	0.99871	0.99967	1.00033	1.00129	5.885576
5520	-514.8393	-504.1534	-10.68592	796223	11.62935	0.998576	0.999636	1.00036	1.00142	4.197275
5530	-520.4036	-502.019	-18.38466	866268	12.05506	0.998635	0.999651	1.00035	1.00137	4.832721
5540	-522.2193	-497.1074	-25.11198	215174.7	8.878477	0.997261	0.999299	1.0007	1.00274	5.634165
5550	-516.0821	-499.0373	-17.04474	918042	9.085611	0.998674	0.999661	1.00034	1.00133	4.742697
5560	-519.254	-497.6712	-21.58282	225904.4	10.0377	0.997327	0.999316	1.00068	1.00268	5.232316
5570	-506.4005	-495.7044	-10.69606	367655.8	13.01394	0.997904	0.999464	1.00053	1.0021	4.171046
5580	-506.8738	-495.717	-11.15679	891761.9	12.01068	0.998654	0.999656	1.00034	1.00135	4.23387
5590	-521.3539	-497.135	-24.21891	987655.7	10.10115	0.998721	0.999673	1.00033	1.00128	5.490977
5600	-516.7914	-496.3177	-20.4737	955023.3	8.398525	0.9987	0.999667	1.00033	1.0013	5.077826
5610	-533.3147	-508.0508	-25.26391	881899.6	7.915862	0.998647	0.999654	1.00035	1.00135	5.623446
5620	-538.8101	-515.1093	-23.70083	732109.9	10.71816	0.998515	0.99962	1.00038	1.00149	5.397149
5630	-516.0427	-493.233	-22.8097	147986.1	9.094917	0.996698	0.999154	1.00084	1.00331	5.377246
5640	-528.2343	-492.3461	-35.88825	61881.87	8.641873	0.994895	0.99869	1.0013	1.00511	6.881478
5650	-521.4128	-496.2112	-25.20151	998876.7	7.255247	0.998728	0.999675	1.00032	1.00127	5.532523
5660	-507.4595	-493.325	-14.13448	481496.3	10.84901	0.998169	0.999532	1.00047	1.00183	4.504911
5670	-512.871	-498.9645	-13.90656	512871.4	11.39777	0.998226	0.999546	1.00045	1.00178	4.479183
5680	-511.6669	-496.0938	-15.57311	575036.1	10.64342	0.998324	0.999571	1.00043	1.00168	4.639284
5690	-521.2107	-499.5352	-21.67549	51374.9	7.552753	0.994398	0.998562	1.00143	1.00561	5.111229
5700	-513.8163	-497.2002	-16.61603	719641	9.079903	0.998502	0.999617	1.00038	1.0015	4.695059
5710	-513.5136	-498.5024	-15.01115	145715.3	12.85721	0.996672	0.999148	1.00085	1.00333	4.511884
5720	-518.4041	-496.8222	-21.58189	197495.9	8.242088	0.997141	0.999268	1.00073	1.00286	5.196111
5730	-518.1647	-496.0165	-22.14822	568551	9.548134	0.998315	0.999569	1.00043	1.00169	5.302985
5740	-508.0872	-501.5649	-6.522283	143774.2	11.39315	0.99665	0.999142	1.00085	1.00335	3.831133
5750	-518.4175	-502.3807	-16.03675	27915.59	12.57289	0.992402	0.998047	1.00193	1.00762	4.609303
5760	-511.4167	-495.4168	-15.99995	284950.1	11.99379	0.99762	0.999391	1.00061	1.00238	4.637935
5770	-520.4658	-501.2305	-19.23532	324636.6	8.170976	0.99777	0.999429	1.00057	1.00223	4.901803
5780	-527.8425	-492.0473	-35.79518	238353.9	6.124142	0.997398	0.999334	1.00066	1.0026	6.909689
5790	-527.707	-500.5102	-27.19681	904493.7	9.21633	0.998664	0.999658	1.00034	1.00134	5.853171
5800	-512.4941	-492.1211	-20.37294	459495.7	9.505397	0.998125	0.99952	1.00048	1.00188	5.116892
5810	-522.5746	-496.1175	-26.45713	415755.9	7.614096	0.998029	0.999496	1.0005	1.00197	5.750619
5820	-515.8568	-501.1823	-14.67456	871728.6	8.549456	0.998639	0.999652	1.00035	1.00136	4.412597
5830	-515.8398	-499.6035	-16.23632	445398	10.26894	0.998096	0.999513	1.00049	1.00191	4.702455
5840	-522.8236	-504.7961	-18.0274	535550.4	11.71742	0.998264	0.999556	1.00044	1.00174	4.823606
5850	-518.6212	-500.7916	-17.82955	320945.5	11.10781	0.997757	0.999426	1.00057	1.00224	4.836187
5860	-510.8488	-497.3515	-13.49726	283378.4	11.47424	0.997613	0.999389	1.00061	1.00239	4.442049
5870	-522.3944	-501.3699	-21.02457	209804.9	11.35647	0.997226	0.99929	1.00071	1.00278	5.106678
5880	-523.819	-498.7118	-25.10724	205166	8.629816	0.997195	0.999282	1.00072	1.00281	5.633845
5890	-526.9169	-502.7812	-24.13569	309311.6	11.30465	0.997715	0.999415	1.00058	1.00229	5.385577
5900	-515.1645	-489.2117	-25.95284	145330.7	7.669829	0.996668	0.999146	1.00085	1.00334	5.690123
5910	-518.3433	-492.9201	-25.42326	505172.8	8.323787	0.998212	0.999543	1.00046	1.00179	5.665075
5920	-525.2184	-498.9442	-26.27421	855358.3	10.86636	0.998626	0.999649	1.00035	1.00137	5.622084
5930	-526.3116	-513.423	-12.88865	425005.2	12.49712	0.998051	0.999501	1.0005	1.00195	4.361887
5940	-532.8855	-506.415	-26.47054	879861.8	6.902149	0.998645	0.999654	1.00035	1.00136	5.640993
5950	-521.1899	-510.0854	-11.10444	916107.9	11.26701	0.998672	0.99966	1.00034	1.00133	4.232557
5960	-533.4359	-501.9621	-31.4738	245136.2	7.515486	0.997434	0.999343	1.00065	1.00257	6.407748
5970	-529.8748	-511.2323	-18.64247	949099.2	10.10235	0.998696	0.999666	1.00033	1.00131	4.938906
5980	-512.7339	-496.3278	-16.40609	213290	11.77284	0.997249	0.999296	1.0007	1.00275	4.682682
5990	-523.6761	-502.486	-21.19011	471463.7	10.44356	0.998149	0.999527	1.00047	1.00185	5.177166
6000	-503.1638	-492.4155	-10.74824	637779.7	12.48102	0.998409	0.999593	1.00041	1.00159	4.191011
6010	-506.7084	-491.0849	-15.62351	381623.9	11.48431	0.997943	0.999474	1.00052	1.00206	4.627018
6020	-507.9146	-499.7886	-8.125961	332436.2	12.03175	0.997796	0.999436	1.00056	1.00221	3.981632
6030	-521.8409	-502.0099	-19.83102	471713.4	8.937909	0.99815	0.999527	1.00047	1.00185	5.04259
6040	-526.9901	-502.1439	-24.84617	766252.1	9.504502	0.998548	0.999629	1.00037	1.00145	5.587532
6050	-516.6112	-498.2833	-18.32796	677363	9.329189	0.998456	0.999605	1.00039	1.00154	4.895824
6060	-529.2015	-512.4309	-16.77063	708792.9	12.81215	0.998491	0.999614	1.00039	1.00151	4.65181
6070	-519.0071	-503.7851	-15.222	531084	12.02085	0.998256	0.999554	1.00044	1.00174	4.571889
6080	-537.3756	-516.1094	-21.26622	127651.4	9.620982	0.996445	0.999089	1.00091	1.00356	5.209933
6090	-526.8429	-504.4647	-22.37822	402978.1	10.01458	0.997998	0.999488	1.00051	1.002	5.312538
6100	-505.4613	-494.4697	-10.99157	222919.9	10.02907	0.997309	0.999311	1.00069	1.00269	4.176562
6110	-524.4391	-500.737	-23.70211	871777.2	9.945438	0.998639	0.999652	1.00035	1.00136	5.44845
6120	-520.7478	-503.1041	-17.6437	780332.6	10.7003	0.998561	0.999632	1.00037	1.00144	4.832471
6130	-517.5727	-497.6282	-19.94454	617221.8	10.79275	0.998383	0.999586	1.00041	1.00162	5.043199
6140	-523.8621	-508.9899	-14.87219	252390	9.559943	0.997471	0.999353	1.00065	1.00253	4.541686
6150	-525.8595	-511.0029	-14.85664	130175.9	11.01798	0.996479	0.999098	1.0009	1.00353	4.569838
6160	-522.4305	-509.5682	-12.86228	607650	9.96146	0.99837	0.999583	1.00042	1.00163	4.359429
6170	-518.1256	-502.6126	-15.51303	637799.8	11.17105	0.998409	0.999593	1.00041	1.00159	4.626227
6180	-513.0277	-497.7794	-15.24834	210902.6	9.624017	0.997234	0.999292	1.00071	1.00277	4.5846
6190	-517.548	-496.6824	-20.86558	126753.7	11.8525	0.996432	0.999086	1.00091	1.00357	5.055132
6200	-515.1658	-501.0661	-14.09969	695296.4	10.2893	0.998476	0.99961	1.00039	1.00152	4.494917
6210	-520.1345	-504.5937	-15.54081	873608.1	10.07619	0.99864	0.999652	1.00035	1.00136	4.631304
6220	-516.1159	-493.0807	-23.03521	702099.1	7.812122	0.998483	0.999612	1.00039	1.00152	5.32937
6230	-512.9542	-498.0674	-14.8868	307154.1	10.86788	0.997707	0.999413	1.00058	1.00229	4.574122
6240	-522.5027	-486.9202	-35.58254	453448.6	7.450783	0.998113	0.999517	1.00048	1.00189	6.957396
6250	-530.7887	-496.3177	-34.47096	235749.7	7.353308	0.997383	0.99933	1.00067	1.00262	6.809773
6260	-522.9062	-502.4906	-20.41554	804013.6	9.711908	0.998583	0.999638	1.00036	1.00142	5.121088
6270	-505.7383	-493.3147	-12.42364	668482.5	9.601995	0.998446	0.999602	1.0004	1.00156	4.289228
6280	-506.3962	-494.7796	-11.61666	357828.4	10.89054	0.997876	0.999456	1.00054	1.00213	4.273668
6290	-525.813	-499.9255	-25.88748	26110.34	10.62679	0.992145	0.99798	1.002	1.00788	5.609954
6300	-528.5	-513.3608	-15.13921	918134.1	10.03547	0.998674	0.999661	1.00034	1.00133	4.59031
6310	-527.1729	-510.7073	-16.46558	187600.3	11.04861	0.997067	0.999249	1.00075	1.00294	4.715053
6320	-534.7892	-512.5075	-22.2817	154288	8.571449	0.996766	0.999172	1.00082	1.00324	5.303547
6330	-512.3116	-497.1689	-15.14274	896018.5	8.363827	0.998657	0.999657	1.00034	1.00134	4.437093
6340	-514.6659	-495.7716	-18.89433	774673.9	7.75142	0.998556	0.999631	1.00037	1.00144	4.787137
6350	-505.5355	-500.5126	-5.022883	671964.8	13.78233	0.99845	0.999604	1.0004	1.00155	3.728003
6360	-520.0637	-509.0968	-10.96686	772034	13.46809	0.998554	0.99963	1.00037	1.00145	4.173651
6370	-522.7458	-512.0773	-10.6685	738766	14.00539	0.998522	0.999622	1.00038	1.00148	4.127009
6380	-527.2554	-508.176	-19.07933	975164.2	11.59615	0.998713	0.999671	1.00033	1.00129	4.9211
6390	-509.4178	-494.9488	-14.46904	131784.9	11.62817	0.996501	0.999103	1.00089	1.0035	4.522617
6400	-526.6644	-505.5084	-21.15593	244778.4	7.979881	0.997432	0.999343	1.00066	1.00257	5.113415
6410	-512.7819	-498.1674	-14.61447	983449.9	11.63828	0.998719	0.999672	1.00033	1.00128	4.534818
6420	-527.5019	-503.7865	-23.71538	154180.8	9.644919	0.996765	0.999171	1.00082	1.00324	5.463579
6430	-525.9029	-505.4004	-20.50247	632320.1	10.17564	0.998402	0.999591	1.00041	1.0016	5.120912
6440	-526.3085	-504.6841	-21.62446	640557.5	10.47806	0.998412	0.999594	1.00041	1.00159	5.216967
6450	-526.0195	-501.73	-24.28955	997922.6	9.718213	0.998728	0.999675	1.00032	1.00127	5.519675
6460	-506.9987	-486.6178	-20.38095	33897.7	9.497152	0.993105	0.998228	1.00175	1.00691	5.117692
6470	-517.3718	-487.9987	-29.37317	792396.9	7.864833	0.998572	0.999635	1.00036	1.00143	6.141778
6480	-517.483	-492.3484	-25.13458	692716.2	10.81427	0.998473	0.99961	1.00039	1.00153	5.522084
6490	-508.5034	-496.777	-11.7264	552193.5	11.9167	0.99829	0.999563	1.00044	1.00171	4.283017
6500	-515.0164	-499.293	-15.72349	20368.28	14.01283	0.991108	0.997711	1.00226	1.00892	4.487384
6510	-505.0541	-492.9782	-12.07591	192315.7	11.30166	0.997103	0.999258	1.00074	1.0029	4.318781
6520	-516.476	-496.4422	-20.03385	287085.8	11.76762	0.997629	0.999393	1.0006	1.00237	4.991209
6530	-531.7161	-503.9401	-27.77606	106865.7	8.85694	0.996114	0.999004	1.00099	1.00389	5.935158
6540	-522.5223	-503.3277	-19.19462	492032.4	9.706746	0.998188	0.999537	1.00046	1.00181	4.995344
6550	-513.0629	-496.727	-16.3359	392952.6	11.6826	0.997973	0.999481	1.00052	1.00203	4.680798
6560	-521.2143	-504.3438	-16.87051	834668	9.925433	0.998609	0.999644	1.00036	1.00139	4.761196
6570	-527.4059	-499.3166	-28.08933	10854.53	7.892189	0.987826	0.996858	1.00309	1.01223	5.979562
6580	-531.9042	-498.3148	-33.58942	500503	6.901309	0.998204	0.999541	1.00046	1.0018	6.67233
6590	-529.1937	-494.3758	-34.81795	155121	5.647316	0.996774	0.999174	1.00082	1.00323	6.60492
6600	-524.3495	-500.0761	-24.27338	918339.9	10.53088	0.998674	0.999661	1.00034	1.00133	5.465688
6610	-513.9776	-501.6969	-12.28068	987419.3	8.701355	0.998721	0.999673	1.00033	1.00128	4.160181
6620	-517.9294	-501.0708	-16.85858	33820.6	10.64785	0.993097	0.998226	1.00176	1.00692	4.75999
6630	-512.7754	-500.0854	-12.68998	205206.1	9.466898	0.997195	0.999282	1.00072	1.00281	4.305091
6640	-520.4105	-504.3335	-16.07696	495646	11.8698	0.998195	0.999538	1.00046	1.00181	4.650311
6650	-526.6939	-502.2345	-24.45935	584820.5	10.53764	0.998338	0.999575	1.00042	1.00166	5.482807
6660	-524.7227	-509.1643	-15.55832	379002.7	9.308628	0.997936	0.999472	1.00053	1.00207	4.597457
6670	-526.8966	-491.8903	-35.00626	717176.5	8.694874	0.998499	0.999616	1.00038	1.0015	6.772737
6680	-529.1965	-497.0249	-32.17161	265134.7	7.778564	0.997532	0.999368	1.00063	1.00247	6.49956
6690	-538.7747	-514.389	-24.38577	64016.75	9.302426	0.994981	0.998712	1.00128	1.00503	5.545942
6700	-518.5067	-510.2369	-8.269854	547946.9	12.56351	0.998283	0.999561	1.00044	1.00172	3.991653
6710	-515.8103	-509.2539	-6.556459	782181.3	13.79367	0.998563	0.999633	1.00037	1.00144	3.838994
6720	-517.6096	-511.2278	-6.381743	597654.3	12.32548	0.998356	0.99958	1.00042	1.00164	3.840267
6730	-527.6078	-510.3654	-17.24244	36912.68	10.01685	0.993392	0.998302	1.00168	1.00662	4.799729
6740	-538.6889	-519.8922	-18.79668	904959.6	9.931508	0.998664	0.999658	1.00034	1.00134	4.955249
6750	-518.957	-507.7854	-11.17164	771706.8	10.19385	0.998553	0.99963	1.00037	1.00145	4.205014
6760	-541.0503	-509.426	-31.62426	995966	7.202125	0.998727	0.999674	1.00033	1.00127	6.414553
6770	-522.7297	-489.5334	-33.19631	512370.5	5.448603	0.998225	0.999546	1.00045	1.00178	6.220182
6780	-521.2305	-502.8006	-18.4299	254751.7	10.00985	0.997483	0.999356	1.00064	1.00252	4.918293
6790	-517.9845	-503.3629	-14.62159	36720.32	10.51628	0.993375	0.998298	1.00169	1.00664	4.54903
6800	-514.4806	-494.4917	-19.98893	162022.8	10.53339	0.996844	0.999192	1.0008	1.00316	5.058742
6810	-508.8616	-493.1092	-15.75247	409780.3	10.11807	0.998015	0.999492	1.00051	1.00199	4.653132
6820	-513.3968	-489.9575	-23.43927	565202.1	8.308612	0.99831	0.999568	1.00043	1.00169	5.4258
6830	-518.536	-495.3488	-23.18723	358600.5	9.971272	0.997878	0.999457	1.00054	1.00212	5.395448
6840	-511.679	-498.4071	-13.27194	705370.4	14.35923	0.998487	0.999613	1.00039	1.00151	4.290308
6850	-518.752	-497.1427	-21.60926	500202.7	9.929067	0.998203	0.99954	1.00046	1.0018	5.238521
6860	-533.2009	-506.2249	-26.976	635441.5	10.52482	0.998406	0.999592	1.00041	1.0016	5.722946
6870	-524.4537	-505.5309	-18.92281	942514.4	8.437414	0.998691	0.999665	1.00033	1.00131	4.897612
6880	-516.5585	-505.9772	-10.58137	666686	15.7997	0.998444	0.999602	1.0004	1.00156	4.019213
6890	-521.5682	-499.7789	-21.7893	577701.3	10.13732	0.998328	0.999572	1.00043	1.00167	5.248984
6900	-510.8152	-496.775	-14.04016	240646.7	8.984523	0.99741	0.999337	1.00066	1.00259	4.400381
6910	-518.279	-503.0988	-15.18012	332972.1	10.74842	0.997798	0.999437	1.00056	1.0022	4.602027
6920	-507.0662	-499.2451	-7.821153	920113.5	14.62759	0.998675	0.999661	1.00034	1.00133	3.89985
6930	-508.3122	-492.8076	-15.50463	686620.9	11.52235	0.998466	0.999608	1.00039	1.00153	4.615401
6940	-512.5026	-501.1191	-11.38351	623540.1	11.57211	0.998391	0.999588	1.00041	1.00161	4.257561
6950	-512.407	-503.236	-9.170967	128963.8	14.92703	0.996463	0.999094	1.0009	1.00354	3.977269
6960	-523.2775	-501.047	-22.23045	935184.2	11.83998	0.998686	0.999664	1.00034	1.00131	5.171412
6970	-533.4438	-503.9962	-29.44757	639959.6	6.201115	0.998412	0.999594	1.00041	1.00159	5.900539
6980	-529.606	-502.0425	-27.56346	610189.7	10.72623	0.998373	0.999584	1.00042	1.00163	5.756627
6990	-527.2177	-500.9506	-26.26705	563857.7	7.4801	0.998308	0.999567	1.00043	1.00169	5.710749
7000	-516.27	-499.2054	-17.06466	576115	9.969771	0.998326	0.999572	1.00043	1.00168	4.781407
7010	-504.746	-491.2111	-13.53488	668087.8	10.89323	0.998445	0.999602	1.0004	1.00156	4.449813
7020	-519.6221	-506.8315	-12.79062	941846.7	8.310198	0.998691	0.999665	1.00033	1.00131	4.144502
7030	-516.6996	-489.6223	-27.07726	418408.8	7.513143	0.998036	0.999497	1.0005	1.00197	5.822512
7040	-511.6056	-505.432	-6.173588	160664.2	11.58433	0.996831	0.999188	1.00081	1.00317	3.807767
7050	-512.3523	-497.6646	-14.6877	862272.9	10.0849	0.998631	0.99965	1.00035	1.00137	4.546908
7060	-509.5687	-506.6286	-2.940072	330664.8	13.38137	0.99779	0.999435	1.00056	1.00221	3.577528
7070	-506.066	-499.9888	-6.07727	916758.1	15.15426	0.998673	0.999661	1.00034	1.00133	3.76133
7080	-515.4984	-504.7463	-10.75205	70637.29	13.18704	0.995221	0.998774	1.00122	1.00479	4.169017
7090	-521.3824	-512.3795	-9.002923	769281.4	14.72921	0.998551	0.999629	1.00037	1.00145	3.975769
7100	-511.9607	-500.5124	-11.44833	134423.4	10.75468	0.996535	0.999112	1.00088	1.00347	4.255002
7110	-511.2467	-495.3204	-15.92625	341210.2	9.474212	0.997825	0.999443	1.00055	1.00218	4.647358
7120	-514.8845	-500.7138	-14.17063	481381.8	9.237429	0.998169	0.999531	1.00047	1.00183	4.441818
7130	-518.1418	-498.6382	-19.50359	778563.6	10.13931	0.99856	0.999632	1.00037	1.00144	5.023472
7140	-510.1912	-492.0855	-18.10576	284626	10.44926	0.997618	0.99939	1.00061	1.00238	4.881722
7150	-513.8907	-502.7317	-11.15903	623802.2	10.49594	0.998391	0.999588	1.00041	1.00161	4.21893
7160	-512.9708	-492.9989	-19.97197	658807.7	8.191137	0.998434	0.9996	1.0004	1.00157	4.994523
7170	-501.937	-487.8176	-14.11936	777512.4	13.47283	0.998559	0.999631	1.00037	1.00144	4.407435
7180	-503.7932	-490.5906	-13.20262	688102.7	15.07325	0.998468	0.999608	1.00039	1.00153	4.237199
7190	-515.8445	-497.2649	-18.57968	100258.2	9.01688	0.995988	0.998972	1.00102	1.00402	4.907652
7200	-510.9739	-498.4492	-12.52469	947304.7	9.936649	0.998694	0.999666	1.00033	1.00131	4.32404
7210	-535.6721	-514.3463	-21.32573	219457.3	8.390578	0.997288	0.999306	1.00069	1.00271	5.178616
7220	-523.7207	-500.9991	-22.72161	896416.2	8.132889	0.998658	0.999657	1.00034	1.00134	5.325064
7230	-507.6994	-493.6414	-14.05801	65160.29	10.46319	0.995025	0.998724	1.00127	1.00498	4.494594
7240	-510.3473	-491.9046	-18.44272	354917.5	11.41006	0.997867	0.999454	1.00054	1.00213	4.876519
7250	-513.9529	-496.8179	-17.13502	39343.17	9.776797	0.993599	0.998356	1.00163	1.00642	4.784968
7260	-524.1689	-500.4627	-23.70627	201996.1	9.03824	0.997173	0.999276	1.00072	1.00283	5.476143
7270	-520.3046	-500.3592	-19.94539	979142.2	12.77355	0.998716	0.999672	1.00033	1.00128	4.902966
7280	-530.1717	-505.6634	-24.50827	542742.3	9.542348	0.998275	0.999559	1.00044	1.00173	5.550406
7290	-537.4135	-517.172	-20.24142	588335.2	9.691569	0.998343	0.999576	1.00042	1.00166	5.103257
7300	-526.1349	-511.5584	-14.57648	193856.2	8.130174	0.997115	0.999261	1.00074	1.00289	4.322975
7310	-524.4709	-497.7031	-26.76784	933929	8.827381	0.998685	0.999664	1.00034	1.00132	5.822172
7320	-511.2008	-484.3936	-26.80722	673172.3	8.661958	0.998451	0.999604	1.0004	1.00155	5.830345
7330	-510.7115	-496.7543	-13.95715	675847	12.80069	0.998454	0.999605	1.00039	1.00155	4.432796
7340	-507.2089	-499.1509	-8.058068	129689	13.40408	0.996473	0.999096	1.0009	1.00353	3.959403
7350	-514.8674	-495.9884	-18.87903	931574	8.821114	0.998683	0.999663	1.00034	1.00132	4.928034
7360	-508.9437	-498.5773	-10.36638	199636	12.1394	0.997157	0.999272	1.00073	1.00285	4.166529
7370	-512.5672	-495.9807	-16.58649	443891.9	8.613616	0.998093	0.999512	1.00049	1.00191	4.644473
7380	-516.8352	-494.9673	-21.86792	578496.5	10.81362	0.998329	0.999573	1.00043	1.00167	5.220058
7390	-522.396	-508.5693	-13.82672	498086.1	10.1857	0.9982	0.999539	1.00046	1.0018	4.465201
7400	-525.6975	-507.0911	-18.60639	247032.3	7.953173	0.997444	0.999346	1.00065	1.00256	4.789191
7410	-517.7547	-502.1755	-15.57918	677445	14.45192	0.998456	0.999605	1.00039	1.00154	4.443864
7420	-513.953	-496.7653	-17.18778	130863	8.468085	0.996488	0.9991	1.0009	1.00352	4.696112
7430	-511.0201	-492.6942	-18.3259	716298.1	10.20739	0.998499	0.999616	1.00038	1.0015	4.906692
7440	-523.2924	-503.1178	-20.17462	102484.8	11.37012	0.996032	0.998983	1.00101	1.00397	5.030942
7450	-513.1815	-507.2964	-5.885041	112150.5	11.79047	0.996207	0.999028	1.00097	1.0038	3.789519
7460	-520.9887	-502.3107	-18.67809	108170.3	9.281023	0.996138	0.99901	1.00098	1.00387	4.931551
7470	-510.8282	-495.2274	-15.60076	660307.2	9.828578	0.998436	0.9996	1.0004	1.00156	4.630013
7480	-525.2742	-509.0343	-16.23987	597575.8	10.41306	0.998356	0.99958	1.00042	1.00164	4.703204
7490	-515.938	-497.5432	-18.39479	368866.2	10.82858	0.997908	0.999465	1.00053	1.00209	4.898343
7500	-519.4315	-509.8419	-9.589611	585083.7	9.764333	0.998339	0.999575	1.00042	1.00166	4.011916
7510	-522.2981	-503.4146	-18.88349	359297.7	13.15087	0.99788	0.999458	1.00054	1.00212	4.788702
7520	-507.6452	-498.5739	-9.071233	901467.1	13.02777	0.998662	0.999658	1.00034	1.00134	4.045843
7530	-512.8027	-492.9706	-19.83217	3497.821	9.102401	0.97859	0.994429	1.00541	1.02157	5.050154
7540	-518.313	-506.0293	-12.28372	9177.035	14.14109	0.986763	0.99658	1.00336	1.0133	4.234484
7550	-513.7146	-499.1759	-14.53865	36263.94	13.52398	0.993333	0.998287	1.0017	1.00668	4.435301
7560	-508.4662	-503.8906	-4.575633	576359.1	13.3675	0.998326	0.999572	1.00043	1.00167	3.699844
7570	-515.4793	-500.196	-15.28331	662313.3	12.05673	0.998439	0.999601	1.0004	1.00156	4.57538
7580	-503.0384	-497.5583	-5.480149	772262	14.05726	0.998554	0.99963	1.00037	1.00145	3.755367
7590	-514.5583	-497.121	-17.43736	432382.6	9.293486	0.998068	0.999506	1.00049	1.00193	4.798528
7600	-524.2443	-500.5873	-23.65708	498788.5	11.09607	0.998201	0.99954	1.00046	1.0018	5.361843
7610	-532.6321	-503.5825	-29.0496	222567.9	8.166462	0.997307	0.999311	1.00069	1.0027	6.102951
7620	-532.3725	-498.4113	-33.96121	591866.1	6.721124	0.998348	0.999578	1.00042	1.00165	6.711139
7630	-532.4151	-508.5443	-23.87083	738245.2	7.091655	0.998521	0.999622	1.00038	1.00148	5.313111
7640	-520.8206	-505.9209	-14.89977	511800.4	13.72445	0.998224	0.999546	1.00045	1.00178	4.448586
7650	-537.3701	-515.6417	-21.72838	883578.5	9.193741	0.998648	0.999654	1.00035	1.00135	5.259632
7660	-518.3216	-509.0631	-9.258564	659459.9	11.40534	0.998435	0.9996	1.0004	1.00157	4.071518
7670	-526.3866	-507.6451	-18.74148	753032.7	9.294802	0.998536	0.999625	1.00037	1.00147	4.938904
7680	-510.8642	-495.4683	-15.39592	940067.9	9.695459	0.998689	0.999665	1.00033	1.00131	4.603471
7690	-522.4632	-503.2422	-19.22103	513141.5	10.62016	0.998226	0.999546	1.00045	1.00177	4.982868
7700	-508.5809	-496.898	-11.68287	760549.1	11.62416	0.998543	0.999627	1.00037	1.00146	4.283045
7710	-511.5025	-497.7171	-13.78534	660590.7	12.42746	0.998437	0.9996	1.0004	1.00156	4.436673
7720	-522.6046	-506.839	-15.76568	605914	10.81624	0.998368	0.999582	1.00042	1.00163	4.655713
7730	-506.4266	-491.5448	-14.88178	577666.6	11.97699	0.998328	0.999572	1.00043	1.00167	4.545392
7740	-513.5219	-489.614	-23.90783	665014.9	10.52044	0.998442	0.999601	1.0004	1.00156	5.431755
7750	-531.137	-504.7852	-26.35177	850824.8	8.827828	0.998622	0.999648	1.00035	1.00138	5.775028
7760	-523.4545	-508.3867	-15.06774	724494.9	10.35952	0.998507	0.999618	1.00038	1.00149	4.590022
7770	-506.3557	-498.8378	-7.517887	731681.5	13.29282	0.998514	0.99962	1.00038	1.00149	3.921601
7780	-518.7509	-501.0309	-17.71996	878851.4	10.18101	0.998644	0.999653	1.00035	1.00136	4.847444
7790	-513.1465	-499.3813	-13.76521	722712.9	11.6463	0.998505	0.999618	1.00038	1.0015	4.461654
7800	-525.6972	-498.6979	-26.99934	125974.7	6.643786	0.996421	0.999083	1.00091	1.00358	5.654871
7810	-515.9839	-496.799	-19.18499	5133.751	9.299926	0.982316	0.995413	1.00448	1.0178	4.986784
7820	-523.7019	-499.6636	-24.03829	8588.64	9.146603	0.986318	0.996464	1.00347	1.01375	5.511649
7830	-526.2202	-489.1548	-37.06537	43765.79	6.006081	0.993931	0.998442	1.00155	1.00608	7.095632
7840	-516.1992	-493.8907	-22.30853	424725.7	11.72017	0.99805	0.999501	1.0005	1.00195	5.188727
7850	-528.4884	-510.1305	-18.35787	364204.3	9.325157	0.997895	0.999461	1.00054	1.00211	4.898871
7860	-507.4966	-494.7056	-12.79094	992656.7	13.59557	0.998724	0.999674	1.00033	1.00128	4.302148
7870	-520.9244	-496.2916	-24.6328	924222.5	6.873413	0.998678	0.999662	1.00034	1.00132	5.367088
7880	-509.4562	-501.4855	-7.970677	29786.22	12.39241	0.992645	0.998109	1.00187	1.00737	3.968952
7890	-512.1122	-492.7777	-19.33442	173572.9	9.191561	0.996951	0.999219	1.00078	1.00305	4.999158
7900	-516.5623	-510.7841	-5.778207	507554.8	12.06679	0.998216	0.999544	1.00046	1.00178	3.787217
7910	-515.5088	-494.598	-20.91075	609309.2	9.689982	0.998372	0.999584	1.00042	1.00163	5.172339
7920	-523.2244	-503.565	-19.65937	29497.55	14.48435	0.992609	0.9981	1.00188	1.00741	4.723055
7930	-523.2564	-500.9524	-22.30404	210854.5	10.15508	0.997233	0.999292	1.00071	1.00277	5.298933
7940	-509.818	-498.552	-11.26602	157895.8	10.81377	0.996803	0.999181	1.00082	1.0032	4.23964
7950	-507.2934	-492.8182	-14.47525	768205.7	10.06069	0.99855	0.999629	1.00037	1.00145	4.52503
7960	-506.6424	-499.7958	-6.846643	700853.1	10.941	0.998482	0.999612	1.00039	1.00152	3.838608
7970	-524.9912	-499.9455	-25.04571	826430.6	8.351966	0.998602	0.999643	1.00036	1.0014	5.620719
7980	-508.0443	-498.2069	-9.837399	720170.2	11.48	0.998503	0.999617	1.00038	1.0015	4.123146
7990	-511.8228	-498.1608	-13.66203	538800.3	14.07115	0.998269	0.999557	1.00044	1.00173	4.336507
8000	-505.4476	-498.5873	-6.860254	794908.7	16.15955	0.998575	0.999635	1.00036	1.00143	3.766058
8010	-521.1378	-497.3751	-23.76264	456641.3	12.91754	0.99812	0.999519	1.00048	1.00188	5.185848
8020	-512.3408	-500.5229	-11.81785	373076.7	12.45459	0.99792	0.999468	1.00053	1.00208	4.277529
8030	-534.3662	-515.2717	-19.09458	271901.4	10.76834	0.997563	0.999376	1.00062	1.00244	4.965429
8040	-520.489	-508.7619	-11.72709	237967.4	14.01297	0.997396	0.999333	1.00066	1.00261	4.202181
8050	-511.8628	-496.9831	-14.87968	246298.8	12.00795	0.99744	0.999345	1.00065	1.00256	4.543947
8060	-514.2447	-499.1634	-15.08132	752861.8	7.589578	0.998535	0.999625	1.00037	1.00147	4.249297
8070	-520.0731	-504.6925	-15.38062	263326.9	12.04628	0.997524	0.999366	1.00063	1.00248	4.58393
8080	-512.3638	-504.6592	-7.704584	628582.2	15.01492	0.998397	0.99959	1.00041	1.0016	3.875096
8090	-518.9072	-502.9077	-15.9995	921653.7	10.51618	0.998676	0.999662	1.00034	1.00132	4.680057
8100	-519.3827	-484.5817	-34.80097	101365.9	7.585096	0.99601	0.998977	1.00102	1.004	6.847743
8110	-513.9396	-496.1897	-17.74985	363101.9	9.536026	0.997891	0.99946	1.00054	1.00211	4.84195
8120	-530.5045	-506.1566	-24.3478	689888.2	8.054424	0.99847	0.999609	1.00039	1.00153	5.519402
8130	-523.7222	-508.6912	-15.03103	338209.7	11.84618	0.997815	0.999441	1.00056	1.00219	4.563114
8140	-516.7482	-498.7366	-18.01161	418316.6	8.861213	0.998035	0.999497	1.0005	1.00197	4.833043
8150	-523.191	-495.7615	-27.42943	534520.1	8.262286	0.998262	0.999555	1.00044	1.00174	5.905766
8160	-528.0847	-503.2983	-24.7863	956897.9	8.976128	0.998701	0.999668	1.00033	1.0013	5.596563
8170	-511.0266	-500.6317	-10.39491	677686.8	15.28035	0.998456	0.999605	1.00039	1.00154	4.038859
8180	-531.9013	-512.7612	-19.14007	330462.6	10.03523	0.99779	0.999434	1.00056	1.00221	4.988985
8190	-517.3958	-502.6341	-14.76163	150132.1	11.68967	0.996721	0.99916	1.00084	1.00328	4.545814
8200	-515.9312	-506.9901	-8.941142	151717.2	10.23116	0.996739	0.999165	1.00083	1.00327	3.98915
8210	-531.9557	-514.4888	-17.46698	20950.2	11.97784	0.991232	0.997743	1.00223	1.0088	4.76119
8220	-533.0382	-518.1846	-14.85353	698328.5	9.868616	0.998479	0.999611	1.00039	1.00152	4.555708
8230	-518.1498	-499.8597	-18.29012	447494.5	10.97987	0.9981	0.999514	1.00048	1.0019	4.883007
8240	-512.2064	-505.8927	-6.313771	256488.2	11.81197	0.997491	0.999358	1.00064	1.00251	3.826419
8250	-529.4233	-511.9106	-17.51269	535834.7	10.77184	0.998264	0.999556	1.00044	1.00174	4.818435
8260	-518.8701	-509.3137	-9.556417	566163.2	12.31865	0.998311	0.999568	1.00043	1.00169	4.097926
8270	-520.9128	-497.6938	-23.21896	440081.7	8.448261	0.998085	0.99951	1.00049	1.00192	5.407348
8280	-505.768	-493.5089	-12.25912	851735.6	8.737832	0.998623	0.999648	1.00035	1.00138	4.163929
8290	-516.2083	-500.5246	-15.68375	134377.3	14.61264	0.996535	0.999112	1.00088	1.00347	4.438543
8300	-512.6398	-490.7685	-21.8713	614904.7	7.304295	0.998379	0.999586	1.00041	1.00162	5.085148
8310	-521.2553	-503.5644	-17.69093	105966.5	9.531805	0.996098	0.999	1.00099	1.00391	4.835631
8320	-528.0154	-507.7611	-20.25427	890691.6	9.04377	0.998653	0.999656	1.00034	1.00135	5.094423
8330	-514.5446	-504.3523	-10.1923	791423.7	14.85691	0.998572	0.999635	1.00036	1.00143	4.049565
8340	-522.2313	-499.1327	-23.09856	943071.6	8.164577	0.998691	0.999665	1.00033	1.00131	5.374079
8350	-521.2449	-487.6411	-33.60383	582964.8	9.420714	0.998336	0.999574	1.00042	1.00167	6.520687
8360	-532.0489	-508.4238	-23.62509	660984.1	9.606748	0.998437	0.9996	1.0004	1.00156	5.455632
8370	-518.8369	-500.4526	-18.38426	410989.3	12.51838	0.998018	0.999493	1.00051	1.00198	4.800068
8380	-527.5495	-501.4427	-26.10684	187378	6.486141	0.997065	0.999248	1.00075	1.00294	5.47075
8390	-511.9549	-497.1997	-14.75525	578338.9	14.06167	0.998329	0.999573	1.00043	1.00167	4.414866
8400	-518.6587	-495.9711	-22.68759	685652.1	9.332504	0.998465	0.999608	1.00039	1.00154	5.3631
8410	-531.0014	-508.4993	-22.5021	522735.5	8.441454	0.998242	0.99955	1.00045	1.00176	5.322078
8420	-520.4115	-506.1857	-14.22581	566717.1	11.03516	0.998312	0.999568	1.00043	1.00169	4.512448
8430	-514.8042	-500.1382	-14.66598	855996.2	12.69237	0.998626	0.999649	1.00035	1.00137	4.494035
8440	-524.6604	-506.5173	-18.1431	747789.3	10.89537	0.99853	0.999624	1.00038	1.00147	4.872772
8450	-523.6385	-501.9695	-21.669	301193	9.443472	0.997685	0.999407	1.00059	1.00232	5.253703
8460	-523.4141	-501.885	-21.52905	191231.5	9.491059	0.997095	0.999256	1.00074	1.00291	5.238624
8470	-538.6853	-500.6219	-38.06347	539748.4	6.599289	0.99827	0.999558	1.00044	1.00173	7.318979
8480	-521.2689	-500.0483	-21.22054	341777.8	9.960173	0.997827	0.999444	1.00055	1.00218	5.198525
8490	-537.9849	-510.9187	-27.06629	136931.9	9.069688	0.996567	0.999121	1.00088	1.00344	5.84646
8500	-509.0965	-499.0151	-10.08141	482654.1	12.12049	0.998171	0.999532	1.00047	1.00183	4.14327
8510	-517.731	-495.9942	-21.73687	964898.8	8.826797	0.998706	0.999669	1.00033	1.00129	5.252223
8520	-513.7678	-496.0684	-17.69937	802091.3	8.399002	0.998581	0.999637	1.00036	1.00142	4.747555
8530	-526.754	-499.5402	-27.21381	267528.7	6.764866	0.997544	0.999371	1.00063	1.00246	5.717939
8540	-523.681	-498.0062	-25.67481	469711.4	8.894232	0.998146	0.999526	1.00047	1.00186	5.697277
8550	-523.0899	-510.7231	-12.36678	751548.5	11.2717	0.998534	0.999625	1.00037	1.00147	4.344587
8560	-535.5419	-503.5633	-31.97861	361536.4	9.689912	0.997887	0.999459	1.00054	1.00211	6.314543
8570	-526.4969	-507.9219	-18.57502	677984	9.75616	0.998457	0.999605	1.00039	1.00154	4.932066
8580	-529.3693	-510.6866	-18.68272	321699	8.971522	0.99776	0.999427	1.00057	1.00224	4.916293
8590	-522.0094	-505.6003	-16.40908	577162	10.63097	0.998327	0.999572	1.00043	1.00167	4.717972
8600	-523.2545	-508.8918	-14.36273	477196.6	9.438662	0.998161	0.999529	1.00047	1.00184	4.479652
8610	-513.9422	-504.4627	-9.479518	821602.6	11.45481	0.998598	0.999641	1.00036	1.0014	4.09163
8620	-520.1687	-513.5608	-6.607956	977895.3	11.63903	0.998715	0.999671	1.00033	1.00129	3.846893
8630	-529.1737	-511.1278	-18.04596	231214.7	12.70366	0.997358	0.999324	1.00067	1.00264	4.759495
8640	-522.0606	-513.0136	-9.046993	220147.8	12.72186	0.997292	0.999307	1.00069	1.00271	4.050777
8650	-527.2926	-504.9539	-22.33874	99147.95	9.321162	0.995966	0.998966	1.00103	1.00404	5.32579
8660	-529.443	-501.6594	-27.78364	280062.9	9.160087	0.997599	0.999385	1.00061	1.0024	5.92032
8670	-520.0552	-495.4639	-24.5913	546950.1	9.581512	0.998282	0.99956	1.00044	1.00172	5.557368
8680	-529.7672	-498.488	-31.2792	173519.1	10.30502	0.99695	0.999219	1.00078	1.00305	6.162411
8690	-513.3582	-496.9386	-16.41955	616104.6	8.999407	0.998381	0.999586	1.00041	1.00162	4.666547
8700	-517.8997	-497.5942	-20.30549	36073.88	11.49059	0.993315	0.998283	1.0017	1.0067	5.034268
8710	-514.2047	-503.0512	-11.15348	440683.9	12.35718	0.998086	0.99951	1.00049	1.00192	4.226655
8720	-510.4087	-505.9907	-4.417952	575523.7	15.31894	0.998325	0.999572	1.00043	1.00168	3.64641
8730	-508.6112	-497.5788	-11.03242	911878.3	11.37123	0.998669	0.99966	1.00034	1.00133	4.226893
8740	-505.4765	-488.5428	-16.93369	599207	12.548	0.998358	0.99958	1.00042	1.00164	4.682269
8750	-513.7327	-497.0462	-16.68648	276898.8	11.05504	0.997585	0.999382	1.00062	1.00242	4.73486
8760	-520.361	-493.4817	-26.87934	283783.4	6.565127	0.997615	0.99939	1.00061	1.00239	5.61422
8770	-516.8172	-489.9409	-26.87636	752154.8	8.157946	0.998535	0.999625	1.00037	1.00147	5.836613
8780	-509.6991	-494.0304	-15.66868	810032.5	12.34656	0.998588	0.999639	1.00036	1.00141	4.592616
8790	-509.2986	-485.7167	-23.58192	392873.1	9.019233	0.997973	0.999481	1.00052	1.00203	5.462414
8800	-525.933	-496.3231	-29.60996	619800.5	8.684876	0.998386	0.999587	1.00041	1.00162	6.152663
8810	-514.9048	-503.5072	-11.39753	739828	13.97495	0.998523	0.999622	1.00038	1.00148	4.18066
8820	-516.2007	-494.7686	-21.43214	791143.1	9.085538	0.998571	0.999635	1.00036	1.00143	5.22559
8830	-514.3646	-495.6099	-18.75463	383041.5	9.03712	0.997947	0.999475	1.00052	1.00205	4.928226
8840	-513.0268	-491.3067	-21.72016	647912.7	9.813864	0.998421	0.999596	1.0004	1.00158	5.253015
8850	-510.199	-492.1118	-18.08724	48590.06	11.07139	0.994239	0.998521	1.00147	1.00577	4.860901
8860	-513.4576	-496.5819	-16.87567	826621.4	9.643378	0.998602	0.999643	1.00036	1.0014	4.754375
8870	-510.202	-494.4407	-15.76128	204979.3	11.43793	0.997194	0.999282	1.00072	1.00281	4.640592
8880	-522.2779	-500.4862	-21.79176	427755.4	10.78945	0.998057	0.999503	1.0005	1.00194	5.214563
8890	-518.317	-503.9803	-14.33672	281421.7	10.56747	0.997605	0.999387	1.00061	1.0024	4.522503
8900	-528.6089	-513.8631	-14.74587	764940.3	9.98747	0.998547	0.999628	1.00037	1.00145	4.549467
8910	-523.5302	-510.081	-13.44916	792063	11.17978	0.998572	0.999635	1.00036	1.00143	4.441415
8920	-524.3328	-506.8902	-17.44257	646025.4	10.98144	0.998419	0.999596	1.0004	1.00158	4.805764
8930	-517.9278	-505.4296	-12.49815	665841.8	11.89015	0.998443	0.999602	1.0004	1.00156	4.348367
8940	-525.9813	-495.6867	-30.29457	435992.8	8.845655	0.998076	0.999508	1.00049	1.00193	6.220351
8950	-521.0064	-496.4433	-24.56313	233957.2	9.512797	0.997373	0.999328	1.00067	1.00263	5.557408
8960	-523.4504	-497.4746	-25.97579	706188.8	8.090542	0.998488	0.999613	1.00039	1.00151	5.723295
8970	-522.8584	-495.5457	-27.31263	339877.2	9.169699	0.997821	0.999442	1.00056	1.00218	5.868373
8980	-513.3941	-486.9381	-26.45605	724105	6.67846	0.998507	0.999618	1.00038	1.00149	5.582875
8990	-515.642	-497.4557	-18.18626	591600.2	9.65894	0.998348	0.999577	1.00042	1.00165	4.890592
9000	-506.2127	-495.3639	-10.84881	742745.8	11.92229	0.998525	0.999623	1.00038	1.00148	4.209312
9010	-516.021	-494.2772	-21.74383	843347.3	9.277878	0.998616	0.999646	1.00035	1.00138	5.261862
9020	-511.8272	-492.0595	-19.76762	871375.2	13.27466	0.998639	0.999652	1.00035	1.00136	4.844779
9030	-511.4036	-502.5954	-8.808268	671946.4	12.84967	0.99845	0.999604	1.0004	1.00155	4.029594
9040	-506.136	-488.4746	-17.66143	56719.39	11.08029	0.994668	0.998632	1.00136	1.00534	4.822105
9050	-512.3264	-487.5715	-24.75482	384521.3	9.348931	0.997951	0.999476	1.00052	1.00205	5.584038
9060	-519.1611	-496.18	-22.98103	962766.5	9.7693	0.998705	0.999669	1.00033	1.0013	5.383195
9070	-509.994	-499.1702	-10.82374	833088.2	11.68894	0.998608	0.999644	1.00036	1.00139	4.208948
9080	-520.8509	-500.8681	-19.98279	758655.6	8.698324	0.998541	0.999627	1.00037	1.00146	5.045129
9090	-513.0099	-496.4811	-16.52883	605075.9	10.71825	0.998366	0.999582	1.00042	1.00163	4.728003
9100	-522.8316	-490.8592	-31.97241	761852.6	8.479751	0.998544	0.999628	1.00037	1.00146	6.441178
9110	-515.8992	-498.3993	-17.49996	580917.5	10.11379	0.998333	0.999574	1.00043	1.00167	4.825835
9120	-527.0008	-503.6777	-23.32316	867633.2	8.922414	0.998636	0.999651	1.00035	1.00136	5.433167
9130	-506.1072	-490.5598	-15.54744	924926.1	9.764991	0.998679	0.999662	1.00034	1.00132	4.622105
9140	-534.1592	-510.0573	-24.10188	879479.8	10.2149	0.998645	0.999653	1.00035	1.00136	5.472057
9150	-522.4827	-509.3569	-13.12574	691658.7	9.322435	0.998472	0.999609	1.00039	1.00153	4.337521
9160	-528.3633	-506.4471	-21.91624	947817.8	10.30946	0.998695	0.999666	1.00033	1.00131	5.253611
9170	-518.804	-499.8963	-18.90765	728335.3	9.807735	0.998511	0.999619	1.00038	1.00149	4.96641
9180	-532.2131	-512.8864	-19.32663	437875.6	10.92216	0.99808	0.999509	1.00049	1.00192	4.980156
9190	-515.4315	-504.9237	-10.50778	660357.4	9.779595	0.998436	0.9996	1.0004	1.00156	4.107373
9200	-524.8085	-492.7617	-32.0468	378034	10.12974	0.997933	0.999471	1.00053	1.00207	6.261908
9210	-521.153	-506.225	-14.928	120701.8	11.65192	0.996344	0.999063	1.00093	1.00366	4.56131
9220	-519.1911	-505.8107	-13.38043	260261.8	10.57741	0.99751	0.999363	1.00064	1.00249	4.43219
9230	-522.0701	-504.1627	-17.90741	872329.6	11.05364	0.998639	0.999652	1.00035	1.00136	4.845356
9240	-513.0365	-496.0985	-16.93802	368934.2	10.19956	0.997908	0.999465	1.00053	1.00209	4.770703
9250	-505.1664	-491.9769	-13.18951	250902.7	12.92283	0.997464	0.999351	1.00065	1.00254	4.367086
9260	-504.1542	-496.8265	-7.327649	325098.7	13.0825	0.997772	0.99943	1.00057	1.00223	3.911147
9270	-500.9014	-493.6039	-7.297578	729473.8	12.70822	0.998512	0.999619	1.00038	1.00149	3.913374
9280	-520.5123	-494.9687	-25.54357	154382.9	9.086201	0.996767	0.999172	1.00082	1.00324	5.678096
9290	-514.3624	-496.1245	-18.23789	219051.7	13.04257	0.997285	0.999305	1.00069	1.00272	4.748291
9300	-522.3861	-499.685	-22.70112	754852.4	9.511602	0.998537	0.999626	1.00037	1.00146	5.361696
9310	-522.6717	-495.7797	-26.892	255894.8	8.527068	0.997488	0.999357	1.00064	1.00251	5.841809
9320	-521.0317	-503.2776	-17.75405	245313.8	13.46927	0.997435	0.999343	1.00065	1.00257	4.677501
9330	-525.522	-507.2508	-18.27117	34086.86	12.33478	0.993124	0.998233	1.00175	1.00689	4.804234
9340	-524.6427	-510.6349	-14.00778	54970.39	12.97208	0.994584	0.99861	1.00138	1.00543	4.427781
9350	-532.096	-509.103	-22.99302	553207.1	7.562114	0.998292	0.999563	1.00044	1.00171	5.287235
9360	-526.7527	-505.0071	-21.74562	185770.3	8.818634	0.997052	0.999245	1.00075	1.00295	5.252911
9370	-530.9134	-508.977	-21.93646	564674	10.71847	0.998309	0.999567	1.00043	1.00169	5.232514
9380	-520.3602	-507.4026	-12.95761	960275.2	11.55035	0.998703	0.999668	1.00033	1.0013	4.39393
9390	-514.0312	-507.7638	-6.267372	950136.8	10.4893	0.998696	0.999667	1.00033	1.0013	3.752304
9400	-527.275	-508.6827	-18.59231	296859.8	8.936578	0.997668	0.999403	1.00059	1.00233	4.90391
9410	-524.2536	-501.8758	-22.37772	954324.2	10.96333	0.998699	0.999667	1.00033	1.0013	5.256505
9420	-544.0986	-526.6529	-17.4457	273712.9	10.47233	0.997571	0.999378	1.00062	1.00243	4.818239
9430	-525.365	-506.8023	-18.56268	543259.3	12.13006	0.998276	0.999559	1.00044	1.00173	4.842356
9440	-532.6364	-511.1839	-21.45244	418100.1	8.118864	0.998035	0.999497	1.0005	1.00197	5.167442
9450	-523.754	-495.6768	-28.07718	774989.3	9.057735	0.998556	0.999631	1.00037	1.00144	5.958619
9460	-521.8049	-504.9382	-16.86679	113306.2	11.41702	0.996226	0.999033	1.00096	1.00378	4.738114
9470	-520.9168	-508.0149	-12.90196	67129.96	11.62022	0.995098	0.998743	1.00125	1.00491	4.387988
9480	-509.3424	-503.4991	-5.843368	175789.7	11.21513	0.99697	0.999224	1.00077	1.00303	3.762969
9490	-517.6216	-509.6085	-8.013049	905899.1	10.92923	0.998665	0.999659	1.00034	1.00134	3.944658
9500	-524.0467	-504.7574	-19.28933	712655.7	13.33348	0.998495	0.999615	1.00038	1.00151	4.803563
9510	-516.738	-489.4942	-27.24377	530132.7	8.092015	0.998255	0.999554	1.00045	1.00175	5.880059
9520	-514.9233	-497.978	-16.94536	635802.8	9.925369	0.998406	0.999592	1.00041	1.00159	4.768736
9530	-512.9439	-497.4363	-15.50764	763593.5	14.12625	0.998546	0.999628	1.00037	1.00145	4.463573
9540	-528.202	-499.5465	-28.65553	274198.4	10.1573	0.997574	0.999379	1.00062	1.00243	5.924142
9550	-511.7406	-493.6492	-18.09143	487117.4	11.22561	0.998179	0.999534	1.00046	1.00182	4.854595
9560	-518.1616	-505.5624	-12.59925	208152.8	12.80029	0.997215	0.999287	1.00071	1.00279	4.326733
9570	-527.997	-499.0096	-28.98741	540813.1	9.39336	0.998272	0.999558	1.00044	1.00173	6.033015
9580	-519.9269	-502.5987	-17.32818	438440.5	10.48368	0.998081	0.999509	1.00049	1.00192	4.806865
9590	-512.0603	-498.7117	-13.34858	580102.1	13.54344	0.998332	0.999573	1.00043	1.00167	4.346185
9600	-513.2388	-497.8214	-15.41737	828741.8	9.937473	0.998604	0.999643	1.00036	1.0014	4.615179
9610	-500.8155	-488.406	-12.40951	975209.8	12.61174	0.998713	0.999671	1.00033	1.00129	4.319355
9620	-513.2392	-497.8763	-15.36288	96870.79	11.92253	0.995919	0.998954	1.00104	1.00409	4.587926
9630	-513.9095	-490.3842	-23.52531	839215.5	8.877578	0.998613	0.999645	1.00035	1.00139	5.455446
9640	-512.4062	-496.4997	-15.9065	824174.4	11.23737	0.9986	0.999642	1.00036	1.0014	4.659622
9650	-509.0578	-490.6075	-18.45026	717715.7	11.88668	0.9985	0.999616	1.00038	1.0015	4.849181
9660	-521.9569	-498.4911	-23.46577	997402.3	7.842734	0.998728	0.999675	1.00032	1.00127	5.388117
9670	-508.2554	-497.2838	-10.97165	146192.2	12.85822	0.996678	0.999149	1.00085	1.00333	4.197668
9680	-508.1751	-494.4365	-13.73866	994740	9.876097	0.998726	0.999674	1.00033	1.00127	4.443134
9690	-527.4671	-498.1832	-29.28394	79433.21	6.543506	0.995494	0.998844	1.00115	1.00451	5.9752
9700	-519.594	-499.8991	-19.69488	139051.8	9.654293	0.996593	0.999127	1.00087	1.00341	5.046765
9710	-517.1043	-504.8685	-12.23579	892787.2	13.67096	0.998655	0.999656	1.00034	1.00135	4.257342
9720	-514.0516	-507.9046	-6.147012	645038.8	12.60168	0.998418	0.999595	1.0004	1.00158	3.822776
9730	-513.3147	-501.3067	-12.00798	850171.1	13.062	0.998622	0.999648	1.00035	1.00138	4.269793
9740	-514.0217	-501.746	-12.27568	245094.7	17.08165	0.997434	0.999343	1.00065	1.00257	4.03468
9750	-509.8404	-498.3908	-11.44958	203689.2	9.987877	0.997185	0.999279	1.00072	1.00282	4.219452
9760	-528.3314	-508.5144	-19.81699	277862.5	11.68902	0.99759	0.999383	1.00061	1.00241	4.978324
9770	-523.9475	-503.4105	-20.53696	903213.4	13.79308	0.998663	0.999658	1.00034	1.00134	4.852596
9780	-506.7223	-495.2639	-11.45834	925231.9	10.29947	0.998679	0.999662	1.00034	1.00132	4.238718
9790	-518.8863	-494.8181	-24.06822	972986	8.833404	0.998712	0.999671	1.00033	1.00129	5.516389
9800	-527.5935	-502.0787	-25.51476	923019	9.970777	0.998677	0.999662	1.00034	1.00132	5.628907
9810	-520.2391	-503.8858	-16.35328	923141.3	12.68629	0.998677	0.999662	1.00034	1.00132	4.62736
9820	-524.2239	-503.5505	-20.67335	713375.3	10.5714	0.998495	0.999615	1.00038	1.00151	5.121954
9830	-523.1834	-493.6199	-29.56356	659987.7	8.360689	0.998436	0.9996	1.0004	1.00157	6.161382
9840	-529.1608	-499.9085	-29.25225	512979.1	7.796096	0.998226	0.999546	1.00045	1.00178	6.124758
9850	-532.9919	-503.5361	-29.45582	38880.05	9.886696	0.993561	0.998346	1.00164	1.00645	6.033417
9860	-516.9087	-499.9519	-16.95684	101808	10.57701	0.996019	0.99898	1.00101	1.00399	4.770313
9870	-523.6824	-501.072	-22.61039	940188.9	10.87757	0.998689	0.999665	1.00033	1.00131	5.284096
9880	-525.7786	-501.0637	-24.71481	409644.1	9.116316	0.998015	0.999492	1.00051	1.00199	5.58628
9890	-517.2837	-496.2991	-20.98464	841183.9	10.71044	0.998614	0.999646	1.00035	1.00139	5.14415
9900	-520.1583	-498.1382	-22.02013	763549	10.01471	0.998546	0.999628	1.00037	1.00146	5.276776
9910	-520.2502	-493.401	-26.84919	184745.2	9.408017	0.997044	0.999243	1.00075	1.00296	5.80448
9920	-530.7318	-503.7276	-27.00417	242192.2	10.32127	0.997418	0.999339	1.00066	1.00258	5.745985
9930	-520.5119	-497.8332	-22.67871	561284.9	9.04534	0.998304	0.999566	1.00043	1.0017	5.362514
9940	-528.0773	-505.9537	-22.12358	256860	10.72451	0.997493	0.999358	1.00064	1.00251	5.249582
9950	-505.4583	-498.9006	-6.557729	903870.8	14.22385	0.998663	0.999658	1.00034	1.00134	3.827042
9960	-514.072	-500.8712	-13.20087	344297.7	8.499536	0.997835	0.999446	1.00055	1.00217	4.231166
9970	-528.3292	-503.3916	-24.93761	242552.2	8.998179	0.99742	0.99934	1.00066	1.00258	5.61308
9980	-518.0957	-492.7076	-25.38807	860640.2	10.27546	0.99863	0.99965	1.00035	1.00137	5.593137
9990	-515.7968	-496.7146	-19.08218	313505.7	8.63754	0.997731	0.999419	1.00058	1.00227	4.936368
10000	-519.6479	-500.141	-19.50687	450604.6	10.56053	0.998107	0.999516	1.00048	1.00189	5.012007
